#! /usr/local/iverilog/bin/vvp
:ivl_version "11.0 (devel)" "(s20150603-642-g3bdb50da)";
:ivl_delay_selection "TYPICAL";
:vpi_time_precision + 0;
:vpi_module "system";
:vpi_module "vhdl_sys";
:vpi_module "vhdl_textio";
:vpi_module "v2005_math";
:vpi_module "va_math";
S_0000000001097040 .scope module, "top" "top" 2 1;
 .timescale 0 0;
    .port_info 0 /INPUT 1 "ain";
    .port_info 1 /INPUT 1 "bin";
    .port_info 2 /OUTPUT 1 "cout";
o0000000000f33cd8 .functor BUFZ 1, C4<z>; HiZ drive
o0000000000f33d08 .functor BUFZ 1, C4<z>; HiZ drive
L_00000000010973b0 .functor AND 1, o0000000000f33cd8, o0000000000f33d08, C4<1>, C4<1>;
v00000000010971d0_0 .net "ain", 0 0, o0000000000f33cd8;  0 drivers
v0000000001097270_0 .net "bin", 0 0, o0000000000f33d08;  0 drivers
v0000000001097310_0 .net "cout", 0 0, L_00000000010973b0;  1 drivers
# The file index is used to find the file name in the following table.
:file_names 3;
    "N/A";
    "<interactive>";
    "top.v";
