#! /usr/local/bin/vvp
:ivl_version "10.3 (stable)" "(v10_3-19-gfc7d604e)";
:ivl_delay_selection "TYPICAL";
:vpi_time_precision - 10;
:vpi_module "system";
:vpi_module "vhdl_sys";
:vpi_module "v2005_math";
:vpi_module "va_math";
S_0x560b8b975030 .scope module, "tbtop" "tbtop" 2 3;
 .timescale -9 -10;
v0x560b8b9b13e0_0 .var "clock", 0 0;
v0x560b8b9b14a0_0 .var "counter", 7 0;
v0x560b8b9b1580_0 .net "testHEX0", 7 0, v0x560b8b9adc80_0;  1 drivers
v0x560b8b9b1670_0 .net "testHEX1", 7 0, v0x560b8b9ae260_0;  1 drivers
v0x560b8b9b1780_0 .net "testHEX2", 7 0, v0x560b8b9ae890_0;  1 drivers
o0x7f204c20ddf8 .functor BUFZ 8, C4<zzzzzzzz>; HiZ drive
v0x560b8b9b18e0_0 .net "testHEX3", 7 0, o0x7f204c20ddf8;  0 drivers
v0x560b8b9b19c0_0 .net "testHEX4", 7 0, v0x560b8b9aee40_0;  1 drivers
v0x560b8b9b1ad0_0 .net "testHEX5", 7 0, v0x560b8b9af460_0;  1 drivers
v0x560b8b9b1be0_0 .var "testKEY", 1 0;
v0x560b8b9b1ca0_0 .net "testLED", 9 0, L_0x560b8b9c1df0;  1 drivers
v0x560b8b9b1d40_0 .var "testSW", 9 0;
S_0x560b8b9751b0 .scope module, "DUT" "top" 2 17, 3 1 0, S_0x560b8b975030;
 .timescale 0 0;
    .port_info 0 /INPUT 1 "ADC_CLK_10"
    .port_info 1 /INPUT 10 "SW"
    .port_info 2 /INPUT 2 "KEY"
    .port_info 3 /OUTPUT 8 "HEX0"
    .port_info 4 /OUTPUT 8 "HEX1"
    .port_info 5 /OUTPUT 8 "HEX2"
    .port_info 6 /OUTPUT 8 "HEX4"
    .port_info 7 /OUTPUT 8 "HEX5"
    .port_info 8 /OUTPUT 10 "LEDR"
v0x560b8b9afec0_0 .net "ADC_CLK_10", 0 0, v0x560b8b9b13e0_0;  1 drivers
v0x560b8b9aff80_0 .net "HEX0", 7 0, v0x560b8b9adc80_0;  alias, 1 drivers
v0x560b8b9b0050_0 .net "HEX1", 7 0, v0x560b8b9ae260_0;  alias, 1 drivers
v0x560b8b9b0150_0 .net "HEX2", 7 0, v0x560b8b9ae890_0;  alias, 1 drivers
v0x560b8b9b0220_0 .net "HEX4", 7 0, v0x560b8b9aee40_0;  alias, 1 drivers
v0x560b8b9b0310_0 .net "HEX5", 7 0, v0x560b8b9af460_0;  alias, 1 drivers
v0x560b8b9b03e0_0 .net "KEY", 1 0, v0x560b8b9b1be0_0;  1 drivers
v0x560b8b9b0480_0 .net "LEDR", 9 0, L_0x560b8b9c1df0;  alias, 1 drivers
v0x560b8b9b0560_0 .net "SW", 9 0, v0x560b8b9b1d40_0;  1 drivers
v0x560b8b9b0640_0 .net *"_s18", 0 0, L_0x560b8b9c21b0;  1 drivers
L_0x7f204c1a8018 .functor BUFT 1, C4<000000000>, C4<0>, C4<0>, C4<0>;
v0x560b8b9b0720_0 .net/2u *"_s2", 8 0, L_0x7f204c1a8018;  1 drivers
v0x560b8b9b0800_0 .net *"_s23", 0 0, L_0x560b8b9c2250;  1 drivers
v0x560b8b9b08e0_0 .net *"_s8", 0 0, v0x560b8b9b0f90_0;  1 drivers
v0x560b8b9b09c0_0 .net "clock", 0 0, v0x560b8b9afb90_0;  1 drivers
v0x560b8b9b0a60_0 .net "counter1", 3 0, v0x560b8b98c180_0;  1 drivers
v0x560b8b9b0b20_0 .net "counter10", 3 0, v0x560b8b98c5a0_0;  1 drivers
v0x560b8b9b0c30_0 .var "divide_by", 31 0;
v0x560b8b9b0cf0_0 .net "hexDay1", 3 0, v0x560b8b9ad4f0_0;  1 drivers
v0x560b8b9b0de0_0 .net "hexDay10", 3 0, v0x560b8b9ad590_0;  1 drivers
v0x560b8b9b0ea0_0 .net "hexMonth", 3 0, v0x560b8b9ad6c0_0;  1 drivers
v0x560b8b9b0f90_0 .var "ledValue", 0 0;
v0x560b8b9b1050_0 .net "segCounter10", 3 0, v0x560b8b9aceb0_0;  1 drivers
v0x560b8b9b1160_0 .net "segDay10", 3 0, v0x560b8b9ad7a0_0;  1 drivers
E_0x560b8b964f50 .event negedge, L_0x560b8b9c2250, v0x560b8b98c640_0;
E_0x560b8b965590 .event negedge, L_0x560b8b9c21b0, v0x560b8b98c640_0;
L_0x560b8b9c1df0 .concat8 [ 1 9 0 0], v0x560b8b9b0f90_0, L_0x7f204c1a8018;
L_0x560b8b9c1f30 .part v0x560b8b9b1be0_0, 0, 1;
L_0x560b8b9c2020 .part v0x560b8b9b1d40_0, 9, 1;
L_0x560b8b9c2110 .part v0x560b8b9b1be0_0, 0, 1;
L_0x560b8b9c21b0 .part v0x560b8b9b1be0_0, 0, 1;
L_0x560b8b9c2250 .part v0x560b8b9b1be0_0, 1, 1;
S_0x560b8b970610 .scope module, "C0" "counter" 3 29, 4 1 0, S_0x560b8b9751b0;
 .timescale 0 0;
    .port_info 0 /INPUT 1 "clock"
    .port_info 1 /INPUT 1 "reset_n"
    .port_info 2 /OUTPUT 4 "c10"
    .port_info 3 /OUTPUT 4 "c1"
    .port_info 4 /OUTPUT 4 "sC10"
v0x560b8b98c180_0 .var "c1", 3 0;
v0x560b8b98c5a0_0 .var "c10", 3 0;
v0x560b8b98c640_0 .net "clock", 0 0, v0x560b8b9afb90_0;  alias, 1 drivers
v0x560b8b9acdf0_0 .net "reset_n", 0 0, L_0x560b8b9c1f30;  1 drivers
v0x560b8b9aceb0_0 .var "sC10", 3 0;
E_0x560b8b9647b0 .event negedge, v0x560b8b9acdf0_0, v0x560b8b98c640_0;
S_0x560b8b9ad080 .scope module, "Cal0" "calendar" 3 31, 5 1 0, S_0x560b8b9751b0;
 .timescale 0 0;
    .port_info 0 /INPUT 1 "switch"
    .port_info 1 /INPUT 4 "counter10"
    .port_info 2 /INPUT 4 "counter1"
    .port_info 3 /OUTPUT 4 "hexMonth"
    .port_info 4 /OUTPUT 4 "dayCounter10"
    .port_info 5 /OUTPUT 4 "segDay10"
    .port_info 6 /OUTPUT 4 "dayCounter1"
v0x560b8b9ad290_0 .var "binary_c", 6 0;
v0x560b8b9ad390_0 .net "counter1", 3 0, v0x560b8b98c180_0;  alias, 1 drivers
v0x560b8b9ad450_0 .net "counter10", 3 0, v0x560b8b98c5a0_0;  alias, 1 drivers
v0x560b8b9ad4f0_0 .var "dayCounter1", 3 0;
v0x560b8b9ad590_0 .var "dayCounter10", 3 0;
v0x560b8b9ad6c0_0 .var "hexMonth", 3 0;
v0x560b8b9ad7a0_0 .var "segDay10", 3 0;
v0x560b8b9ad880_0 .net "switch", 0 0, L_0x560b8b9c2020;  1 drivers
E_0x560b8b98c220 .event edge, v0x560b8b98c5a0_0, v0x560b8b98c180_0;
S_0x560b8b9ada20 .scope module, "H0" "sevenSeg" 3 34, 6 2 0, S_0x560b8b9751b0;
 .timescale 0 0;
    .port_info 0 /INPUT 4 "val"
    .port_info 1 /OUTPUT 8 "seg"
    .port_info 2 /OUTPUT 8 "seg1"
v0x560b8b9adc80_0 .var "seg", 7 0;
v0x560b8b9add80_0 .var "seg1", 7 0;
v0x560b8b9ade60_0 .net "val", 3 0, v0x560b8b9ad4f0_0;  alias, 1 drivers
E_0x560b8b964670 .event edge, v0x560b8b9ad4f0_0;
S_0x560b8b9adfc0 .scope module, "H1" "sevenSeg" 3 35, 6 2 0, S_0x560b8b9751b0;
 .timescale 0 0;
    .port_info 0 /INPUT 4 "val"
    .port_info 1 /OUTPUT 8 "seg"
    .port_info 2 /OUTPUT 8 "seg1"
v0x560b8b9ae260_0 .var "seg", 7 0;
v0x560b8b9ae360_0 .var "seg1", 7 0;
v0x560b8b9ae440_0 .net "val", 3 0, v0x560b8b9ad7a0_0;  alias, 1 drivers
E_0x560b8b9ae1e0 .event edge, v0x560b8b9ad7a0_0;
S_0x560b8b9ae5a0 .scope module, "H2" "sevenSeg" 3 36, 6 2 0, S_0x560b8b9751b0;
 .timescale 0 0;
    .port_info 0 /INPUT 4 "val"
    .port_info 1 /OUTPUT 8 "seg"
    .port_info 2 /OUTPUT 8 "seg1"
v0x560b8b9ae890_0 .var "seg", 7 0;
v0x560b8b9ae990_0 .var "seg1", 7 0;
v0x560b8b9aea70_0 .net "val", 3 0, v0x560b8b9ad6c0_0;  alias, 1 drivers
E_0x560b8b9ae810 .event edge, v0x560b8b9ad6c0_0;
S_0x560b8b9aeba0 .scope module, "H4" "sevenSeg" 3 38, 6 2 0, S_0x560b8b9751b0;
 .timescale 0 0;
    .port_info 0 /INPUT 4 "val"
    .port_info 1 /OUTPUT 8 "seg"
    .port_info 2 /OUTPUT 8 "seg1"
v0x560b8b9aee40_0 .var "seg", 7 0;
v0x560b8b9aef40_0 .var "seg1", 7 0;
v0x560b8b9af020_0 .net "val", 3 0, v0x560b8b98c180_0;  alias, 1 drivers
E_0x560b8b9aedc0 .event edge, v0x560b8b98c180_0;
S_0x560b8b9af1c0 .scope module, "H5" "sevenSeg" 3 39, 6 2 0, S_0x560b8b9751b0;
 .timescale 0 0;
    .port_info 0 /INPUT 4 "val"
    .port_info 1 /OUTPUT 8 "seg"
    .port_info 2 /OUTPUT 8 "seg1"
v0x560b8b9af460_0 .var "seg", 7 0;
v0x560b8b9af560_0 .var "seg1", 7 0;
v0x560b8b9af640_0 .net "val", 3 0, v0x560b8b9aceb0_0;  alias, 1 drivers
E_0x560b8b9af3e0 .event edge, v0x560b8b9aceb0_0;
S_0x560b8b9af770 .scope module, "U0" "clockDivider" 3 41, 7 1 0, S_0x560b8b9751b0;
 .timescale 0 0;
    .port_info 0 /INPUT 1 "clock_in"
    .port_info 1 /INPUT 1 "reset_n"
    .port_info 2 /INPUT 32 "divide_by"
    .port_info 3 /OUTPUT 1 "clock_out"
v0x560b8b9af9d0_0 .var "clock_divider", 22 0;
v0x560b8b9afad0_0 .net "clock_in", 0 0, v0x560b8b9b13e0_0;  alias, 1 drivers
v0x560b8b9afb90_0 .var "clock_out", 0 0;
v0x560b8b9afc90_0 .net "divide_by", 31 0, v0x560b8b9b0c30_0;  1 drivers
v0x560b8b9afd30_0 .net "reset_n", 0 0, L_0x560b8b9c2110;  1 drivers
E_0x560b8b9af970/0 .event negedge, v0x560b8b9afd30_0;
E_0x560b8b9af970/1 .event posedge, v0x560b8b9afad0_0;
E_0x560b8b9af970 .event/or E_0x560b8b9af970/0, E_0x560b8b9af970/1;
    .scope S_0x560b8b970610;
T_0 ;
    %pushi/vec4 0, 0, 4;
    %store/vec4 v0x560b8b98c180_0, 0, 4;
    %pushi/vec4 0, 0, 4;
    %store/vec4 v0x560b8b98c5a0_0, 0, 4;
    %pushi/vec4 15, 0, 4;
    %store/vec4 v0x560b8b9aceb0_0, 0, 4;
    %end;
    .thread T_0;
    .scope S_0x560b8b970610;
T_1 ;
    %wait E_0x560b8b9647b0;
    %load/vec4 v0x560b8b9acdf0_0;
    %inv;
    %flag_set/vec4 8;
    %jmp/0xz  T_1.0, 8;
    %pushi/vec4 1, 0, 4;
    %assign/vec4 v0x560b8b98c180_0, 0;
    %pushi/vec4 0, 0, 4;
    %assign/vec4 v0x560b8b98c5a0_0, 0;
    %pushi/vec4 15, 0, 4;
    %assign/vec4 v0x560b8b9aceb0_0, 0;
    %jmp T_1.1;
T_1.0 ;
    %load/vec4 v0x560b8b98c180_0;
    %cmpi/ne 9, 0, 4;
    %jmp/0xz  T_1.2, 4;
    %load/vec4 v0x560b8b98c180_0;
    %addi 1, 0, 4;
    %assign/vec4 v0x560b8b98c180_0, 0;
    %jmp T_1.3;
T_1.2 ;
    %load/vec4 v0x560b8b98c5a0_0;
    %cmpi/ne 9, 0, 4;
    %jmp/0xz  T_1.4, 4;
    %pushi/vec4 0, 0, 4;
    %assign/vec4 v0x560b8b98c180_0, 0;
    %load/vec4 v0x560b8b98c5a0_0;
    %addi 1, 0, 4;
    %assign/vec4 v0x560b8b98c5a0_0, 0;
    %load/vec4 v0x560b8b98c5a0_0;
    %addi 1, 0, 4;
    %assign/vec4 v0x560b8b9aceb0_0, 0;
    %jmp T_1.5;
T_1.4 ;
    %pushi/vec4 1, 0, 4;
    %assign/vec4 v0x560b8b98c180_0, 0;
    %pushi/vec4 0, 0, 4;
    %assign/vec4 v0x560b8b98c5a0_0, 0;
    %pushi/vec4 15, 0, 4;
    %assign/vec4 v0x560b8b9aceb0_0, 0;
T_1.5 ;
T_1.3 ;
T_1.1 ;
    %jmp T_1;
    .thread T_1;
    .scope S_0x560b8b9ad080;
T_2 ;
    %wait E_0x560b8b98c220;
    %load/vec4 v0x560b8b9ad390_0;
    %pad/u 7;
    %load/vec4 v0x560b8b9ad450_0;
    %pad/u 7;
    %muli 10, 0, 7;
    %add;
    %store/vec4 v0x560b8b9ad290_0, 0, 7;
    %load/vec4 v0x560b8b9ad290_0;
    %pad/u 32;
    %cmpi/u 31, 0, 32;
    %flag_or 5, 4;
    %jmp/0xz  T_2.0, 5;
    %load/vec4 v0x560b8b9ad390_0;
    %assign/vec4 v0x560b8b9ad4f0_0, 0;
    %pushi/vec4 1, 0, 4;
    %assign/vec4 v0x560b8b9ad6c0_0, 0;
    %load/vec4 v0x560b8b9ad450_0;
    %pad/u 32;
    %cmpi/u 1, 0, 32;
    %jmp/0xz  T_2.2, 5;
    %pushi/vec4 0, 0, 4;
    %assign/vec4 v0x560b8b9ad590_0, 0;
    %pushi/vec4 15, 0, 4;
    %assign/vec4 v0x560b8b9ad7a0_0, 0;
    %jmp T_2.3;
T_2.2 ;
    %load/vec4 v0x560b8b9ad450_0;
    %assign/vec4 v0x560b8b9ad590_0, 0;
    %load/vec4 v0x560b8b9ad450_0;
    %assign/vec4 v0x560b8b9ad7a0_0, 0;
T_2.3 ;
T_2.0 ;
    %load/vec4 v0x560b8b9ad880_0;
    %flag_set/vec4 8;
    %jmp/0xz  T_2.4, 8;
    %pushi/vec4 31, 0, 32;
    %load/vec4 v0x560b8b9ad290_0;
    %pad/u 32;
    %cmp/u;
    %flag_get/vec4 5;
    %load/vec4 v0x560b8b9ad290_0;
    %pad/u 32;
    %cmpi/u 60, 0, 32;
    %flag_get/vec4 4;
    %flag_get/vec4 5;
    %or;
    %and;
    %flag_set/vec4 8;
    %jmp/0xz  T_2.6, 8;
    %pushi/vec4 2, 0, 4;
    %assign/vec4 v0x560b8b9ad6c0_0, 0;
    %pushi/vec4 0, 0, 32;
    %load/vec4 v0x560b8b9ad390_0;
    %pad/u 32;
    %cmp/u;
    %jmp/0xz  T_2.8, 5;
    %load/vec4 v0x560b8b9ad390_0;
    %subi 1, 0, 4;
    %assign/vec4 v0x560b8b9ad4f0_0, 0;
    %load/vec4 v0x560b8b9ad450_0;
    %subi 3, 0, 4;
    %assign/vec4 v0x560b8b9ad590_0, 0;
    %jmp T_2.9;
T_2.8 ;
    %pushi/vec4 9, 0, 4;
    %assign/vec4 v0x560b8b9ad4f0_0, 0;
    %load/vec4 v0x560b8b9ad450_0;
    %subi 4, 0, 4;
    %assign/vec4 v0x560b8b9ad590_0, 0;
T_2.9 ;
T_2.6 ;
    %pushi/vec4 61, 0, 32;
    %load/vec4 v0x560b8b9ad290_0;
    %pad/u 32;
    %cmp/u;
    %flag_get/vec4 4;
    %flag_get/vec4 5;
    %or;
    %load/vec4 v0x560b8b9ad290_0;
    %pad/u 32;
    %cmpi/u 91, 0, 32;
    %flag_get/vec4 4;
    %flag_get/vec4 5;
    %or;
    %and;
    %flag_set/vec4 8;
    %jmp/0xz  T_2.10, 8;
    %pushi/vec4 3, 0, 4;
    %assign/vec4 v0x560b8b9ad6c0_0, 0;
    %load/vec4 v0x560b8b9ad390_0;
    %assign/vec4 v0x560b8b9ad4f0_0, 0;
    %load/vec4 v0x560b8b9ad450_0;
    %subi 6, 0, 4;
    %assign/vec4 v0x560b8b9ad590_0, 0;
T_2.10 ;
    %pushi/vec4 91, 0, 32;
    %load/vec4 v0x560b8b9ad290_0;
    %pad/u 32;
    %cmp/u;
    %flag_get/vec4 5;
    %load/vec4 v0x560b8b9ad290_0;
    %pad/u 32;
    %cmpi/u 99, 0, 32;
    %flag_get/vec4 4;
    %flag_get/vec4 5;
    %or;
    %and;
    %flag_set/vec4 8;
    %jmp/0xz  T_2.12, 8;
    %pushi/vec4 4, 0, 4;
    %assign/vec4 v0x560b8b9ad6c0_0, 0;
    %pushi/vec4 0, 0, 4;
    %assign/vec4 v0x560b8b9ad590_0, 0;
    %load/vec4 v0x560b8b9ad390_0;
    %pad/u 32;
    %cmpi/ne 0, 0, 32;
    %jmp/0xz  T_2.14, 4;
    %load/vec4 v0x560b8b9ad390_0;
    %subi 1, 0, 4;
    %assign/vec4 v0x560b8b9ad4f0_0, 0;
    %load/vec4 v0x560b8b9ad450_0;
    %pad/u 5;
    %subi 9, 0, 5;
    %pad/u 4;
    %assign/vec4 v0x560b8b9ad590_0, 0;
    %jmp T_2.15;
T_2.14 ;
    %pushi/vec4 9, 0, 4;
    %assign/vec4 v0x560b8b9ad4f0_0, 0;
    %load/vec4 v0x560b8b9ad450_0;
    %pad/u 5;
    %subi 8, 0, 5;
    %pad/u 4;
    %assign/vec4 v0x560b8b9ad590_0, 0;
T_2.15 ;
T_2.12 ;
    %jmp T_2.5;
T_2.4 ;
    %load/vec4 v0x560b8b9ad880_0;
    %inv;
    %flag_set/vec4 8;
    %jmp/0xz  T_2.16, 8;
    %pushi/vec4 31, 0, 32;
    %load/vec4 v0x560b8b9ad290_0;
    %pad/u 32;
    %cmp/u;
    %flag_get/vec4 5;
    %load/vec4 v0x560b8b9ad290_0;
    %pad/u 32;
    %cmpi/u 59, 0, 32;
    %flag_get/vec4 4;
    %flag_get/vec4 5;
    %or;
    %and;
    %flag_set/vec4 8;
    %jmp/0xz  T_2.18, 8;
    %pushi/vec4 2, 0, 4;
    %assign/vec4 v0x560b8b9ad6c0_0, 0;
    %pushi/vec4 0, 0, 32;
    %load/vec4 v0x560b8b9ad390_0;
    %pad/u 32;
    %cmp/u;
    %jmp/0xz  T_2.20, 5;
    %load/vec4 v0x560b8b9ad390_0;
    %subi 1, 0, 4;
    %assign/vec4 v0x560b8b9ad4f0_0, 0;
    %load/vec4 v0x560b8b9ad450_0;
    %subi 3, 0, 4;
    %assign/vec4 v0x560b8b9ad590_0, 0;
    %jmp T_2.21;
T_2.20 ;
    %pushi/vec4 9, 0, 4;
    %assign/vec4 v0x560b8b9ad4f0_0, 0;
    %load/vec4 v0x560b8b9ad450_0;
    %subi 4, 0, 4;
    %assign/vec4 v0x560b8b9ad590_0, 0;
T_2.21 ;
T_2.18 ;
    %pushi/vec4 60, 0, 32;
    %load/vec4 v0x560b8b9ad290_0;
    %pad/u 32;
    %cmp/u;
    %flag_get/vec4 4;
    %flag_get/vec4 5;
    %or;
    %load/vec4 v0x560b8b9ad290_0;
    %pad/u 32;
    %cmpi/u 90, 0, 32;
    %flag_get/vec4 4;
    %flag_get/vec4 5;
    %or;
    %and;
    %flag_set/vec4 8;
    %jmp/0xz  T_2.22, 8;
    %pushi/vec4 3, 0, 4;
    %assign/vec4 v0x560b8b9ad6c0_0, 0;
    %load/vec4 v0x560b8b9ad390_0;
    %pad/u 32;
    %cmpi/ne 9, 0, 32;
    %jmp/0xz  T_2.24, 4;
    %load/vec4 v0x560b8b9ad390_0;
    %addi 1, 0, 4;
    %assign/vec4 v0x560b8b9ad4f0_0, 0;
    %load/vec4 v0x560b8b9ad450_0;
    %subi 6, 0, 4;
    %assign/vec4 v0x560b8b9ad590_0, 0;
    %jmp T_2.25;
T_2.24 ;
    %pushi/vec4 0, 0, 4;
    %assign/vec4 v0x560b8b9ad4f0_0, 0;
    %load/vec4 v0x560b8b9ad450_0;
    %subi 5, 0, 4;
    %assign/vec4 v0x560b8b9ad590_0, 0;
T_2.25 ;
T_2.22 ;
    %pushi/vec4 90, 0, 32;
    %load/vec4 v0x560b8b9ad290_0;
    %pad/u 32;
    %cmp/u;
    %flag_get/vec4 5;
    %load/vec4 v0x560b8b9ad290_0;
    %pad/u 32;
    %cmpi/u 99, 0, 32;
    %flag_get/vec4 4;
    %flag_get/vec4 5;
    %or;
    %and;
    %flag_set/vec4 8;
    %jmp/0xz  T_2.26, 8;
    %pushi/vec4 4, 0, 4;
    %assign/vec4 v0x560b8b9ad6c0_0, 0;
    %load/vec4 v0x560b8b9ad450_0;
    %pad/u 5;
    %subi 9, 0, 5;
    %pad/u 4;
    %assign/vec4 v0x560b8b9ad590_0, 0;
    %load/vec4 v0x560b8b9ad390_0;
    %assign/vec4 v0x560b8b9ad4f0_0, 0;
T_2.26 ;
T_2.16 ;
T_2.5 ;
    %load/vec4 v0x560b8b9ad590_0;
    %pad/u 32;
    %cmpi/e 0, 0, 32;
    %jmp/0xz  T_2.28, 4;
    %pushi/vec4 15, 0, 4;
    %assign/vec4 v0x560b8b9ad7a0_0, 0;
    %jmp T_2.29;
T_2.28 ;
    %load/vec4 v0x560b8b9ad590_0;
    %assign/vec4 v0x560b8b9ad7a0_0, 0;
T_2.29 ;
    %jmp T_2;
    .thread T_2, $push;
    .scope S_0x560b8b9ada20;
T_3 ;
    %wait E_0x560b8b964670;
    %load/vec4 v0x560b8b9ade60_0;
    %dup/vec4;
    %pushi/vec4 0, 0, 4;
    %cmp/u;
    %jmp/1 T_3.0, 6;
    %dup/vec4;
    %pushi/vec4 1, 0, 4;
    %cmp/u;
    %jmp/1 T_3.1, 6;
    %dup/vec4;
    %pushi/vec4 2, 0, 4;
    %cmp/u;
    %jmp/1 T_3.2, 6;
    %dup/vec4;
    %pushi/vec4 3, 0, 4;
    %cmp/u;
    %jmp/1 T_3.3, 6;
    %dup/vec4;
    %pushi/vec4 4, 0, 4;
    %cmp/u;
    %jmp/1 T_3.4, 6;
    %dup/vec4;
    %pushi/vec4 5, 0, 4;
    %cmp/u;
    %jmp/1 T_3.5, 6;
    %dup/vec4;
    %pushi/vec4 6, 0, 4;
    %cmp/u;
    %jmp/1 T_3.6, 6;
    %dup/vec4;
    %pushi/vec4 7, 0, 4;
    %cmp/u;
    %jmp/1 T_3.7, 6;
    %dup/vec4;
    %pushi/vec4 8, 0, 4;
    %cmp/u;
    %jmp/1 T_3.8, 6;
    %dup/vec4;
    %pushi/vec4 9, 0, 4;
    %cmp/u;
    %jmp/1 T_3.9, 6;
    %dup/vec4;
    %pushi/vec4 15, 0, 4;
    %cmp/u;
    %jmp/1 T_3.10, 6;
    %pushi/vec4 255, 0, 8;
    %store/vec4 v0x560b8b9adc80_0, 0, 8;
    %jmp T_3.12;
T_3.0 ;
    %pushi/vec4 192, 0, 8;
    %store/vec4 v0x560b8b9adc80_0, 0, 8;
    %jmp T_3.12;
T_3.1 ;
    %pushi/vec4 249, 0, 8;
    %store/vec4 v0x560b8b9adc80_0, 0, 8;
    %jmp T_3.12;
T_3.2 ;
    %pushi/vec4 164, 0, 8;
    %store/vec4 v0x560b8b9adc80_0, 0, 8;
    %jmp T_3.12;
T_3.3 ;
    %pushi/vec4 176, 0, 8;
    %store/vec4 v0x560b8b9adc80_0, 0, 8;
    %jmp T_3.12;
T_3.4 ;
    %pushi/vec4 153, 0, 8;
    %store/vec4 v0x560b8b9adc80_0, 0, 8;
    %jmp T_3.12;
T_3.5 ;
    %pushi/vec4 146, 0, 8;
    %store/vec4 v0x560b8b9adc80_0, 0, 8;
    %jmp T_3.12;
T_3.6 ;
    %pushi/vec4 130, 0, 8;
    %store/vec4 v0x560b8b9adc80_0, 0, 8;
    %jmp T_3.12;
T_3.7 ;
    %pushi/vec4 248, 0, 8;
    %store/vec4 v0x560b8b9adc80_0, 0, 8;
    %jmp T_3.12;
T_3.8 ;
    %pushi/vec4 128, 0, 8;
    %store/vec4 v0x560b8b9adc80_0, 0, 8;
    %jmp T_3.12;
T_3.9 ;
    %pushi/vec4 152, 0, 8;
    %store/vec4 v0x560b8b9adc80_0, 0, 8;
    %jmp T_3.12;
T_3.10 ;
    %pushi/vec4 255, 0, 8;
    %store/vec4 v0x560b8b9adc80_0, 0, 8;
    %jmp T_3.12;
T_3.12 ;
    %pop/vec4 1;
    %jmp T_3;
    .thread T_3, $push;
    .scope S_0x560b8b9adfc0;
T_4 ;
    %wait E_0x560b8b9ae1e0;
    %load/vec4 v0x560b8b9ae440_0;
    %dup/vec4;
    %pushi/vec4 0, 0, 4;
    %cmp/u;
    %jmp/1 T_4.0, 6;
    %dup/vec4;
    %pushi/vec4 1, 0, 4;
    %cmp/u;
    %jmp/1 T_4.1, 6;
    %dup/vec4;
    %pushi/vec4 2, 0, 4;
    %cmp/u;
    %jmp/1 T_4.2, 6;
    %dup/vec4;
    %pushi/vec4 3, 0, 4;
    %cmp/u;
    %jmp/1 T_4.3, 6;
    %dup/vec4;
    %pushi/vec4 4, 0, 4;
    %cmp/u;
    %jmp/1 T_4.4, 6;
    %dup/vec4;
    %pushi/vec4 5, 0, 4;
    %cmp/u;
    %jmp/1 T_4.5, 6;
    %dup/vec4;
    %pushi/vec4 6, 0, 4;
    %cmp/u;
    %jmp/1 T_4.6, 6;
    %dup/vec4;
    %pushi/vec4 7, 0, 4;
    %cmp/u;
    %jmp/1 T_4.7, 6;
    %dup/vec4;
    %pushi/vec4 8, 0, 4;
    %cmp/u;
    %jmp/1 T_4.8, 6;
    %dup/vec4;
    %pushi/vec4 9, 0, 4;
    %cmp/u;
    %jmp/1 T_4.9, 6;
    %dup/vec4;
    %pushi/vec4 15, 0, 4;
    %cmp/u;
    %jmp/1 T_4.10, 6;
    %pushi/vec4 255, 0, 8;
    %store/vec4 v0x560b8b9ae260_0, 0, 8;
    %jmp T_4.12;
T_4.0 ;
    %pushi/vec4 192, 0, 8;
    %store/vec4 v0x560b8b9ae260_0, 0, 8;
    %jmp T_4.12;
T_4.1 ;
    %pushi/vec4 249, 0, 8;
    %store/vec4 v0x560b8b9ae260_0, 0, 8;
    %jmp T_4.12;
T_4.2 ;
    %pushi/vec4 164, 0, 8;
    %store/vec4 v0x560b8b9ae260_0, 0, 8;
    %jmp T_4.12;
T_4.3 ;
    %pushi/vec4 176, 0, 8;
    %store/vec4 v0x560b8b9ae260_0, 0, 8;
    %jmp T_4.12;
T_4.4 ;
    %pushi/vec4 153, 0, 8;
    %store/vec4 v0x560b8b9ae260_0, 0, 8;
    %jmp T_4.12;
T_4.5 ;
    %pushi/vec4 146, 0, 8;
    %store/vec4 v0x560b8b9ae260_0, 0, 8;
    %jmp T_4.12;
T_4.6 ;
    %pushi/vec4 130, 0, 8;
    %store/vec4 v0x560b8b9ae260_0, 0, 8;
    %jmp T_4.12;
T_4.7 ;
    %pushi/vec4 248, 0, 8;
    %store/vec4 v0x560b8b9ae260_0, 0, 8;
    %jmp T_4.12;
T_4.8 ;
    %pushi/vec4 128, 0, 8;
    %store/vec4 v0x560b8b9ae260_0, 0, 8;
    %jmp T_4.12;
T_4.9 ;
    %pushi/vec4 152, 0, 8;
    %store/vec4 v0x560b8b9ae260_0, 0, 8;
    %jmp T_4.12;
T_4.10 ;
    %pushi/vec4 255, 0, 8;
    %store/vec4 v0x560b8b9ae260_0, 0, 8;
    %jmp T_4.12;
T_4.12 ;
    %pop/vec4 1;
    %jmp T_4;
    .thread T_4, $push;
    .scope S_0x560b8b9ae5a0;
T_5 ;
    %wait E_0x560b8b9ae810;
    %load/vec4 v0x560b8b9aea70_0;
    %dup/vec4;
    %pushi/vec4 0, 0, 4;
    %cmp/u;
    %jmp/1 T_5.0, 6;
    %dup/vec4;
    %pushi/vec4 1, 0, 4;
    %cmp/u;
    %jmp/1 T_5.1, 6;
    %dup/vec4;
    %pushi/vec4 2, 0, 4;
    %cmp/u;
    %jmp/1 T_5.2, 6;
    %dup/vec4;
    %pushi/vec4 3, 0, 4;
    %cmp/u;
    %jmp/1 T_5.3, 6;
    %dup/vec4;
    %pushi/vec4 4, 0, 4;
    %cmp/u;
    %jmp/1 T_5.4, 6;
    %dup/vec4;
    %pushi/vec4 5, 0, 4;
    %cmp/u;
    %jmp/1 T_5.5, 6;
    %dup/vec4;
    %pushi/vec4 6, 0, 4;
    %cmp/u;
    %jmp/1 T_5.6, 6;
    %dup/vec4;
    %pushi/vec4 7, 0, 4;
    %cmp/u;
    %jmp/1 T_5.7, 6;
    %dup/vec4;
    %pushi/vec4 8, 0, 4;
    %cmp/u;
    %jmp/1 T_5.8, 6;
    %dup/vec4;
    %pushi/vec4 9, 0, 4;
    %cmp/u;
    %jmp/1 T_5.9, 6;
    %dup/vec4;
    %pushi/vec4 15, 0, 4;
    %cmp/u;
    %jmp/1 T_5.10, 6;
    %pushi/vec4 255, 0, 8;
    %store/vec4 v0x560b8b9ae890_0, 0, 8;
    %jmp T_5.12;
T_5.0 ;
    %pushi/vec4 192, 0, 8;
    %store/vec4 v0x560b8b9ae890_0, 0, 8;
    %jmp T_5.12;
T_5.1 ;
    %pushi/vec4 249, 0, 8;
    %store/vec4 v0x560b8b9ae890_0, 0, 8;
    %jmp T_5.12;
T_5.2 ;
    %pushi/vec4 164, 0, 8;
    %store/vec4 v0x560b8b9ae890_0, 0, 8;
    %jmp T_5.12;
T_5.3 ;
    %pushi/vec4 176, 0, 8;
    %store/vec4 v0x560b8b9ae890_0, 0, 8;
    %jmp T_5.12;
T_5.4 ;
    %pushi/vec4 153, 0, 8;
    %store/vec4 v0x560b8b9ae890_0, 0, 8;
    %jmp T_5.12;
T_5.5 ;
    %pushi/vec4 146, 0, 8;
    %store/vec4 v0x560b8b9ae890_0, 0, 8;
    %jmp T_5.12;
T_5.6 ;
    %pushi/vec4 130, 0, 8;
    %store/vec4 v0x560b8b9ae890_0, 0, 8;
    %jmp T_5.12;
T_5.7 ;
    %pushi/vec4 248, 0, 8;
    %store/vec4 v0x560b8b9ae890_0, 0, 8;
    %jmp T_5.12;
T_5.8 ;
    %pushi/vec4 128, 0, 8;
    %store/vec4 v0x560b8b9ae890_0, 0, 8;
    %jmp T_5.12;
T_5.9 ;
    %pushi/vec4 152, 0, 8;
    %store/vec4 v0x560b8b9ae890_0, 0, 8;
    %jmp T_5.12;
T_5.10 ;
    %pushi/vec4 255, 0, 8;
    %store/vec4 v0x560b8b9ae890_0, 0, 8;
    %jmp T_5.12;
T_5.12 ;
    %pop/vec4 1;
    %jmp T_5;
    .thread T_5, $push;
    .scope S_0x560b8b9aeba0;
T_6 ;
    %wait E_0x560b8b9aedc0;
    %load/vec4 v0x560b8b9af020_0;
    %dup/vec4;
    %pushi/vec4 0, 0, 4;
    %cmp/u;
    %jmp/1 T_6.0, 6;
    %dup/vec4;
    %pushi/vec4 1, 0, 4;
    %cmp/u;
    %jmp/1 T_6.1, 6;
    %dup/vec4;
    %pushi/vec4 2, 0, 4;
    %cmp/u;
    %jmp/1 T_6.2, 6;
    %dup/vec4;
    %pushi/vec4 3, 0, 4;
    %cmp/u;
    %jmp/1 T_6.3, 6;
    %dup/vec4;
    %pushi/vec4 4, 0, 4;
    %cmp/u;
    %jmp/1 T_6.4, 6;
    %dup/vec4;
    %pushi/vec4 5, 0, 4;
    %cmp/u;
    %jmp/1 T_6.5, 6;
    %dup/vec4;
    %pushi/vec4 6, 0, 4;
    %cmp/u;
    %jmp/1 T_6.6, 6;
    %dup/vec4;
    %pushi/vec4 7, 0, 4;
    %cmp/u;
    %jmp/1 T_6.7, 6;
    %dup/vec4;
    %pushi/vec4 8, 0, 4;
    %cmp/u;
    %jmp/1 T_6.8, 6;
    %dup/vec4;
    %pushi/vec4 9, 0, 4;
    %cmp/u;
    %jmp/1 T_6.9, 6;
    %dup/vec4;
    %pushi/vec4 15, 0, 4;
    %cmp/u;
    %jmp/1 T_6.10, 6;
    %pushi/vec4 255, 0, 8;
    %store/vec4 v0x560b8b9aee40_0, 0, 8;
    %jmp T_6.12;
T_6.0 ;
    %pushi/vec4 192, 0, 8;
    %store/vec4 v0x560b8b9aee40_0, 0, 8;
    %jmp T_6.12;
T_6.1 ;
    %pushi/vec4 249, 0, 8;
    %store/vec4 v0x560b8b9aee40_0, 0, 8;
    %jmp T_6.12;
T_6.2 ;
    %pushi/vec4 164, 0, 8;
    %store/vec4 v0x560b8b9aee40_0, 0, 8;
    %jmp T_6.12;
T_6.3 ;
    %pushi/vec4 176, 0, 8;
    %store/vec4 v0x560b8b9aee40_0, 0, 8;
    %jmp T_6.12;
T_6.4 ;
    %pushi/vec4 153, 0, 8;
    %store/vec4 v0x560b8b9aee40_0, 0, 8;
    %jmp T_6.12;
T_6.5 ;
    %pushi/vec4 146, 0, 8;
    %store/vec4 v0x560b8b9aee40_0, 0, 8;
    %jmp T_6.12;
T_6.6 ;
    %pushi/vec4 130, 0, 8;
    %store/vec4 v0x560b8b9aee40_0, 0, 8;
    %jmp T_6.12;
T_6.7 ;
    %pushi/vec4 248, 0, 8;
    %store/vec4 v0x560b8b9aee40_0, 0, 8;
    %jmp T_6.12;
T_6.8 ;
    %pushi/vec4 128, 0, 8;
    %store/vec4 v0x560b8b9aee40_0, 0, 8;
    %jmp T_6.12;
T_6.9 ;
    %pushi/vec4 152, 0, 8;
    %store/vec4 v0x560b8b9aee40_0, 0, 8;
    %jmp T_6.12;
T_6.10 ;
    %pushi/vec4 255, 0, 8;
    %store/vec4 v0x560b8b9aee40_0, 0, 8;
    %jmp T_6.12;
T_6.12 ;
    %pop/vec4 1;
    %jmp T_6;
    .thread T_6, $push;
    .scope S_0x560b8b9af1c0;
T_7 ;
    %wait E_0x560b8b9af3e0;
    %load/vec4 v0x560b8b9af640_0;
    %dup/vec4;
    %pushi/vec4 0, 0, 4;
    %cmp/u;
    %jmp/1 T_7.0, 6;
    %dup/vec4;
    %pushi/vec4 1, 0, 4;
    %cmp/u;
    %jmp/1 T_7.1, 6;
    %dup/vec4;
    %pushi/vec4 2, 0, 4;
    %cmp/u;
    %jmp/1 T_7.2, 6;
    %dup/vec4;
    %pushi/vec4 3, 0, 4;
    %cmp/u;
    %jmp/1 T_7.3, 6;
    %dup/vec4;
    %pushi/vec4 4, 0, 4;
    %cmp/u;
    %jmp/1 T_7.4, 6;
    %dup/vec4;
    %pushi/vec4 5, 0, 4;
    %cmp/u;
    %jmp/1 T_7.5, 6;
    %dup/vec4;
    %pushi/vec4 6, 0, 4;
    %cmp/u;
    %jmp/1 T_7.6, 6;
    %dup/vec4;
    %pushi/vec4 7, 0, 4;
    %cmp/u;
    %jmp/1 T_7.7, 6;
    %dup/vec4;
    %pushi/vec4 8, 0, 4;
    %cmp/u;
    %jmp/1 T_7.8, 6;
    %dup/vec4;
    %pushi/vec4 9, 0, 4;
    %cmp/u;
    %jmp/1 T_7.9, 6;
    %dup/vec4;
    %pushi/vec4 15, 0, 4;
    %cmp/u;
    %jmp/1 T_7.10, 6;
    %pushi/vec4 255, 0, 8;
    %store/vec4 v0x560b8b9af460_0, 0, 8;
    %jmp T_7.12;
T_7.0 ;
    %pushi/vec4 192, 0, 8;
    %store/vec4 v0x560b8b9af460_0, 0, 8;
    %jmp T_7.12;
T_7.1 ;
    %pushi/vec4 249, 0, 8;
    %store/vec4 v0x560b8b9af460_0, 0, 8;
    %jmp T_7.12;
T_7.2 ;
    %pushi/vec4 164, 0, 8;
    %store/vec4 v0x560b8b9af460_0, 0, 8;
    %jmp T_7.12;
T_7.3 ;
    %pushi/vec4 176, 0, 8;
    %store/vec4 v0x560b8b9af460_0, 0, 8;
    %jmp T_7.12;
T_7.4 ;
    %pushi/vec4 153, 0, 8;
    %store/vec4 v0x560b8b9af460_0, 0, 8;
    %jmp T_7.12;
T_7.5 ;
    %pushi/vec4 146, 0, 8;
    %store/vec4 v0x560b8b9af460_0, 0, 8;
    %jmp T_7.12;
T_7.6 ;
    %pushi/vec4 130, 0, 8;
    %store/vec4 v0x560b8b9af460_0, 0, 8;
    %jmp T_7.12;
T_7.7 ;
    %pushi/vec4 248, 0, 8;
    %store/vec4 v0x560b8b9af460_0, 0, 8;
    %jmp T_7.12;
T_7.8 ;
    %pushi/vec4 128, 0, 8;
    %store/vec4 v0x560b8b9af460_0, 0, 8;
    %jmp T_7.12;
T_7.9 ;
    %pushi/vec4 152, 0, 8;
    %store/vec4 v0x560b8b9af460_0, 0, 8;
    %jmp T_7.12;
T_7.10 ;
    %pushi/vec4 255, 0, 8;
    %store/vec4 v0x560b8b9af460_0, 0, 8;
    %jmp T_7.12;
T_7.12 ;
    %pop/vec4 1;
    %jmp T_7;
    .thread T_7, $push;
    .scope S_0x560b8b9af770;
T_8 ;
    %pushi/vec4 0, 0, 23;
    %store/vec4 v0x560b8b9af9d0_0, 0, 23;
    %end;
    .thread T_8;
    .scope S_0x560b8b9af770;
T_9 ;
    %pushi/vec4 0, 0, 1;
    %store/vec4 v0x560b8b9afb90_0, 0, 1;
    %pushi/vec4 0, 0, 23;
    %store/vec4 v0x560b8b9af9d0_0, 0, 23;
    %end;
    .thread T_9;
    .scope S_0x560b8b9af770;
T_10 ;
    %wait E_0x560b8b9af970;
    %load/vec4 v0x560b8b9afd30_0;
    %inv;
    %flag_set/vec4 8;
    %jmp/0xz  T_10.0, 8;
    %pushi/vec4 0, 0, 1;
    %store/vec4 v0x560b8b9afb90_0, 0, 1;
    %pushi/vec4 0, 0, 23;
    %store/vec4 v0x560b8b9af9d0_0, 0, 23;
    %jmp T_10.1;
T_10.0 ;
    %load/vec4 v0x560b8b9af9d0_0;
    %pad/u 32;
    %load/vec4 v0x560b8b9afc90_0;
    %subi 1, 0, 32;
    %cmp/ne;
    %jmp/0xz  T_10.2, 4;
    %load/vec4 v0x560b8b9af9d0_0;
    %addi 1, 0, 23;
    %assign/vec4 v0x560b8b9af9d0_0, 0;
    %jmp T_10.3;
T_10.2 ;
    %pushi/vec4 0, 0, 23;
    %assign/vec4 v0x560b8b9af9d0_0, 0;
    %load/vec4 v0x560b8b9afb90_0;
    %inv;
    %assign/vec4 v0x560b8b9afb90_0, 0;
T_10.3 ;
T_10.1 ;
    %jmp T_10;
    .thread T_10;
    .scope S_0x560b8b9751b0;
T_11 ;
    %pushi/vec4 0, 0, 1;
    %store/vec4 v0x560b8b9b0f90_0, 0, 1;
    %pushi/vec4 2, 0, 32;
    %store/vec4 v0x560b8b9b0c30_0, 0, 32;
    %end;
    .thread T_11;
    .scope S_0x560b8b9751b0;
T_12 ;
    %wait E_0x560b8b965590;
    %load/vec4 v0x560b8b9b03e0_0;
    %parti/s 1, 0, 2;
    %inv;
    %flag_set/vec4 8;
    %jmp/0xz  T_12.0, 8;
    %pushi/vec4 0, 0, 1;
    %store/vec4 v0x560b8b9b0f90_0, 0, 1;
    %jmp T_12.1;
T_12.0 ;
    %load/vec4 v0x560b8b9b0f90_0;
    %inv;
    %assign/vec4 v0x560b8b9b0f90_0, 0;
T_12.1 ;
    %jmp T_12;
    .thread T_12;
    .scope S_0x560b8b9751b0;
T_13 ;
    %wait E_0x560b8b964f50;
    %load/vec4 v0x560b8b9b03e0_0;
    %parti/s 1, 1, 2;
    %inv;
    %flag_set/vec4 8;
    %jmp/0xz  T_13.0, 8;
    %pushi/vec4 1, 0, 32;
    %store/vec4 v0x560b8b9b0c30_0, 0, 32;
    %jmp T_13.1;
T_13.0 ;
    %pushi/vec4 2, 0, 32;
    %store/vec4 v0x560b8b9b0c30_0, 0, 32;
T_13.1 ;
    %jmp T_13;
    .thread T_13;
    .scope S_0x560b8b975030;
T_14 ;
    %vpi_call 2 21 "$dumpfile", "test.vcd" {0 0 0};
    %vpi_call 2 22 "$dumpvars" {0 0 0};
    %vpi_call 2 23 "$display", $time, "Starting simulation" {0 0 0};
    %pushi/vec4 0, 0, 10;
    %store/vec4 v0x560b8b9b1d40_0, 0, 10;
    %pushi/vec4 0, 0, 2;
    %store/vec4 v0x560b8b9b1be0_0, 0, 2;
    %pushi/vec4 0, 0, 1;
    %store/vec4 v0x560b8b9b13e0_0, 0, 1;
    %pushi/vec4 0, 0, 8;
    %store/vec4 v0x560b8b9b14a0_0, 0, 8;
    %pushi/vec4 1, 0, 1;
    %ix/load 4, 9, 0;
    %flag_set/imm 4, 0;
    %store/vec4 v0x560b8b9b1d40_0, 4, 1;
T_14.0 ;
    %load/vec4 v0x560b8b9b14a0_0;
    %cmpi/u 255, 0, 8;
    %jmp/0xz T_14.1, 5;
    %delay 100, 0;
    %load/vec4 v0x560b8b9b13e0_0;
    %inv;
    %store/vec4 v0x560b8b9b13e0_0, 0, 1;
    %pushi/vec4 2, 0, 8;
    %load/vec4 v0x560b8b9b14a0_0;
    %cmp/u;
    %jmp/0xz  T_14.2, 5;
    %pushi/vec4 1, 0, 1;
    %ix/load 4, 0, 0;
    %flag_set/imm 4, 0;
    %store/vec4 v0x560b8b9b1be0_0, 4, 1;
T_14.2 ;
    %load/vec4 v0x560b8b9b14a0_0;
    %addi 1, 0, 8;
    %store/vec4 v0x560b8b9b14a0_0, 0, 8;
    %jmp T_14.0;
T_14.1 ;
    %delay 100, 0;
    %vpi_call 2 49 "$finish" {0 0 0};
    %end;
    .thread T_14;
    .scope S_0x560b8b975030;
T_15 ;
    %vpi_call 2 55 "$monitor", $time, "testSW = %b, testKEY = %b, clock = %b, testLED = %b, testHEX0 = %b, testHEX1 = %b, testHEX2 = %b, testHEX3 = %b, testHEX4 = %b, testHEX5 = %b", v0x560b8b9b1d40_0, v0x560b8b9b1be0_0, v0x560b8b9b1ca0_0, v0x560b8b9b13e0_0, v0x560b8b9b1580_0, v0x560b8b9b1670_0, v0x560b8b9b1780_0, v0x560b8b9b18e0_0, v0x560b8b9b19c0_0, v0x560b8b9b1ad0_0 {0 0 0};
    %end;
    .thread T_15;
# The file index is used to find the file name in the following table.
:file_names 8;
    "N/A";
    "<interactive>";
    "tbtop.v";
    "top.v";
    "counter.v";
    "calendar.v";
    "sevenSeg.v";
    "clockDivider.v";
