#! /usr/local/bin/vvp
:ivl_version "10.3 (stable)" "(v10_3-19-gfc7d604e)";
:ivl_delay_selection "TYPICAL";
:vpi_time_precision - 10;
:vpi_module "system";
:vpi_module "vhdl_sys";
:vpi_module "v2005_math";
:vpi_module "va_math";
S_0x562e74624110 .scope module, "tb" "tb" 2 3;
 .timescale -9 -10;
v0x562e74658520_0 .var "in", 7 0;
v0x562e74658610_0 .net "out", 0 0, v0x562e74658400_0;  1 drivers
S_0x562e7460f0b0 .scope module, "DUT" "test" 2 8, 3 7 0, S_0x562e74624110;
 .timescale 0 0;
    .port_info 0 /INPUT 8 "data_in"
    .port_info 1 /OUTPUT 1 "parity_out"
v0x562e74658300_0 .net "data_in", 7 0, v0x562e74658520_0;  1 drivers
v0x562e74658400_0 .var "parity_out", 0 0;
E_0x562e7460fb90 .event edge, v0x562e74658300_0;
S_0x562e7460f2a0 .scope function, "parity" "parity" 3 11, 3 11 0, S_0x562e7460f0b0;
 .timescale 0 0;
v0x562e74624290_0 .var "data", 7 0;
v0x562e74658180_0 .var/i "i", 31 0;
v0x562e74658260_0 .var "parity", 0 0;
TD_tb.DUT.parity ;
    %pushi/vec4 0, 0, 1;
    %store/vec4 v0x562e74658260_0, 0, 1;
    %pushi/vec4 0, 0, 32;
    %store/vec4 v0x562e74658180_0, 0, 32;
T_0.0 ;
    %load/vec4 v0x562e74658180_0;
    %cmpi/s 8, 0, 32;
    %jmp/0xz T_0.1, 5;
    %load/vec4 v0x562e74658260_0;
    %load/vec4 v0x562e74624290_0;
    %load/vec4 v0x562e74658180_0;
    %part/s 1;
    %xor;
    %store/vec4 v0x562e74658260_0, 0, 1;
    %load/vec4 v0x562e74658180_0;
    %addi 1, 0, 32;
    %store/vec4 v0x562e74658180_0, 0, 32;
    %jmp T_0.0;
T_0.1 ;
    %end;
    .scope S_0x562e7460f0b0;
T_1 ;
    %wait E_0x562e7460fb90;
    %load/vec4 v0x562e74658300_0;
    %store/vec4 v0x562e74624290_0, 0, 8;
    %fork TD_tb.DUT.parity, S_0x562e7460f2a0;
    %join;
    %load/vec4  v0x562e74658260_0;
    %store/vec4 v0x562e74658400_0, 0, 1;
    %jmp T_1;
    .thread T_1, $push;
    .scope S_0x562e74624110;
T_2 ;
    %vpi_call 2 13 "$dumpfile", "test.vcd" {0 0 0};
    %vpi_call 2 14 "$dumpvars" {0 0 0};
    %vpi_call 2 15 "$display", $time, "Starting simulation" {0 0 0};
    %pushi/vec4 0, 0, 8;
    %store/vec4 v0x562e74658520_0, 0, 8;
T_2.0 ;
    %load/vec4 v0x562e74658520_0;
    %cmpi/u 255, 0, 8;
    %jmp/0xz T_2.1, 5;
    %delay 100, 0;
    %load/vec4 v0x562e74658520_0;
    %addi 5, 0, 8;
    %store/vec4 v0x562e74658520_0, 0, 8;
    %jmp T_2.0;
T_2.1 ;
    %delay 100, 0;
    %vpi_call 2 20 "$finish" {0 0 0};
    %end;
    .thread T_2;
    .scope S_0x562e74624110;
T_3 ;
    %vpi_call 2 25 "$monitor", $time, "in = %b, out = %b", v0x562e74658520_0, v0x562e74658610_0 {0 0 0};
    %end;
    .thread T_3;
# The file index is used to find the file name in the following table.
:file_names 4;
    "N/A";
    "<interactive>";
    "tb.v";
    "test.v";
