#! /usr/local/bin/vvp
:ivl_version "10.3 (stable)" "(v10_3-19-gfc7d604e)";
:ivl_delay_selection "TYPICAL";
:vpi_time_precision - 10;
:vpi_module "system";
:vpi_module "vhdl_sys";
:vpi_module "v2005_math";
:vpi_module "va_math";
S_0x55d5f837d0c0 .scope module, "tb1" "tb1" 2 3;
 .timescale -9 -10;
v0x55d5f83a7a70_0 .net "testHEX0", 7 0, v0x55d5f8355ee0_0;  1 drivers
v0x55d5f83a7b50_0 .net "testHEX1", 7 0, v0x55d5f83a5a50_0;  1 drivers
v0x55d5f83a7c60_0 .net "testHEX2", 7 0, v0x55d5f83a5f00_0;  1 drivers
v0x55d5f83a7d50_0 .net "testHEX3", 7 0, v0x55d5f83a63d0_0;  1 drivers
v0x55d5f83a7e60_0 .net "testHEX4", 7 0, v0x55d5f83a68f0_0;  1 drivers
v0x55d5f83a7fc0_0 .net "testHEX5", 7 0, v0x55d5f83a6dc0_0;  1 drivers
v0x55d5f83a80d0_0 .var "testKEY", 1 0;
v0x55d5f83a8190_0 .net "testLED", 9 0, v0x55d5f83a76c0_0;  1 drivers
v0x55d5f83a8230_0 .var "testSW", 9 0;
S_0x55d5f8378f80 .scope module, "DUT" "design1" 2 15, 3 2 0, S_0x55d5f837d0c0;
 .timescale 0 0;
    .port_info 0 /INPUT 10 "switch"
    .port_info 1 /INPUT 2 "key"
    .port_info 2 /OUTPUT 10 "leds"
    .port_info 3 /OUTPUT 8 "hex0"
    .port_info 4 /OUTPUT 8 "hex1"
    .port_info 5 /OUTPUT 8 "hex2"
    .port_info 6 /OUTPUT 8 "hex3"
    .port_info 7 /OUTPUT 8 "hex4"
    .port_info 8 /OUTPUT 8 "hex5"
v0x55d5f83a7000_0 .net *"_s12", 0 0, L_0x55d5f83add20;  1 drivers
v0x55d5f83a70e0_0 .net *"_s16", 0 0, L_0x55d5f83ade10;  1 drivers
v0x55d5f83a71c0_0 .net "hex0", 7 0, v0x55d5f8355ee0_0;  alias, 1 drivers
v0x55d5f83a7260_0 .net "hex1", 7 0, v0x55d5f83a5a50_0;  alias, 1 drivers
v0x55d5f83a7300_0 .net "hex2", 7 0, v0x55d5f83a5f00_0;  alias, 1 drivers
v0x55d5f83a73f0_0 .net "hex3", 7 0, v0x55d5f83a63d0_0;  alias, 1 drivers
v0x55d5f83a7490_0 .net "hex4", 7 0, v0x55d5f83a68f0_0;  alias, 1 drivers
v0x55d5f83a7530_0 .net "hex5", 7 0, v0x55d5f83a6dc0_0;  alias, 1 drivers
v0x55d5f83a7600_0 .net "key", 1 0, v0x55d5f83a80d0_0;  1 drivers
v0x55d5f83a76c0_0 .var "leds", 9 0;
v0x55d5f83a77a0_0 .var "seg2", 3 0;
v0x55d5f83a7890_0 .net "switch", 9 0, v0x55d5f83a8230_0;  1 drivers
E_0x55d5f83522e0 .event edge, L_0x55d5f83ade10;
E_0x55d5f8351240 .event edge, L_0x55d5f83add20;
L_0x55d5f83add20 .part v0x55d5f83a80d0_0, 0, 1;
L_0x55d5f83ade10 .part v0x55d5f83a80d0_0, 1, 1;
S_0x55d5f8355d10 .scope module, "S0" "sevenSeg" 3 33, 4 1 0, S_0x55d5f8378f80;
 .timescale -9 -10;
    .port_info 0 /INPUT 4 "val"
    .port_info 1 /OUTPUT 8 "seg"
v0x55d5f8355ee0_0 .var "seg", 7 0;
L_0x7f2c96a9e018 .functor BUFT 1, C4<0001>, C4<0>, C4<0>, C4<0>;
v0x55d5f83a5700_0 .net "val", 3 0, L_0x7f2c96a9e018;  1 drivers
E_0x55d5f8353ae0 .event edge, v0x55d5f83a5700_0;
S_0x55d5f83a5840 .scope module, "S1" "sevenSeg" 3 34, 4 1 0, S_0x55d5f8378f80;
 .timescale -9 -10;
    .port_info 0 /INPUT 4 "val"
    .port_info 1 /OUTPUT 8 "seg"
v0x55d5f83a5a50_0 .var "seg", 7 0;
L_0x7f2c96a9e060 .functor BUFT 1, C4<0000>, C4<0>, C4<0>, C4<0>;
v0x55d5f83a5b50_0 .net "val", 3 0, L_0x7f2c96a9e060;  1 drivers
E_0x55d5f83861e0 .event edge, v0x55d5f83a5b50_0;
S_0x55d5f83a5c90 .scope module, "S2" "sevenSeg" 3 30, 4 1 0, S_0x55d5f8378f80;
 .timescale -9 -10;
    .port_info 0 /INPUT 4 "val"
    .port_info 1 /OUTPUT 8 "seg"
v0x55d5f83a5f00_0 .var "seg", 7 0;
v0x55d5f83a6000_0 .net "val", 3 0, v0x55d5f83a77a0_0;  1 drivers
E_0x55d5f83a5ea0 .event edge, v0x55d5f83a6000_0;
S_0x55d5f83a6140 .scope module, "S3" "sevenSeg" 3 35, 4 1 0, S_0x55d5f8378f80;
 .timescale -9 -10;
    .port_info 0 /INPUT 4 "val"
    .port_info 1 /OUTPUT 8 "seg"
v0x55d5f83a63d0_0 .var "seg", 7 0;
L_0x7f2c96a9e0a8 .functor BUFT 1, C4<0010>, C4<0>, C4<0>, C4<0>;
v0x55d5f83a64d0_0 .net "val", 3 0, L_0x7f2c96a9e0a8;  1 drivers
E_0x55d5f83a6350 .event edge, v0x55d5f83a64d0_0;
S_0x55d5f83a6610 .scope module, "S4" "sevenSeg" 3 36, 4 1 0, S_0x55d5f8378f80;
 .timescale -9 -10;
    .port_info 0 /INPUT 4 "val"
    .port_info 1 /OUTPUT 8 "seg"
v0x55d5f83a68f0_0 .var "seg", 7 0;
L_0x7f2c96a9e0f0 .functor BUFT 1, C4<1000>, C4<0>, C4<0>, C4<0>;
v0x55d5f83a69f0_0 .net "val", 3 0, L_0x7f2c96a9e0f0;  1 drivers
E_0x55d5f83a6870 .event edge, v0x55d5f83a69f0_0;
S_0x55d5f83a6b30 .scope module, "S5" "sevenSeg" 3 37, 4 1 0, S_0x55d5f8378f80;
 .timescale -9 -10;
    .port_info 0 /INPUT 4 "val"
    .port_info 1 /OUTPUT 8 "seg"
v0x55d5f83a6dc0_0 .var "seg", 7 0;
L_0x7f2c96a9e138 .functor BUFT 1, C4<0000>, C4<0>, C4<0>, C4<0>;
v0x55d5f83a6ec0_0 .net "val", 3 0, L_0x7f2c96a9e138;  1 drivers
E_0x55d5f83a6d40 .event edge, v0x55d5f83a6ec0_0;
S_0x55d5f837b020 .scope module, "top" "top" 5 1;
 .timescale 0 0;
    .port_info 0 /INPUT 10 "SW"
    .port_info 1 /INPUT 2 "KEY"
    .port_info 2 /OUTPUT 10 "LEDR"
    .port_info 3 /OUTPUT 8 "HEX0"
    .port_info 4 /OUTPUT 8 "HEX1"
    .port_info 5 /OUTPUT 8 "HEX2"
    .port_info 6 /OUTPUT 8 "HEX3"
    .port_info 7 /OUTPUT 8 "HEX4"
    .port_info 8 /OUTPUT 8 "HEX5"
v0x55d5f83ac5c0_0 .var "HEX0", 7 0;
v0x55d5f83ac6c0_0 .var "HEX1", 7 0;
v0x55d5f83ac7a0_0 .var "HEX2", 7 0;
v0x55d5f83ac890_0 .var "HEX3", 7 0;
v0x55d5f83ac970_0 .var "HEX4", 7 0;
v0x55d5f83aca50_0 .var "HEX5", 7 0;
o0x7f2c96b03c18 .functor BUFZ 2, C4<zz>; HiZ drive
v0x55d5f83acb30_0 .net "KEY", 1 0, o0x7f2c96b03c18;  0 drivers
v0x55d5f83acbf0_0 .var "LEDR", 9 0;
o0x7f2c96b03c78 .functor BUFZ 10, C4<zzzzzzzzzz>; HiZ drive
v0x55d5f83accb0_0 .net "SW", 9 0, o0x7f2c96b03c78;  0 drivers
v0x55d5f83ace00_0 .net *"_s2", 0 0, L_0x55d5f83ae410;  1 drivers
v0x55d5f83acee0_0 .net "hex0a", 7 0, v0x55d5f83a8a40_0;  1 drivers
v0x55d5f83acff0_0 .net "hex0b", 7 0, v0x55d5f83ab540_0;  1 drivers
v0x55d5f83ad100_0 .net "hex1a", 7 0, v0x55d5f83a8f10_0;  1 drivers
v0x55d5f83ad210_0 .net "hex1b", 7 0, v0x55d5f83abe20_0;  1 drivers
v0x55d5f83ad2d0_0 .net "hex2a", 7 0, v0x55d5f83a93c0_0;  1 drivers
v0x55d5f83ad3c0_0 .net "hex2b", 7 0, v0x55d5f83abef0_0;  1 drivers
v0x55d5f83ad480_0 .net "hex3a", 7 0, v0x55d5f83a9890_0;  1 drivers
v0x55d5f83ad570_0 .net "hex3b", 7 0, v0x55d5f83abfd0_0;  1 drivers
v0x55d5f83ad630_0 .net "hex4a", 7 0, v0x55d5f83a9db0_0;  1 drivers
v0x55d5f83ad720_0 .net "hex4b", 7 0, v0x55d5f83aba10_0;  1 drivers
v0x55d5f83ad830_0 .net "hex5a", 7 0, v0x55d5f83aa280_0;  1 drivers
v0x55d5f83ad940_0 .net "hex5b", 7 0, v0x55d5f83ac1c0_0;  1 drivers
v0x55d5f83ada00_0 .net "ledsa", 9 0, v0x55d5f83aac70_0;  1 drivers
v0x55d5f83adaa0_0 .net "ledsb", 9 0, v0x55d5f83ac280_0;  1 drivers
E_0x55d5f83a8360 .event edge, L_0x55d5f83ae410;
L_0x55d5f83ae410 .part o0x7f2c96b03c78, 9, 1;
S_0x55d5f83a83c0 .scope module, "U0" "design1" 5 29, 3 2 0, S_0x55d5f837b020;
 .timescale 0 0;
    .port_info 0 /INPUT 10 "switch"
    .port_info 1 /INPUT 2 "key"
    .port_info 2 /OUTPUT 10 "leds"
    .port_info 3 /OUTPUT 8 "hex0"
    .port_info 4 /OUTPUT 8 "hex1"
    .port_info 5 /OUTPUT 8 "hex2"
    .port_info 6 /OUTPUT 8 "hex3"
    .port_info 7 /OUTPUT 8 "hex4"
    .port_info 8 /OUTPUT 8 "hex5"
v0x55d5f83aa4c0_0 .net *"_s12", 0 0, L_0x55d5f83adfa0;  1 drivers
v0x55d5f83aa5a0_0 .net *"_s16", 0 0, L_0x55d5f83ae070;  1 drivers
v0x55d5f83aa680_0 .net "hex0", 7 0, v0x55d5f83a8a40_0;  alias, 1 drivers
v0x55d5f83aa720_0 .net "hex1", 7 0, v0x55d5f83a8f10_0;  alias, 1 drivers
v0x55d5f83aa7c0_0 .net "hex2", 7 0, v0x55d5f83a93c0_0;  alias, 1 drivers
v0x55d5f83aa8b0_0 .net "hex3", 7 0, v0x55d5f83a9890_0;  alias, 1 drivers
v0x55d5f83aa980_0 .net "hex4", 7 0, v0x55d5f83a9db0_0;  alias, 1 drivers
v0x55d5f83aaa50_0 .net "hex5", 7 0, v0x55d5f83aa280_0;  alias, 1 drivers
v0x55d5f83aab20_0 .net "key", 1 0, o0x7f2c96b03c18;  alias, 0 drivers
v0x55d5f83aac70_0 .var "leds", 9 0;
v0x55d5f83aad50_0 .var "seg2", 3 0;
v0x55d5f83aae40_0 .net "switch", 9 0, o0x7f2c96b03c78;  alias, 0 drivers
E_0x55d5f83a8690 .event edge, L_0x55d5f83ae070;
E_0x55d5f83a8710 .event edge, L_0x55d5f83adfa0;
L_0x55d5f83adfa0 .part o0x7f2c96b03c18, 0, 1;
L_0x55d5f83ae070 .part o0x7f2c96b03c18, 1, 1;
S_0x55d5f83a8770 .scope module, "S0" "sevenSeg" 3 33, 4 1 0, S_0x55d5f83a83c0;
 .timescale -9 -10;
    .port_info 0 /INPUT 4 "val"
    .port_info 1 /OUTPUT 8 "seg"
v0x55d5f83a8a40_0 .var "seg", 7 0;
L_0x7f2c96a9e180 .functor BUFT 1, C4<0001>, C4<0>, C4<0>, C4<0>;
v0x55d5f83a8b40_0 .net "val", 3 0, L_0x7f2c96a9e180;  1 drivers
E_0x55d5f83a89c0 .event edge, v0x55d5f83a8b40_0;
S_0x55d5f83a8c80 .scope module, "S1" "sevenSeg" 3 34, 4 1 0, S_0x55d5f83a83c0;
 .timescale -9 -10;
    .port_info 0 /INPUT 4 "val"
    .port_info 1 /OUTPUT 8 "seg"
v0x55d5f83a8f10_0 .var "seg", 7 0;
L_0x7f2c96a9e1c8 .functor BUFT 1, C4<0000>, C4<0>, C4<0>, C4<0>;
v0x55d5f83a9010_0 .net "val", 3 0, L_0x7f2c96a9e1c8;  1 drivers
E_0x55d5f83a8e90 .event edge, v0x55d5f83a9010_0;
S_0x55d5f83a9150 .scope module, "S2" "sevenSeg" 3 30, 4 1 0, S_0x55d5f83a83c0;
 .timescale -9 -10;
    .port_info 0 /INPUT 4 "val"
    .port_info 1 /OUTPUT 8 "seg"
v0x55d5f83a93c0_0 .var "seg", 7 0;
v0x55d5f83a94c0_0 .net "val", 3 0, v0x55d5f83aad50_0;  1 drivers
E_0x55d5f83a9360 .event edge, v0x55d5f83a94c0_0;
S_0x55d5f83a9600 .scope module, "S3" "sevenSeg" 3 35, 4 1 0, S_0x55d5f83a83c0;
 .timescale -9 -10;
    .port_info 0 /INPUT 4 "val"
    .port_info 1 /OUTPUT 8 "seg"
v0x55d5f83a9890_0 .var "seg", 7 0;
L_0x7f2c96a9e210 .functor BUFT 1, C4<0010>, C4<0>, C4<0>, C4<0>;
v0x55d5f83a9990_0 .net "val", 3 0, L_0x7f2c96a9e210;  1 drivers
E_0x55d5f83a9810 .event edge, v0x55d5f83a9990_0;
S_0x55d5f83a9ad0 .scope module, "S4" "sevenSeg" 3 36, 4 1 0, S_0x55d5f83a83c0;
 .timescale -9 -10;
    .port_info 0 /INPUT 4 "val"
    .port_info 1 /OUTPUT 8 "seg"
v0x55d5f83a9db0_0 .var "seg", 7 0;
L_0x7f2c96a9e258 .functor BUFT 1, C4<1000>, C4<0>, C4<0>, C4<0>;
v0x55d5f83a9eb0_0 .net "val", 3 0, L_0x7f2c96a9e258;  1 drivers
E_0x55d5f83a9d30 .event edge, v0x55d5f83a9eb0_0;
S_0x55d5f83a9ff0 .scope module, "S5" "sevenSeg" 3 37, 4 1 0, S_0x55d5f83a83c0;
 .timescale -9 -10;
    .port_info 0 /INPUT 4 "val"
    .port_info 1 /OUTPUT 8 "seg"
v0x55d5f83aa280_0 .var "seg", 7 0;
L_0x7f2c96a9e2a0 .functor BUFT 1, C4<0000>, C4<0>, C4<0>, C4<0>;
v0x55d5f83aa380_0 .net "val", 3 0, L_0x7f2c96a9e2a0;  1 drivers
E_0x55d5f83aa200 .event edge, v0x55d5f83aa380_0;
S_0x55d5f83ab020 .scope module, "U1" "design2" 5 30, 6 1 0, S_0x55d5f837b020;
 .timescale 0 0;
    .port_info 0 /INPUT 10 "switches"
    .port_info 1 /OUTPUT 10 "leds"
    .port_info 2 /OUTPUT 8 "hex0"
    .port_info 3 /OUTPUT 8 "hex1"
    .port_info 4 /OUTPUT 8 "hex2"
    .port_info 5 /OUTPUT 8 "hex3"
    .port_info 6 /OUTPUT 8 "hex4"
    .port_info 7 /OUTPUT 8 "hex5"
v0x55d5f83abc50_0 .net *"_s6", 7 0, L_0x55d5f83ae340;  1 drivers
v0x55d5f83abd30_0 .net "hex0", 7 0, v0x55d5f83ab540_0;  alias, 1 drivers
v0x55d5f83abe20_0 .var "hex1", 7 0;
v0x55d5f83abef0_0 .var "hex2", 7 0;
v0x55d5f83abfd0_0 .var "hex3", 7 0;
v0x55d5f83ac100_0 .net "hex4", 7 0, v0x55d5f83aba10_0;  alias, 1 drivers
v0x55d5f83ac1c0_0 .var "hex5", 7 0;
v0x55d5f83ac280_0 .var "leds", 9 0;
v0x55d5f83ac360_0 .net "switches", 9 0, o0x7f2c96b03c78;  alias, 0 drivers
E_0x55d5f83ab210 .event edge, L_0x55d5f83ae340;
L_0x55d5f83ae110 .part o0x7f2c96b03c78, 0, 4;
L_0x55d5f83ae1e0 .part o0x7f2c96b03c78, 4, 4;
L_0x55d5f83ae340 .part o0x7f2c96b03c78, 0, 8;
S_0x55d5f83ab270 .scope module, "U0" "sevenSeg" 6 12, 4 1 0, S_0x55d5f83ab020;
 .timescale -9 -10;
    .port_info 0 /INPUT 4 "val"
    .port_info 1 /OUTPUT 8 "seg"
v0x55d5f83ab540_0 .var "seg", 7 0;
v0x55d5f83ab640_0 .net "val", 3 0, L_0x55d5f83ae110;  1 drivers
E_0x55d5f83ab4c0 .event edge, v0x55d5f83ab640_0;
S_0x55d5f83ab780 .scope module, "U1" "sevenSeg" 6 13, 4 1 0, S_0x55d5f83ab020;
 .timescale -9 -10;
    .port_info 0 /INPUT 4 "val"
    .port_info 1 /OUTPUT 8 "seg"
v0x55d5f83aba10_0 .var "seg", 7 0;
v0x55d5f83abb10_0 .net "val", 3 0, L_0x55d5f83ae1e0;  1 drivers
E_0x55d5f83ab990 .event edge, v0x55d5f83abb10_0;
    .scope S_0x55d5f83a5c90;
T_0 ;
    %wait E_0x55d5f83a5ea0;
    %load/vec4 v0x55d5f83a6000_0;
    %dup/vec4;
    %pushi/vec4 0, 0, 4;
    %cmp/u;
    %jmp/1 T_0.0, 6;
    %dup/vec4;
    %pushi/vec4 1, 0, 4;
    %cmp/u;
    %jmp/1 T_0.1, 6;
    %dup/vec4;
    %pushi/vec4 2, 0, 4;
    %cmp/u;
    %jmp/1 T_0.2, 6;
    %dup/vec4;
    %pushi/vec4 3, 0, 4;
    %cmp/u;
    %jmp/1 T_0.3, 6;
    %dup/vec4;
    %pushi/vec4 4, 0, 4;
    %cmp/u;
    %jmp/1 T_0.4, 6;
    %dup/vec4;
    %pushi/vec4 5, 0, 4;
    %cmp/u;
    %jmp/1 T_0.5, 6;
    %dup/vec4;
    %pushi/vec4 6, 0, 4;
    %cmp/u;
    %jmp/1 T_0.6, 6;
    %dup/vec4;
    %pushi/vec4 7, 0, 4;
    %cmp/u;
    %jmp/1 T_0.7, 6;
    %dup/vec4;
    %pushi/vec4 8, 0, 4;
    %cmp/u;
    %jmp/1 T_0.8, 6;
    %dup/vec4;
    %pushi/vec4 9, 0, 4;
    %cmp/u;
    %jmp/1 T_0.9, 6;
    %dup/vec4;
    %pushi/vec4 10, 0, 4;
    %cmp/u;
    %jmp/1 T_0.10, 6;
    %dup/vec4;
    %pushi/vec4 11, 0, 4;
    %cmp/u;
    %jmp/1 T_0.11, 6;
    %dup/vec4;
    %pushi/vec4 12, 0, 4;
    %cmp/u;
    %jmp/1 T_0.12, 6;
    %dup/vec4;
    %pushi/vec4 13, 0, 4;
    %cmp/u;
    %jmp/1 T_0.13, 6;
    %dup/vec4;
    %pushi/vec4 14, 0, 4;
    %cmp/u;
    %jmp/1 T_0.14, 6;
    %dup/vec4;
    %pushi/vec4 15, 0, 4;
    %cmp/u;
    %jmp/1 T_0.15, 6;
    %pushi/vec4 0, 0, 8;
    %store/vec4 v0x55d5f83a5f00_0, 0, 8;
    %jmp T_0.17;
T_0.0 ;
    %pushi/vec4 192, 0, 8;
    %store/vec4 v0x55d5f83a5f00_0, 0, 8;
    %jmp T_0.17;
T_0.1 ;
    %pushi/vec4 249, 0, 8;
    %store/vec4 v0x55d5f83a5f00_0, 0, 8;
    %jmp T_0.17;
T_0.2 ;
    %pushi/vec4 164, 0, 8;
    %store/vec4 v0x55d5f83a5f00_0, 0, 8;
    %jmp T_0.17;
T_0.3 ;
    %pushi/vec4 176, 0, 8;
    %store/vec4 v0x55d5f83a5f00_0, 0, 8;
    %jmp T_0.17;
T_0.4 ;
    %pushi/vec4 153, 0, 8;
    %store/vec4 v0x55d5f83a5f00_0, 0, 8;
    %jmp T_0.17;
T_0.5 ;
    %pushi/vec4 146, 0, 8;
    %store/vec4 v0x55d5f83a5f00_0, 0, 8;
    %jmp T_0.17;
T_0.6 ;
    %pushi/vec4 130, 0, 8;
    %store/vec4 v0x55d5f83a5f00_0, 0, 8;
    %jmp T_0.17;
T_0.7 ;
    %pushi/vec4 248, 0, 8;
    %store/vec4 v0x55d5f83a5f00_0, 0, 8;
    %jmp T_0.17;
T_0.8 ;
    %pushi/vec4 128, 0, 8;
    %store/vec4 v0x55d5f83a5f00_0, 0, 8;
    %jmp T_0.17;
T_0.9 ;
    %pushi/vec4 152, 0, 8;
    %store/vec4 v0x55d5f83a5f00_0, 0, 8;
    %jmp T_0.17;
T_0.10 ;
    %pushi/vec4 8, 0, 8;
    %store/vec4 v0x55d5f83a5f00_0, 0, 8;
    %jmp T_0.17;
T_0.11 ;
    %pushi/vec4 0, 0, 8;
    %store/vec4 v0x55d5f83a5f00_0, 0, 8;
    %jmp T_0.17;
T_0.12 ;
    %pushi/vec4 70, 0, 8;
    %store/vec4 v0x55d5f83a5f00_0, 0, 8;
    %jmp T_0.17;
T_0.13 ;
    %pushi/vec4 64, 0, 8;
    %store/vec4 v0x55d5f83a5f00_0, 0, 8;
    %jmp T_0.17;
T_0.14 ;
    %pushi/vec4 6, 0, 8;
    %store/vec4 v0x55d5f83a5f00_0, 0, 8;
    %jmp T_0.17;
T_0.15 ;
    %pushi/vec4 14, 0, 8;
    %store/vec4 v0x55d5f83a5f00_0, 0, 8;
    %jmp T_0.17;
T_0.17 ;
    %pop/vec4 1;
    %jmp T_0;
    .thread T_0, $push;
    .scope S_0x55d5f8355d10;
T_1 ;
    %wait E_0x55d5f8353ae0;
    %load/vec4 v0x55d5f83a5700_0;
    %dup/vec4;
    %pushi/vec4 0, 0, 4;
    %cmp/u;
    %jmp/1 T_1.0, 6;
    %dup/vec4;
    %pushi/vec4 1, 0, 4;
    %cmp/u;
    %jmp/1 T_1.1, 6;
    %dup/vec4;
    %pushi/vec4 2, 0, 4;
    %cmp/u;
    %jmp/1 T_1.2, 6;
    %dup/vec4;
    %pushi/vec4 3, 0, 4;
    %cmp/u;
    %jmp/1 T_1.3, 6;
    %dup/vec4;
    %pushi/vec4 4, 0, 4;
    %cmp/u;
    %jmp/1 T_1.4, 6;
    %dup/vec4;
    %pushi/vec4 5, 0, 4;
    %cmp/u;
    %jmp/1 T_1.5, 6;
    %dup/vec4;
    %pushi/vec4 6, 0, 4;
    %cmp/u;
    %jmp/1 T_1.6, 6;
    %dup/vec4;
    %pushi/vec4 7, 0, 4;
    %cmp/u;
    %jmp/1 T_1.7, 6;
    %dup/vec4;
    %pushi/vec4 8, 0, 4;
    %cmp/u;
    %jmp/1 T_1.8, 6;
    %dup/vec4;
    %pushi/vec4 9, 0, 4;
    %cmp/u;
    %jmp/1 T_1.9, 6;
    %dup/vec4;
    %pushi/vec4 10, 0, 4;
    %cmp/u;
    %jmp/1 T_1.10, 6;
    %dup/vec4;
    %pushi/vec4 11, 0, 4;
    %cmp/u;
    %jmp/1 T_1.11, 6;
    %dup/vec4;
    %pushi/vec4 12, 0, 4;
    %cmp/u;
    %jmp/1 T_1.12, 6;
    %dup/vec4;
    %pushi/vec4 13, 0, 4;
    %cmp/u;
    %jmp/1 T_1.13, 6;
    %dup/vec4;
    %pushi/vec4 14, 0, 4;
    %cmp/u;
    %jmp/1 T_1.14, 6;
    %dup/vec4;
    %pushi/vec4 15, 0, 4;
    %cmp/u;
    %jmp/1 T_1.15, 6;
    %pushi/vec4 0, 0, 8;
    %store/vec4 v0x55d5f8355ee0_0, 0, 8;
    %jmp T_1.17;
T_1.0 ;
    %pushi/vec4 192, 0, 8;
    %store/vec4 v0x55d5f8355ee0_0, 0, 8;
    %jmp T_1.17;
T_1.1 ;
    %pushi/vec4 249, 0, 8;
    %store/vec4 v0x55d5f8355ee0_0, 0, 8;
    %jmp T_1.17;
T_1.2 ;
    %pushi/vec4 164, 0, 8;
    %store/vec4 v0x55d5f8355ee0_0, 0, 8;
    %jmp T_1.17;
T_1.3 ;
    %pushi/vec4 176, 0, 8;
    %store/vec4 v0x55d5f8355ee0_0, 0, 8;
    %jmp T_1.17;
T_1.4 ;
    %pushi/vec4 153, 0, 8;
    %store/vec4 v0x55d5f8355ee0_0, 0, 8;
    %jmp T_1.17;
T_1.5 ;
    %pushi/vec4 146, 0, 8;
    %store/vec4 v0x55d5f8355ee0_0, 0, 8;
    %jmp T_1.17;
T_1.6 ;
    %pushi/vec4 130, 0, 8;
    %store/vec4 v0x55d5f8355ee0_0, 0, 8;
    %jmp T_1.17;
T_1.7 ;
    %pushi/vec4 248, 0, 8;
    %store/vec4 v0x55d5f8355ee0_0, 0, 8;
    %jmp T_1.17;
T_1.8 ;
    %pushi/vec4 128, 0, 8;
    %store/vec4 v0x55d5f8355ee0_0, 0, 8;
    %jmp T_1.17;
T_1.9 ;
    %pushi/vec4 152, 0, 8;
    %store/vec4 v0x55d5f8355ee0_0, 0, 8;
    %jmp T_1.17;
T_1.10 ;
    %pushi/vec4 8, 0, 8;
    %store/vec4 v0x55d5f8355ee0_0, 0, 8;
    %jmp T_1.17;
T_1.11 ;
    %pushi/vec4 0, 0, 8;
    %store/vec4 v0x55d5f8355ee0_0, 0, 8;
    %jmp T_1.17;
T_1.12 ;
    %pushi/vec4 70, 0, 8;
    %store/vec4 v0x55d5f8355ee0_0, 0, 8;
    %jmp T_1.17;
T_1.13 ;
    %pushi/vec4 64, 0, 8;
    %store/vec4 v0x55d5f8355ee0_0, 0, 8;
    %jmp T_1.17;
T_1.14 ;
    %pushi/vec4 6, 0, 8;
    %store/vec4 v0x55d5f8355ee0_0, 0, 8;
    %jmp T_1.17;
T_1.15 ;
    %pushi/vec4 14, 0, 8;
    %store/vec4 v0x55d5f8355ee0_0, 0, 8;
    %jmp T_1.17;
T_1.17 ;
    %pop/vec4 1;
    %jmp T_1;
    .thread T_1, $push;
    .scope S_0x55d5f83a5840;
T_2 ;
    %wait E_0x55d5f83861e0;
    %load/vec4 v0x55d5f83a5b50_0;
    %dup/vec4;
    %pushi/vec4 0, 0, 4;
    %cmp/u;
    %jmp/1 T_2.0, 6;
    %dup/vec4;
    %pushi/vec4 1, 0, 4;
    %cmp/u;
    %jmp/1 T_2.1, 6;
    %dup/vec4;
    %pushi/vec4 2, 0, 4;
    %cmp/u;
    %jmp/1 T_2.2, 6;
    %dup/vec4;
    %pushi/vec4 3, 0, 4;
    %cmp/u;
    %jmp/1 T_2.3, 6;
    %dup/vec4;
    %pushi/vec4 4, 0, 4;
    %cmp/u;
    %jmp/1 T_2.4, 6;
    %dup/vec4;
    %pushi/vec4 5, 0, 4;
    %cmp/u;
    %jmp/1 T_2.5, 6;
    %dup/vec4;
    %pushi/vec4 6, 0, 4;
    %cmp/u;
    %jmp/1 T_2.6, 6;
    %dup/vec4;
    %pushi/vec4 7, 0, 4;
    %cmp/u;
    %jmp/1 T_2.7, 6;
    %dup/vec4;
    %pushi/vec4 8, 0, 4;
    %cmp/u;
    %jmp/1 T_2.8, 6;
    %dup/vec4;
    %pushi/vec4 9, 0, 4;
    %cmp/u;
    %jmp/1 T_2.9, 6;
    %dup/vec4;
    %pushi/vec4 10, 0, 4;
    %cmp/u;
    %jmp/1 T_2.10, 6;
    %dup/vec4;
    %pushi/vec4 11, 0, 4;
    %cmp/u;
    %jmp/1 T_2.11, 6;
    %dup/vec4;
    %pushi/vec4 12, 0, 4;
    %cmp/u;
    %jmp/1 T_2.12, 6;
    %dup/vec4;
    %pushi/vec4 13, 0, 4;
    %cmp/u;
    %jmp/1 T_2.13, 6;
    %dup/vec4;
    %pushi/vec4 14, 0, 4;
    %cmp/u;
    %jmp/1 T_2.14, 6;
    %dup/vec4;
    %pushi/vec4 15, 0, 4;
    %cmp/u;
    %jmp/1 T_2.15, 6;
    %pushi/vec4 0, 0, 8;
    %store/vec4 v0x55d5f83a5a50_0, 0, 8;
    %jmp T_2.17;
T_2.0 ;
    %pushi/vec4 192, 0, 8;
    %store/vec4 v0x55d5f83a5a50_0, 0, 8;
    %jmp T_2.17;
T_2.1 ;
    %pushi/vec4 249, 0, 8;
    %store/vec4 v0x55d5f83a5a50_0, 0, 8;
    %jmp T_2.17;
T_2.2 ;
    %pushi/vec4 164, 0, 8;
    %store/vec4 v0x55d5f83a5a50_0, 0, 8;
    %jmp T_2.17;
T_2.3 ;
    %pushi/vec4 176, 0, 8;
    %store/vec4 v0x55d5f83a5a50_0, 0, 8;
    %jmp T_2.17;
T_2.4 ;
    %pushi/vec4 153, 0, 8;
    %store/vec4 v0x55d5f83a5a50_0, 0, 8;
    %jmp T_2.17;
T_2.5 ;
    %pushi/vec4 146, 0, 8;
    %store/vec4 v0x55d5f83a5a50_0, 0, 8;
    %jmp T_2.17;
T_2.6 ;
    %pushi/vec4 130, 0, 8;
    %store/vec4 v0x55d5f83a5a50_0, 0, 8;
    %jmp T_2.17;
T_2.7 ;
    %pushi/vec4 248, 0, 8;
    %store/vec4 v0x55d5f83a5a50_0, 0, 8;
    %jmp T_2.17;
T_2.8 ;
    %pushi/vec4 128, 0, 8;
    %store/vec4 v0x55d5f83a5a50_0, 0, 8;
    %jmp T_2.17;
T_2.9 ;
    %pushi/vec4 152, 0, 8;
    %store/vec4 v0x55d5f83a5a50_0, 0, 8;
    %jmp T_2.17;
T_2.10 ;
    %pushi/vec4 8, 0, 8;
    %store/vec4 v0x55d5f83a5a50_0, 0, 8;
    %jmp T_2.17;
T_2.11 ;
    %pushi/vec4 0, 0, 8;
    %store/vec4 v0x55d5f83a5a50_0, 0, 8;
    %jmp T_2.17;
T_2.12 ;
    %pushi/vec4 70, 0, 8;
    %store/vec4 v0x55d5f83a5a50_0, 0, 8;
    %jmp T_2.17;
T_2.13 ;
    %pushi/vec4 64, 0, 8;
    %store/vec4 v0x55d5f83a5a50_0, 0, 8;
    %jmp T_2.17;
T_2.14 ;
    %pushi/vec4 6, 0, 8;
    %store/vec4 v0x55d5f83a5a50_0, 0, 8;
    %jmp T_2.17;
T_2.15 ;
    %pushi/vec4 14, 0, 8;
    %store/vec4 v0x55d5f83a5a50_0, 0, 8;
    %jmp T_2.17;
T_2.17 ;
    %pop/vec4 1;
    %jmp T_2;
    .thread T_2, $push;
    .scope S_0x55d5f83a6140;
T_3 ;
    %wait E_0x55d5f83a6350;
    %load/vec4 v0x55d5f83a64d0_0;
    %dup/vec4;
    %pushi/vec4 0, 0, 4;
    %cmp/u;
    %jmp/1 T_3.0, 6;
    %dup/vec4;
    %pushi/vec4 1, 0, 4;
    %cmp/u;
    %jmp/1 T_3.1, 6;
    %dup/vec4;
    %pushi/vec4 2, 0, 4;
    %cmp/u;
    %jmp/1 T_3.2, 6;
    %dup/vec4;
    %pushi/vec4 3, 0, 4;
    %cmp/u;
    %jmp/1 T_3.3, 6;
    %dup/vec4;
    %pushi/vec4 4, 0, 4;
    %cmp/u;
    %jmp/1 T_3.4, 6;
    %dup/vec4;
    %pushi/vec4 5, 0, 4;
    %cmp/u;
    %jmp/1 T_3.5, 6;
    %dup/vec4;
    %pushi/vec4 6, 0, 4;
    %cmp/u;
    %jmp/1 T_3.6, 6;
    %dup/vec4;
    %pushi/vec4 7, 0, 4;
    %cmp/u;
    %jmp/1 T_3.7, 6;
    %dup/vec4;
    %pushi/vec4 8, 0, 4;
    %cmp/u;
    %jmp/1 T_3.8, 6;
    %dup/vec4;
    %pushi/vec4 9, 0, 4;
    %cmp/u;
    %jmp/1 T_3.9, 6;
    %dup/vec4;
    %pushi/vec4 10, 0, 4;
    %cmp/u;
    %jmp/1 T_3.10, 6;
    %dup/vec4;
    %pushi/vec4 11, 0, 4;
    %cmp/u;
    %jmp/1 T_3.11, 6;
    %dup/vec4;
    %pushi/vec4 12, 0, 4;
    %cmp/u;
    %jmp/1 T_3.12, 6;
    %dup/vec4;
    %pushi/vec4 13, 0, 4;
    %cmp/u;
    %jmp/1 T_3.13, 6;
    %dup/vec4;
    %pushi/vec4 14, 0, 4;
    %cmp/u;
    %jmp/1 T_3.14, 6;
    %dup/vec4;
    %pushi/vec4 15, 0, 4;
    %cmp/u;
    %jmp/1 T_3.15, 6;
    %pushi/vec4 0, 0, 8;
    %store/vec4 v0x55d5f83a63d0_0, 0, 8;
    %jmp T_3.17;
T_3.0 ;
    %pushi/vec4 192, 0, 8;
    %store/vec4 v0x55d5f83a63d0_0, 0, 8;
    %jmp T_3.17;
T_3.1 ;
    %pushi/vec4 249, 0, 8;
    %store/vec4 v0x55d5f83a63d0_0, 0, 8;
    %jmp T_3.17;
T_3.2 ;
    %pushi/vec4 164, 0, 8;
    %store/vec4 v0x55d5f83a63d0_0, 0, 8;
    %jmp T_3.17;
T_3.3 ;
    %pushi/vec4 176, 0, 8;
    %store/vec4 v0x55d5f83a63d0_0, 0, 8;
    %jmp T_3.17;
T_3.4 ;
    %pushi/vec4 153, 0, 8;
    %store/vec4 v0x55d5f83a63d0_0, 0, 8;
    %jmp T_3.17;
T_3.5 ;
    %pushi/vec4 146, 0, 8;
    %store/vec4 v0x55d5f83a63d0_0, 0, 8;
    %jmp T_3.17;
T_3.6 ;
    %pushi/vec4 130, 0, 8;
    %store/vec4 v0x55d5f83a63d0_0, 0, 8;
    %jmp T_3.17;
T_3.7 ;
    %pushi/vec4 248, 0, 8;
    %store/vec4 v0x55d5f83a63d0_0, 0, 8;
    %jmp T_3.17;
T_3.8 ;
    %pushi/vec4 128, 0, 8;
    %store/vec4 v0x55d5f83a63d0_0, 0, 8;
    %jmp T_3.17;
T_3.9 ;
    %pushi/vec4 152, 0, 8;
    %store/vec4 v0x55d5f83a63d0_0, 0, 8;
    %jmp T_3.17;
T_3.10 ;
    %pushi/vec4 8, 0, 8;
    %store/vec4 v0x55d5f83a63d0_0, 0, 8;
    %jmp T_3.17;
T_3.11 ;
    %pushi/vec4 0, 0, 8;
    %store/vec4 v0x55d5f83a63d0_0, 0, 8;
    %jmp T_3.17;
T_3.12 ;
    %pushi/vec4 70, 0, 8;
    %store/vec4 v0x55d5f83a63d0_0, 0, 8;
    %jmp T_3.17;
T_3.13 ;
    %pushi/vec4 64, 0, 8;
    %store/vec4 v0x55d5f83a63d0_0, 0, 8;
    %jmp T_3.17;
T_3.14 ;
    %pushi/vec4 6, 0, 8;
    %store/vec4 v0x55d5f83a63d0_0, 0, 8;
    %jmp T_3.17;
T_3.15 ;
    %pushi/vec4 14, 0, 8;
    %store/vec4 v0x55d5f83a63d0_0, 0, 8;
    %jmp T_3.17;
T_3.17 ;
    %pop/vec4 1;
    %jmp T_3;
    .thread T_3, $push;
    .scope S_0x55d5f83a6610;
T_4 ;
    %wait E_0x55d5f83a6870;
    %load/vec4 v0x55d5f83a69f0_0;
    %dup/vec4;
    %pushi/vec4 0, 0, 4;
    %cmp/u;
    %jmp/1 T_4.0, 6;
    %dup/vec4;
    %pushi/vec4 1, 0, 4;
    %cmp/u;
    %jmp/1 T_4.1, 6;
    %dup/vec4;
    %pushi/vec4 2, 0, 4;
    %cmp/u;
    %jmp/1 T_4.2, 6;
    %dup/vec4;
    %pushi/vec4 3, 0, 4;
    %cmp/u;
    %jmp/1 T_4.3, 6;
    %dup/vec4;
    %pushi/vec4 4, 0, 4;
    %cmp/u;
    %jmp/1 T_4.4, 6;
    %dup/vec4;
    %pushi/vec4 5, 0, 4;
    %cmp/u;
    %jmp/1 T_4.5, 6;
    %dup/vec4;
    %pushi/vec4 6, 0, 4;
    %cmp/u;
    %jmp/1 T_4.6, 6;
    %dup/vec4;
    %pushi/vec4 7, 0, 4;
    %cmp/u;
    %jmp/1 T_4.7, 6;
    %dup/vec4;
    %pushi/vec4 8, 0, 4;
    %cmp/u;
    %jmp/1 T_4.8, 6;
    %dup/vec4;
    %pushi/vec4 9, 0, 4;
    %cmp/u;
    %jmp/1 T_4.9, 6;
    %dup/vec4;
    %pushi/vec4 10, 0, 4;
    %cmp/u;
    %jmp/1 T_4.10, 6;
    %dup/vec4;
    %pushi/vec4 11, 0, 4;
    %cmp/u;
    %jmp/1 T_4.11, 6;
    %dup/vec4;
    %pushi/vec4 12, 0, 4;
    %cmp/u;
    %jmp/1 T_4.12, 6;
    %dup/vec4;
    %pushi/vec4 13, 0, 4;
    %cmp/u;
    %jmp/1 T_4.13, 6;
    %dup/vec4;
    %pushi/vec4 14, 0, 4;
    %cmp/u;
    %jmp/1 T_4.14, 6;
    %dup/vec4;
    %pushi/vec4 15, 0, 4;
    %cmp/u;
    %jmp/1 T_4.15, 6;
    %pushi/vec4 0, 0, 8;
    %store/vec4 v0x55d5f83a68f0_0, 0, 8;
    %jmp T_4.17;
T_4.0 ;
    %pushi/vec4 192, 0, 8;
    %store/vec4 v0x55d5f83a68f0_0, 0, 8;
    %jmp T_4.17;
T_4.1 ;
    %pushi/vec4 249, 0, 8;
    %store/vec4 v0x55d5f83a68f0_0, 0, 8;
    %jmp T_4.17;
T_4.2 ;
    %pushi/vec4 164, 0, 8;
    %store/vec4 v0x55d5f83a68f0_0, 0, 8;
    %jmp T_4.17;
T_4.3 ;
    %pushi/vec4 176, 0, 8;
    %store/vec4 v0x55d5f83a68f0_0, 0, 8;
    %jmp T_4.17;
T_4.4 ;
    %pushi/vec4 153, 0, 8;
    %store/vec4 v0x55d5f83a68f0_0, 0, 8;
    %jmp T_4.17;
T_4.5 ;
    %pushi/vec4 146, 0, 8;
    %store/vec4 v0x55d5f83a68f0_0, 0, 8;
    %jmp T_4.17;
T_4.6 ;
    %pushi/vec4 130, 0, 8;
    %store/vec4 v0x55d5f83a68f0_0, 0, 8;
    %jmp T_4.17;
T_4.7 ;
    %pushi/vec4 248, 0, 8;
    %store/vec4 v0x55d5f83a68f0_0, 0, 8;
    %jmp T_4.17;
T_4.8 ;
    %pushi/vec4 128, 0, 8;
    %store/vec4 v0x55d5f83a68f0_0, 0, 8;
    %jmp T_4.17;
T_4.9 ;
    %pushi/vec4 152, 0, 8;
    %store/vec4 v0x55d5f83a68f0_0, 0, 8;
    %jmp T_4.17;
T_4.10 ;
    %pushi/vec4 8, 0, 8;
    %store/vec4 v0x55d5f83a68f0_0, 0, 8;
    %jmp T_4.17;
T_4.11 ;
    %pushi/vec4 0, 0, 8;
    %store/vec4 v0x55d5f83a68f0_0, 0, 8;
    %jmp T_4.17;
T_4.12 ;
    %pushi/vec4 70, 0, 8;
    %store/vec4 v0x55d5f83a68f0_0, 0, 8;
    %jmp T_4.17;
T_4.13 ;
    %pushi/vec4 64, 0, 8;
    %store/vec4 v0x55d5f83a68f0_0, 0, 8;
    %jmp T_4.17;
T_4.14 ;
    %pushi/vec4 6, 0, 8;
    %store/vec4 v0x55d5f83a68f0_0, 0, 8;
    %jmp T_4.17;
T_4.15 ;
    %pushi/vec4 14, 0, 8;
    %store/vec4 v0x55d5f83a68f0_0, 0, 8;
    %jmp T_4.17;
T_4.17 ;
    %pop/vec4 1;
    %jmp T_4;
    .thread T_4, $push;
    .scope S_0x55d5f83a6b30;
T_5 ;
    %wait E_0x55d5f83a6d40;
    %load/vec4 v0x55d5f83a6ec0_0;
    %dup/vec4;
    %pushi/vec4 0, 0, 4;
    %cmp/u;
    %jmp/1 T_5.0, 6;
    %dup/vec4;
    %pushi/vec4 1, 0, 4;
    %cmp/u;
    %jmp/1 T_5.1, 6;
    %dup/vec4;
    %pushi/vec4 2, 0, 4;
    %cmp/u;
    %jmp/1 T_5.2, 6;
    %dup/vec4;
    %pushi/vec4 3, 0, 4;
    %cmp/u;
    %jmp/1 T_5.3, 6;
    %dup/vec4;
    %pushi/vec4 4, 0, 4;
    %cmp/u;
    %jmp/1 T_5.4, 6;
    %dup/vec4;
    %pushi/vec4 5, 0, 4;
    %cmp/u;
    %jmp/1 T_5.5, 6;
    %dup/vec4;
    %pushi/vec4 6, 0, 4;
    %cmp/u;
    %jmp/1 T_5.6, 6;
    %dup/vec4;
    %pushi/vec4 7, 0, 4;
    %cmp/u;
    %jmp/1 T_5.7, 6;
    %dup/vec4;
    %pushi/vec4 8, 0, 4;
    %cmp/u;
    %jmp/1 T_5.8, 6;
    %dup/vec4;
    %pushi/vec4 9, 0, 4;
    %cmp/u;
    %jmp/1 T_5.9, 6;
    %dup/vec4;
    %pushi/vec4 10, 0, 4;
    %cmp/u;
    %jmp/1 T_5.10, 6;
    %dup/vec4;
    %pushi/vec4 11, 0, 4;
    %cmp/u;
    %jmp/1 T_5.11, 6;
    %dup/vec4;
    %pushi/vec4 12, 0, 4;
    %cmp/u;
    %jmp/1 T_5.12, 6;
    %dup/vec4;
    %pushi/vec4 13, 0, 4;
    %cmp/u;
    %jmp/1 T_5.13, 6;
    %dup/vec4;
    %pushi/vec4 14, 0, 4;
    %cmp/u;
    %jmp/1 T_5.14, 6;
    %dup/vec4;
    %pushi/vec4 15, 0, 4;
    %cmp/u;
    %jmp/1 T_5.15, 6;
    %pushi/vec4 0, 0, 8;
    %store/vec4 v0x55d5f83a6dc0_0, 0, 8;
    %jmp T_5.17;
T_5.0 ;
    %pushi/vec4 192, 0, 8;
    %store/vec4 v0x55d5f83a6dc0_0, 0, 8;
    %jmp T_5.17;
T_5.1 ;
    %pushi/vec4 249, 0, 8;
    %store/vec4 v0x55d5f83a6dc0_0, 0, 8;
    %jmp T_5.17;
T_5.2 ;
    %pushi/vec4 164, 0, 8;
    %store/vec4 v0x55d5f83a6dc0_0, 0, 8;
    %jmp T_5.17;
T_5.3 ;
    %pushi/vec4 176, 0, 8;
    %store/vec4 v0x55d5f83a6dc0_0, 0, 8;
    %jmp T_5.17;
T_5.4 ;
    %pushi/vec4 153, 0, 8;
    %store/vec4 v0x55d5f83a6dc0_0, 0, 8;
    %jmp T_5.17;
T_5.5 ;
    %pushi/vec4 146, 0, 8;
    %store/vec4 v0x55d5f83a6dc0_0, 0, 8;
    %jmp T_5.17;
T_5.6 ;
    %pushi/vec4 130, 0, 8;
    %store/vec4 v0x55d5f83a6dc0_0, 0, 8;
    %jmp T_5.17;
T_5.7 ;
    %pushi/vec4 248, 0, 8;
    %store/vec4 v0x55d5f83a6dc0_0, 0, 8;
    %jmp T_5.17;
T_5.8 ;
    %pushi/vec4 128, 0, 8;
    %store/vec4 v0x55d5f83a6dc0_0, 0, 8;
    %jmp T_5.17;
T_5.9 ;
    %pushi/vec4 152, 0, 8;
    %store/vec4 v0x55d5f83a6dc0_0, 0, 8;
    %jmp T_5.17;
T_5.10 ;
    %pushi/vec4 8, 0, 8;
    %store/vec4 v0x55d5f83a6dc0_0, 0, 8;
    %jmp T_5.17;
T_5.11 ;
    %pushi/vec4 0, 0, 8;
    %store/vec4 v0x55d5f83a6dc0_0, 0, 8;
    %jmp T_5.17;
T_5.12 ;
    %pushi/vec4 70, 0, 8;
    %store/vec4 v0x55d5f83a6dc0_0, 0, 8;
    %jmp T_5.17;
T_5.13 ;
    %pushi/vec4 64, 0, 8;
    %store/vec4 v0x55d5f83a6dc0_0, 0, 8;
    %jmp T_5.17;
T_5.14 ;
    %pushi/vec4 6, 0, 8;
    %store/vec4 v0x55d5f83a6dc0_0, 0, 8;
    %jmp T_5.17;
T_5.15 ;
    %pushi/vec4 14, 0, 8;
    %store/vec4 v0x55d5f83a6dc0_0, 0, 8;
    %jmp T_5.17;
T_5.17 ;
    %pop/vec4 1;
    %jmp T_5;
    .thread T_5, $push;
    .scope S_0x55d5f8378f80;
T_6 ;
    %pushi/vec4 3, 0, 4;
    %store/vec4 v0x55d5f83a77a0_0, 0, 4;
    %end;
    .thread T_6;
    .scope S_0x55d5f8378f80;
T_7 ;
    %wait E_0x55d5f8351240;
    %pushi/vec4 0, 0, 8;
    %ix/load 4, 0, 0;
    %flag_set/imm 4, 0;
    %store/vec4 v0x55d5f83a76c0_0, 4, 8;
    %load/vec4 v0x55d5f83a7600_0;
    %parti/s 1, 0, 2;
    %flag_set/vec4 8;
    %jmp/0xz  T_7.0, 8;
    %load/vec4 v0x55d5f83a7890_0;
    %pad/u 8;
    %ix/load 4, 0, 0;
    %flag_set/imm 4, 0;
    %store/vec4 v0x55d5f83a76c0_0, 4, 8;
    %jmp T_7.1;
T_7.0 ;
    %load/vec4 v0x55d5f83a7890_0;
    %inv;
    %pad/u 8;
    %ix/load 4, 0, 0;
    %flag_set/imm 4, 0;
    %store/vec4 v0x55d5f83a76c0_0, 4, 8;
T_7.1 ;
    %jmp T_7;
    .thread T_7, $push;
    .scope S_0x55d5f8378f80;
T_8 ;
    %wait E_0x55d5f83522e0;
    %load/vec4 v0x55d5f83a7600_0;
    %parti/s 1, 1, 2;
    %flag_set/vec4 8;
    %jmp/0xz  T_8.0, 8;
    %pushi/vec4 3, 0, 4;
    %store/vec4 v0x55d5f83a77a0_0, 0, 4;
    %jmp T_8.1;
T_8.0 ;
    %pushi/vec4 4, 0, 4;
    %store/vec4 v0x55d5f83a77a0_0, 0, 4;
T_8.1 ;
    %jmp T_8;
    .thread T_8, $push;
    .scope S_0x55d5f837d0c0;
T_9 ;
    %vpi_call 2 19 "$dumpfile", "test.vcd" {0 0 0};
    %vpi_call 2 20 "$dumpvars" {0 0 0};
    %vpi_call 2 21 "$display", $time, "Starting simulation" {0 0 0};
    %pushi/vec4 0, 0, 10;
    %store/vec4 v0x55d5f83a8230_0, 0, 10;
    %pushi/vec4 0, 0, 2;
    %store/vec4 v0x55d5f83a80d0_0, 0, 2;
    %delay 100, 0;
    %pushi/vec4 2, 0, 2;
    %store/vec4 v0x55d5f83a80d0_0, 0, 2;
T_9.0 ;
    %load/vec4 v0x55d5f83a8230_0;
    %cmpi/u 255, 0, 10;
    %jmp/0xz T_9.1, 5;
    %delay 100, 0;
    %load/vec4 v0x55d5f83a8230_0;
    %addi 1, 0, 10;
    %store/vec4 v0x55d5f83a8230_0, 0, 10;
    %jmp T_9.0;
T_9.1 ;
    %delay 100, 0;
    %vpi_call 2 36 "$finish" {0 0 0};
    %end;
    .thread T_9;
    .scope S_0x55d5f837d0c0;
T_10 ;
    %vpi_call 2 42 "$monitor", $time, "testSW = %b, testKEY = %b, testLED = %b, testHEX0 = %b, testHEX1 = %b, testHEX2 = %b, testHEX3 = %b, testHEX4 = %b, testHEX5 = %b", v0x55d5f83a8230_0, v0x55d5f83a80d0_0, v0x55d5f83a8190_0, v0x55d5f83a7a70_0, v0x55d5f83a7b50_0, v0x55d5f83a7c60_0, v0x55d5f83a7d50_0, v0x55d5f83a7e60_0, v0x55d5f83a7fc0_0 {0 0 0};
    %end;
    .thread T_10;
    .scope S_0x55d5f83a9150;
T_11 ;
    %wait E_0x55d5f83a9360;
    %load/vec4 v0x55d5f83a94c0_0;
    %dup/vec4;
    %pushi/vec4 0, 0, 4;
    %cmp/u;
    %jmp/1 T_11.0, 6;
    %dup/vec4;
    %pushi/vec4 1, 0, 4;
    %cmp/u;
    %jmp/1 T_11.1, 6;
    %dup/vec4;
    %pushi/vec4 2, 0, 4;
    %cmp/u;
    %jmp/1 T_11.2, 6;
    %dup/vec4;
    %pushi/vec4 3, 0, 4;
    %cmp/u;
    %jmp/1 T_11.3, 6;
    %dup/vec4;
    %pushi/vec4 4, 0, 4;
    %cmp/u;
    %jmp/1 T_11.4, 6;
    %dup/vec4;
    %pushi/vec4 5, 0, 4;
    %cmp/u;
    %jmp/1 T_11.5, 6;
    %dup/vec4;
    %pushi/vec4 6, 0, 4;
    %cmp/u;
    %jmp/1 T_11.6, 6;
    %dup/vec4;
    %pushi/vec4 7, 0, 4;
    %cmp/u;
    %jmp/1 T_11.7, 6;
    %dup/vec4;
    %pushi/vec4 8, 0, 4;
    %cmp/u;
    %jmp/1 T_11.8, 6;
    %dup/vec4;
    %pushi/vec4 9, 0, 4;
    %cmp/u;
    %jmp/1 T_11.9, 6;
    %dup/vec4;
    %pushi/vec4 10, 0, 4;
    %cmp/u;
    %jmp/1 T_11.10, 6;
    %dup/vec4;
    %pushi/vec4 11, 0, 4;
    %cmp/u;
    %jmp/1 T_11.11, 6;
    %dup/vec4;
    %pushi/vec4 12, 0, 4;
    %cmp/u;
    %jmp/1 T_11.12, 6;
    %dup/vec4;
    %pushi/vec4 13, 0, 4;
    %cmp/u;
    %jmp/1 T_11.13, 6;
    %dup/vec4;
    %pushi/vec4 14, 0, 4;
    %cmp/u;
    %jmp/1 T_11.14, 6;
    %dup/vec4;
    %pushi/vec4 15, 0, 4;
    %cmp/u;
    %jmp/1 T_11.15, 6;
    %pushi/vec4 0, 0, 8;
    %store/vec4 v0x55d5f83a93c0_0, 0, 8;
    %jmp T_11.17;
T_11.0 ;
    %pushi/vec4 192, 0, 8;
    %store/vec4 v0x55d5f83a93c0_0, 0, 8;
    %jmp T_11.17;
T_11.1 ;
    %pushi/vec4 249, 0, 8;
    %store/vec4 v0x55d5f83a93c0_0, 0, 8;
    %jmp T_11.17;
T_11.2 ;
    %pushi/vec4 164, 0, 8;
    %store/vec4 v0x55d5f83a93c0_0, 0, 8;
    %jmp T_11.17;
T_11.3 ;
    %pushi/vec4 176, 0, 8;
    %store/vec4 v0x55d5f83a93c0_0, 0, 8;
    %jmp T_11.17;
T_11.4 ;
    %pushi/vec4 153, 0, 8;
    %store/vec4 v0x55d5f83a93c0_0, 0, 8;
    %jmp T_11.17;
T_11.5 ;
    %pushi/vec4 146, 0, 8;
    %store/vec4 v0x55d5f83a93c0_0, 0, 8;
    %jmp T_11.17;
T_11.6 ;
    %pushi/vec4 130, 0, 8;
    %store/vec4 v0x55d5f83a93c0_0, 0, 8;
    %jmp T_11.17;
T_11.7 ;
    %pushi/vec4 248, 0, 8;
    %store/vec4 v0x55d5f83a93c0_0, 0, 8;
    %jmp T_11.17;
T_11.8 ;
    %pushi/vec4 128, 0, 8;
    %store/vec4 v0x55d5f83a93c0_0, 0, 8;
    %jmp T_11.17;
T_11.9 ;
    %pushi/vec4 152, 0, 8;
    %store/vec4 v0x55d5f83a93c0_0, 0, 8;
    %jmp T_11.17;
T_11.10 ;
    %pushi/vec4 8, 0, 8;
    %store/vec4 v0x55d5f83a93c0_0, 0, 8;
    %jmp T_11.17;
T_11.11 ;
    %pushi/vec4 0, 0, 8;
    %store/vec4 v0x55d5f83a93c0_0, 0, 8;
    %jmp T_11.17;
T_11.12 ;
    %pushi/vec4 70, 0, 8;
    %store/vec4 v0x55d5f83a93c0_0, 0, 8;
    %jmp T_11.17;
T_11.13 ;
    %pushi/vec4 64, 0, 8;
    %store/vec4 v0x55d5f83a93c0_0, 0, 8;
    %jmp T_11.17;
T_11.14 ;
    %pushi/vec4 6, 0, 8;
    %store/vec4 v0x55d5f83a93c0_0, 0, 8;
    %jmp T_11.17;
T_11.15 ;
    %pushi/vec4 14, 0, 8;
    %store/vec4 v0x55d5f83a93c0_0, 0, 8;
    %jmp T_11.17;
T_11.17 ;
    %pop/vec4 1;
    %jmp T_11;
    .thread T_11, $push;
    .scope S_0x55d5f83a8770;
T_12 ;
    %wait E_0x55d5f83a89c0;
    %load/vec4 v0x55d5f83a8b40_0;
    %dup/vec4;
    %pushi/vec4 0, 0, 4;
    %cmp/u;
    %jmp/1 T_12.0, 6;
    %dup/vec4;
    %pushi/vec4 1, 0, 4;
    %cmp/u;
    %jmp/1 T_12.1, 6;
    %dup/vec4;
    %pushi/vec4 2, 0, 4;
    %cmp/u;
    %jmp/1 T_12.2, 6;
    %dup/vec4;
    %pushi/vec4 3, 0, 4;
    %cmp/u;
    %jmp/1 T_12.3, 6;
    %dup/vec4;
    %pushi/vec4 4, 0, 4;
    %cmp/u;
    %jmp/1 T_12.4, 6;
    %dup/vec4;
    %pushi/vec4 5, 0, 4;
    %cmp/u;
    %jmp/1 T_12.5, 6;
    %dup/vec4;
    %pushi/vec4 6, 0, 4;
    %cmp/u;
    %jmp/1 T_12.6, 6;
    %dup/vec4;
    %pushi/vec4 7, 0, 4;
    %cmp/u;
    %jmp/1 T_12.7, 6;
    %dup/vec4;
    %pushi/vec4 8, 0, 4;
    %cmp/u;
    %jmp/1 T_12.8, 6;
    %dup/vec4;
    %pushi/vec4 9, 0, 4;
    %cmp/u;
    %jmp/1 T_12.9, 6;
    %dup/vec4;
    %pushi/vec4 10, 0, 4;
    %cmp/u;
    %jmp/1 T_12.10, 6;
    %dup/vec4;
    %pushi/vec4 11, 0, 4;
    %cmp/u;
    %jmp/1 T_12.11, 6;
    %dup/vec4;
    %pushi/vec4 12, 0, 4;
    %cmp/u;
    %jmp/1 T_12.12, 6;
    %dup/vec4;
    %pushi/vec4 13, 0, 4;
    %cmp/u;
    %jmp/1 T_12.13, 6;
    %dup/vec4;
    %pushi/vec4 14, 0, 4;
    %cmp/u;
    %jmp/1 T_12.14, 6;
    %dup/vec4;
    %pushi/vec4 15, 0, 4;
    %cmp/u;
    %jmp/1 T_12.15, 6;
    %pushi/vec4 0, 0, 8;
    %store/vec4 v0x55d5f83a8a40_0, 0, 8;
    %jmp T_12.17;
T_12.0 ;
    %pushi/vec4 192, 0, 8;
    %store/vec4 v0x55d5f83a8a40_0, 0, 8;
    %jmp T_12.17;
T_12.1 ;
    %pushi/vec4 249, 0, 8;
    %store/vec4 v0x55d5f83a8a40_0, 0, 8;
    %jmp T_12.17;
T_12.2 ;
    %pushi/vec4 164, 0, 8;
    %store/vec4 v0x55d5f83a8a40_0, 0, 8;
    %jmp T_12.17;
T_12.3 ;
    %pushi/vec4 176, 0, 8;
    %store/vec4 v0x55d5f83a8a40_0, 0, 8;
    %jmp T_12.17;
T_12.4 ;
    %pushi/vec4 153, 0, 8;
    %store/vec4 v0x55d5f83a8a40_0, 0, 8;
    %jmp T_12.17;
T_12.5 ;
    %pushi/vec4 146, 0, 8;
    %store/vec4 v0x55d5f83a8a40_0, 0, 8;
    %jmp T_12.17;
T_12.6 ;
    %pushi/vec4 130, 0, 8;
    %store/vec4 v0x55d5f83a8a40_0, 0, 8;
    %jmp T_12.17;
T_12.7 ;
    %pushi/vec4 248, 0, 8;
    %store/vec4 v0x55d5f83a8a40_0, 0, 8;
    %jmp T_12.17;
T_12.8 ;
    %pushi/vec4 128, 0, 8;
    %store/vec4 v0x55d5f83a8a40_0, 0, 8;
    %jmp T_12.17;
T_12.9 ;
    %pushi/vec4 152, 0, 8;
    %store/vec4 v0x55d5f83a8a40_0, 0, 8;
    %jmp T_12.17;
T_12.10 ;
    %pushi/vec4 8, 0, 8;
    %store/vec4 v0x55d5f83a8a40_0, 0, 8;
    %jmp T_12.17;
T_12.11 ;
    %pushi/vec4 0, 0, 8;
    %store/vec4 v0x55d5f83a8a40_0, 0, 8;
    %jmp T_12.17;
T_12.12 ;
    %pushi/vec4 70, 0, 8;
    %store/vec4 v0x55d5f83a8a40_0, 0, 8;
    %jmp T_12.17;
T_12.13 ;
    %pushi/vec4 64, 0, 8;
    %store/vec4 v0x55d5f83a8a40_0, 0, 8;
    %jmp T_12.17;
T_12.14 ;
    %pushi/vec4 6, 0, 8;
    %store/vec4 v0x55d5f83a8a40_0, 0, 8;
    %jmp T_12.17;
T_12.15 ;
    %pushi/vec4 14, 0, 8;
    %store/vec4 v0x55d5f83a8a40_0, 0, 8;
    %jmp T_12.17;
T_12.17 ;
    %pop/vec4 1;
    %jmp T_12;
    .thread T_12, $push;
    .scope S_0x55d5f83a8c80;
T_13 ;
    %wait E_0x55d5f83a8e90;
    %load/vec4 v0x55d5f83a9010_0;
    %dup/vec4;
    %pushi/vec4 0, 0, 4;
    %cmp/u;
    %jmp/1 T_13.0, 6;
    %dup/vec4;
    %pushi/vec4 1, 0, 4;
    %cmp/u;
    %jmp/1 T_13.1, 6;
    %dup/vec4;
    %pushi/vec4 2, 0, 4;
    %cmp/u;
    %jmp/1 T_13.2, 6;
    %dup/vec4;
    %pushi/vec4 3, 0, 4;
    %cmp/u;
    %jmp/1 T_13.3, 6;
    %dup/vec4;
    %pushi/vec4 4, 0, 4;
    %cmp/u;
    %jmp/1 T_13.4, 6;
    %dup/vec4;
    %pushi/vec4 5, 0, 4;
    %cmp/u;
    %jmp/1 T_13.5, 6;
    %dup/vec4;
    %pushi/vec4 6, 0, 4;
    %cmp/u;
    %jmp/1 T_13.6, 6;
    %dup/vec4;
    %pushi/vec4 7, 0, 4;
    %cmp/u;
    %jmp/1 T_13.7, 6;
    %dup/vec4;
    %pushi/vec4 8, 0, 4;
    %cmp/u;
    %jmp/1 T_13.8, 6;
    %dup/vec4;
    %pushi/vec4 9, 0, 4;
    %cmp/u;
    %jmp/1 T_13.9, 6;
    %dup/vec4;
    %pushi/vec4 10, 0, 4;
    %cmp/u;
    %jmp/1 T_13.10, 6;
    %dup/vec4;
    %pushi/vec4 11, 0, 4;
    %cmp/u;
    %jmp/1 T_13.11, 6;
    %dup/vec4;
    %pushi/vec4 12, 0, 4;
    %cmp/u;
    %jmp/1 T_13.12, 6;
    %dup/vec4;
    %pushi/vec4 13, 0, 4;
    %cmp/u;
    %jmp/1 T_13.13, 6;
    %dup/vec4;
    %pushi/vec4 14, 0, 4;
    %cmp/u;
    %jmp/1 T_13.14, 6;
    %dup/vec4;
    %pushi/vec4 15, 0, 4;
    %cmp/u;
    %jmp/1 T_13.15, 6;
    %pushi/vec4 0, 0, 8;
    %store/vec4 v0x55d5f83a8f10_0, 0, 8;
    %jmp T_13.17;
T_13.0 ;
    %pushi/vec4 192, 0, 8;
    %store/vec4 v0x55d5f83a8f10_0, 0, 8;
    %jmp T_13.17;
T_13.1 ;
    %pushi/vec4 249, 0, 8;
    %store/vec4 v0x55d5f83a8f10_0, 0, 8;
    %jmp T_13.17;
T_13.2 ;
    %pushi/vec4 164, 0, 8;
    %store/vec4 v0x55d5f83a8f10_0, 0, 8;
    %jmp T_13.17;
T_13.3 ;
    %pushi/vec4 176, 0, 8;
    %store/vec4 v0x55d5f83a8f10_0, 0, 8;
    %jmp T_13.17;
T_13.4 ;
    %pushi/vec4 153, 0, 8;
    %store/vec4 v0x55d5f83a8f10_0, 0, 8;
    %jmp T_13.17;
T_13.5 ;
    %pushi/vec4 146, 0, 8;
    %store/vec4 v0x55d5f83a8f10_0, 0, 8;
    %jmp T_13.17;
T_13.6 ;
    %pushi/vec4 130, 0, 8;
    %store/vec4 v0x55d5f83a8f10_0, 0, 8;
    %jmp T_13.17;
T_13.7 ;
    %pushi/vec4 248, 0, 8;
    %store/vec4 v0x55d5f83a8f10_0, 0, 8;
    %jmp T_13.17;
T_13.8 ;
    %pushi/vec4 128, 0, 8;
    %store/vec4 v0x55d5f83a8f10_0, 0, 8;
    %jmp T_13.17;
T_13.9 ;
    %pushi/vec4 152, 0, 8;
    %store/vec4 v0x55d5f83a8f10_0, 0, 8;
    %jmp T_13.17;
T_13.10 ;
    %pushi/vec4 8, 0, 8;
    %store/vec4 v0x55d5f83a8f10_0, 0, 8;
    %jmp T_13.17;
T_13.11 ;
    %pushi/vec4 0, 0, 8;
    %store/vec4 v0x55d5f83a8f10_0, 0, 8;
    %jmp T_13.17;
T_13.12 ;
    %pushi/vec4 70, 0, 8;
    %store/vec4 v0x55d5f83a8f10_0, 0, 8;
    %jmp T_13.17;
T_13.13 ;
    %pushi/vec4 64, 0, 8;
    %store/vec4 v0x55d5f83a8f10_0, 0, 8;
    %jmp T_13.17;
T_13.14 ;
    %pushi/vec4 6, 0, 8;
    %store/vec4 v0x55d5f83a8f10_0, 0, 8;
    %jmp T_13.17;
T_13.15 ;
    %pushi/vec4 14, 0, 8;
    %store/vec4 v0x55d5f83a8f10_0, 0, 8;
    %jmp T_13.17;
T_13.17 ;
    %pop/vec4 1;
    %jmp T_13;
    .thread T_13, $push;
    .scope S_0x55d5f83a9600;
T_14 ;
    %wait E_0x55d5f83a9810;
    %load/vec4 v0x55d5f83a9990_0;
    %dup/vec4;
    %pushi/vec4 0, 0, 4;
    %cmp/u;
    %jmp/1 T_14.0, 6;
    %dup/vec4;
    %pushi/vec4 1, 0, 4;
    %cmp/u;
    %jmp/1 T_14.1, 6;
    %dup/vec4;
    %pushi/vec4 2, 0, 4;
    %cmp/u;
    %jmp/1 T_14.2, 6;
    %dup/vec4;
    %pushi/vec4 3, 0, 4;
    %cmp/u;
    %jmp/1 T_14.3, 6;
    %dup/vec4;
    %pushi/vec4 4, 0, 4;
    %cmp/u;
    %jmp/1 T_14.4, 6;
    %dup/vec4;
    %pushi/vec4 5, 0, 4;
    %cmp/u;
    %jmp/1 T_14.5, 6;
    %dup/vec4;
    %pushi/vec4 6, 0, 4;
    %cmp/u;
    %jmp/1 T_14.6, 6;
    %dup/vec4;
    %pushi/vec4 7, 0, 4;
    %cmp/u;
    %jmp/1 T_14.7, 6;
    %dup/vec4;
    %pushi/vec4 8, 0, 4;
    %cmp/u;
    %jmp/1 T_14.8, 6;
    %dup/vec4;
    %pushi/vec4 9, 0, 4;
    %cmp/u;
    %jmp/1 T_14.9, 6;
    %dup/vec4;
    %pushi/vec4 10, 0, 4;
    %cmp/u;
    %jmp/1 T_14.10, 6;
    %dup/vec4;
    %pushi/vec4 11, 0, 4;
    %cmp/u;
    %jmp/1 T_14.11, 6;
    %dup/vec4;
    %pushi/vec4 12, 0, 4;
    %cmp/u;
    %jmp/1 T_14.12, 6;
    %dup/vec4;
    %pushi/vec4 13, 0, 4;
    %cmp/u;
    %jmp/1 T_14.13, 6;
    %dup/vec4;
    %pushi/vec4 14, 0, 4;
    %cmp/u;
    %jmp/1 T_14.14, 6;
    %dup/vec4;
    %pushi/vec4 15, 0, 4;
    %cmp/u;
    %jmp/1 T_14.15, 6;
    %pushi/vec4 0, 0, 8;
    %store/vec4 v0x55d5f83a9890_0, 0, 8;
    %jmp T_14.17;
T_14.0 ;
    %pushi/vec4 192, 0, 8;
    %store/vec4 v0x55d5f83a9890_0, 0, 8;
    %jmp T_14.17;
T_14.1 ;
    %pushi/vec4 249, 0, 8;
    %store/vec4 v0x55d5f83a9890_0, 0, 8;
    %jmp T_14.17;
T_14.2 ;
    %pushi/vec4 164, 0, 8;
    %store/vec4 v0x55d5f83a9890_0, 0, 8;
    %jmp T_14.17;
T_14.3 ;
    %pushi/vec4 176, 0, 8;
    %store/vec4 v0x55d5f83a9890_0, 0, 8;
    %jmp T_14.17;
T_14.4 ;
    %pushi/vec4 153, 0, 8;
    %store/vec4 v0x55d5f83a9890_0, 0, 8;
    %jmp T_14.17;
T_14.5 ;
    %pushi/vec4 146, 0, 8;
    %store/vec4 v0x55d5f83a9890_0, 0, 8;
    %jmp T_14.17;
T_14.6 ;
    %pushi/vec4 130, 0, 8;
    %store/vec4 v0x55d5f83a9890_0, 0, 8;
    %jmp T_14.17;
T_14.7 ;
    %pushi/vec4 248, 0, 8;
    %store/vec4 v0x55d5f83a9890_0, 0, 8;
    %jmp T_14.17;
T_14.8 ;
    %pushi/vec4 128, 0, 8;
    %store/vec4 v0x55d5f83a9890_0, 0, 8;
    %jmp T_14.17;
T_14.9 ;
    %pushi/vec4 152, 0, 8;
    %store/vec4 v0x55d5f83a9890_0, 0, 8;
    %jmp T_14.17;
T_14.10 ;
    %pushi/vec4 8, 0, 8;
    %store/vec4 v0x55d5f83a9890_0, 0, 8;
    %jmp T_14.17;
T_14.11 ;
    %pushi/vec4 0, 0, 8;
    %store/vec4 v0x55d5f83a9890_0, 0, 8;
    %jmp T_14.17;
T_14.12 ;
    %pushi/vec4 70, 0, 8;
    %store/vec4 v0x55d5f83a9890_0, 0, 8;
    %jmp T_14.17;
T_14.13 ;
    %pushi/vec4 64, 0, 8;
    %store/vec4 v0x55d5f83a9890_0, 0, 8;
    %jmp T_14.17;
T_14.14 ;
    %pushi/vec4 6, 0, 8;
    %store/vec4 v0x55d5f83a9890_0, 0, 8;
    %jmp T_14.17;
T_14.15 ;
    %pushi/vec4 14, 0, 8;
    %store/vec4 v0x55d5f83a9890_0, 0, 8;
    %jmp T_14.17;
T_14.17 ;
    %pop/vec4 1;
    %jmp T_14;
    .thread T_14, $push;
    .scope S_0x55d5f83a9ad0;
T_15 ;
    %wait E_0x55d5f83a9d30;
    %load/vec4 v0x55d5f83a9eb0_0;
    %dup/vec4;
    %pushi/vec4 0, 0, 4;
    %cmp/u;
    %jmp/1 T_15.0, 6;
    %dup/vec4;
    %pushi/vec4 1, 0, 4;
    %cmp/u;
    %jmp/1 T_15.1, 6;
    %dup/vec4;
    %pushi/vec4 2, 0, 4;
    %cmp/u;
    %jmp/1 T_15.2, 6;
    %dup/vec4;
    %pushi/vec4 3, 0, 4;
    %cmp/u;
    %jmp/1 T_15.3, 6;
    %dup/vec4;
    %pushi/vec4 4, 0, 4;
    %cmp/u;
    %jmp/1 T_15.4, 6;
    %dup/vec4;
    %pushi/vec4 5, 0, 4;
    %cmp/u;
    %jmp/1 T_15.5, 6;
    %dup/vec4;
    %pushi/vec4 6, 0, 4;
    %cmp/u;
    %jmp/1 T_15.6, 6;
    %dup/vec4;
    %pushi/vec4 7, 0, 4;
    %cmp/u;
    %jmp/1 T_15.7, 6;
    %dup/vec4;
    %pushi/vec4 8, 0, 4;
    %cmp/u;
    %jmp/1 T_15.8, 6;
    %dup/vec4;
    %pushi/vec4 9, 0, 4;
    %cmp/u;
    %jmp/1 T_15.9, 6;
    %dup/vec4;
    %pushi/vec4 10, 0, 4;
    %cmp/u;
    %jmp/1 T_15.10, 6;
    %dup/vec4;
    %pushi/vec4 11, 0, 4;
    %cmp/u;
    %jmp/1 T_15.11, 6;
    %dup/vec4;
    %pushi/vec4 12, 0, 4;
    %cmp/u;
    %jmp/1 T_15.12, 6;
    %dup/vec4;
    %pushi/vec4 13, 0, 4;
    %cmp/u;
    %jmp/1 T_15.13, 6;
    %dup/vec4;
    %pushi/vec4 14, 0, 4;
    %cmp/u;
    %jmp/1 T_15.14, 6;
    %dup/vec4;
    %pushi/vec4 15, 0, 4;
    %cmp/u;
    %jmp/1 T_15.15, 6;
    %pushi/vec4 0, 0, 8;
    %store/vec4 v0x55d5f83a9db0_0, 0, 8;
    %jmp T_15.17;
T_15.0 ;
    %pushi/vec4 192, 0, 8;
    %store/vec4 v0x55d5f83a9db0_0, 0, 8;
    %jmp T_15.17;
T_15.1 ;
    %pushi/vec4 249, 0, 8;
    %store/vec4 v0x55d5f83a9db0_0, 0, 8;
    %jmp T_15.17;
T_15.2 ;
    %pushi/vec4 164, 0, 8;
    %store/vec4 v0x55d5f83a9db0_0, 0, 8;
    %jmp T_15.17;
T_15.3 ;
    %pushi/vec4 176, 0, 8;
    %store/vec4 v0x55d5f83a9db0_0, 0, 8;
    %jmp T_15.17;
T_15.4 ;
    %pushi/vec4 153, 0, 8;
    %store/vec4 v0x55d5f83a9db0_0, 0, 8;
    %jmp T_15.17;
T_15.5 ;
    %pushi/vec4 146, 0, 8;
    %store/vec4 v0x55d5f83a9db0_0, 0, 8;
    %jmp T_15.17;
T_15.6 ;
    %pushi/vec4 130, 0, 8;
    %store/vec4 v0x55d5f83a9db0_0, 0, 8;
    %jmp T_15.17;
T_15.7 ;
    %pushi/vec4 248, 0, 8;
    %store/vec4 v0x55d5f83a9db0_0, 0, 8;
    %jmp T_15.17;
T_15.8 ;
    %pushi/vec4 128, 0, 8;
    %store/vec4 v0x55d5f83a9db0_0, 0, 8;
    %jmp T_15.17;
T_15.9 ;
    %pushi/vec4 152, 0, 8;
    %store/vec4 v0x55d5f83a9db0_0, 0, 8;
    %jmp T_15.17;
T_15.10 ;
    %pushi/vec4 8, 0, 8;
    %store/vec4 v0x55d5f83a9db0_0, 0, 8;
    %jmp T_15.17;
T_15.11 ;
    %pushi/vec4 0, 0, 8;
    %store/vec4 v0x55d5f83a9db0_0, 0, 8;
    %jmp T_15.17;
T_15.12 ;
    %pushi/vec4 70, 0, 8;
    %store/vec4 v0x55d5f83a9db0_0, 0, 8;
    %jmp T_15.17;
T_15.13 ;
    %pushi/vec4 64, 0, 8;
    %store/vec4 v0x55d5f83a9db0_0, 0, 8;
    %jmp T_15.17;
T_15.14 ;
    %pushi/vec4 6, 0, 8;
    %store/vec4 v0x55d5f83a9db0_0, 0, 8;
    %jmp T_15.17;
T_15.15 ;
    %pushi/vec4 14, 0, 8;
    %store/vec4 v0x55d5f83a9db0_0, 0, 8;
    %jmp T_15.17;
T_15.17 ;
    %pop/vec4 1;
    %jmp T_15;
    .thread T_15, $push;
    .scope S_0x55d5f83a9ff0;
T_16 ;
    %wait E_0x55d5f83aa200;
    %load/vec4 v0x55d5f83aa380_0;
    %dup/vec4;
    %pushi/vec4 0, 0, 4;
    %cmp/u;
    %jmp/1 T_16.0, 6;
    %dup/vec4;
    %pushi/vec4 1, 0, 4;
    %cmp/u;
    %jmp/1 T_16.1, 6;
    %dup/vec4;
    %pushi/vec4 2, 0, 4;
    %cmp/u;
    %jmp/1 T_16.2, 6;
    %dup/vec4;
    %pushi/vec4 3, 0, 4;
    %cmp/u;
    %jmp/1 T_16.3, 6;
    %dup/vec4;
    %pushi/vec4 4, 0, 4;
    %cmp/u;
    %jmp/1 T_16.4, 6;
    %dup/vec4;
    %pushi/vec4 5, 0, 4;
    %cmp/u;
    %jmp/1 T_16.5, 6;
    %dup/vec4;
    %pushi/vec4 6, 0, 4;
    %cmp/u;
    %jmp/1 T_16.6, 6;
    %dup/vec4;
    %pushi/vec4 7, 0, 4;
    %cmp/u;
    %jmp/1 T_16.7, 6;
    %dup/vec4;
    %pushi/vec4 8, 0, 4;
    %cmp/u;
    %jmp/1 T_16.8, 6;
    %dup/vec4;
    %pushi/vec4 9, 0, 4;
    %cmp/u;
    %jmp/1 T_16.9, 6;
    %dup/vec4;
    %pushi/vec4 10, 0, 4;
    %cmp/u;
    %jmp/1 T_16.10, 6;
    %dup/vec4;
    %pushi/vec4 11, 0, 4;
    %cmp/u;
    %jmp/1 T_16.11, 6;
    %dup/vec4;
    %pushi/vec4 12, 0, 4;
    %cmp/u;
    %jmp/1 T_16.12, 6;
    %dup/vec4;
    %pushi/vec4 13, 0, 4;
    %cmp/u;
    %jmp/1 T_16.13, 6;
    %dup/vec4;
    %pushi/vec4 14, 0, 4;
    %cmp/u;
    %jmp/1 T_16.14, 6;
    %dup/vec4;
    %pushi/vec4 15, 0, 4;
    %cmp/u;
    %jmp/1 T_16.15, 6;
    %pushi/vec4 0, 0, 8;
    %store/vec4 v0x55d5f83aa280_0, 0, 8;
    %jmp T_16.17;
T_16.0 ;
    %pushi/vec4 192, 0, 8;
    %store/vec4 v0x55d5f83aa280_0, 0, 8;
    %jmp T_16.17;
T_16.1 ;
    %pushi/vec4 249, 0, 8;
    %store/vec4 v0x55d5f83aa280_0, 0, 8;
    %jmp T_16.17;
T_16.2 ;
    %pushi/vec4 164, 0, 8;
    %store/vec4 v0x55d5f83aa280_0, 0, 8;
    %jmp T_16.17;
T_16.3 ;
    %pushi/vec4 176, 0, 8;
    %store/vec4 v0x55d5f83aa280_0, 0, 8;
    %jmp T_16.17;
T_16.4 ;
    %pushi/vec4 153, 0, 8;
    %store/vec4 v0x55d5f83aa280_0, 0, 8;
    %jmp T_16.17;
T_16.5 ;
    %pushi/vec4 146, 0, 8;
    %store/vec4 v0x55d5f83aa280_0, 0, 8;
    %jmp T_16.17;
T_16.6 ;
    %pushi/vec4 130, 0, 8;
    %store/vec4 v0x55d5f83aa280_0, 0, 8;
    %jmp T_16.17;
T_16.7 ;
    %pushi/vec4 248, 0, 8;
    %store/vec4 v0x55d5f83aa280_0, 0, 8;
    %jmp T_16.17;
T_16.8 ;
    %pushi/vec4 128, 0, 8;
    %store/vec4 v0x55d5f83aa280_0, 0, 8;
    %jmp T_16.17;
T_16.9 ;
    %pushi/vec4 152, 0, 8;
    %store/vec4 v0x55d5f83aa280_0, 0, 8;
    %jmp T_16.17;
T_16.10 ;
    %pushi/vec4 8, 0, 8;
    %store/vec4 v0x55d5f83aa280_0, 0, 8;
    %jmp T_16.17;
T_16.11 ;
    %pushi/vec4 0, 0, 8;
    %store/vec4 v0x55d5f83aa280_0, 0, 8;
    %jmp T_16.17;
T_16.12 ;
    %pushi/vec4 70, 0, 8;
    %store/vec4 v0x55d5f83aa280_0, 0, 8;
    %jmp T_16.17;
T_16.13 ;
    %pushi/vec4 64, 0, 8;
    %store/vec4 v0x55d5f83aa280_0, 0, 8;
    %jmp T_16.17;
T_16.14 ;
    %pushi/vec4 6, 0, 8;
    %store/vec4 v0x55d5f83aa280_0, 0, 8;
    %jmp T_16.17;
T_16.15 ;
    %pushi/vec4 14, 0, 8;
    %store/vec4 v0x55d5f83aa280_0, 0, 8;
    %jmp T_16.17;
T_16.17 ;
    %pop/vec4 1;
    %jmp T_16;
    .thread T_16, $push;
    .scope S_0x55d5f83a83c0;
T_17 ;
    %pushi/vec4 3, 0, 4;
    %store/vec4 v0x55d5f83aad50_0, 0, 4;
    %end;
    .thread T_17;
    .scope S_0x55d5f83a83c0;
T_18 ;
    %wait E_0x55d5f83a8710;
    %pushi/vec4 0, 0, 8;
    %ix/load 4, 0, 0;
    %flag_set/imm 4, 0;
    %store/vec4 v0x55d5f83aac70_0, 4, 8;
    %load/vec4 v0x55d5f83aab20_0;
    %parti/s 1, 0, 2;
    %flag_set/vec4 8;
    %jmp/0xz  T_18.0, 8;
    %load/vec4 v0x55d5f83aae40_0;
    %pad/u 8;
    %ix/load 4, 0, 0;
    %flag_set/imm 4, 0;
    %store/vec4 v0x55d5f83aac70_0, 4, 8;
    %jmp T_18.1;
T_18.0 ;
    %load/vec4 v0x55d5f83aae40_0;
    %inv;
    %pad/u 8;
    %ix/load 4, 0, 0;
    %flag_set/imm 4, 0;
    %store/vec4 v0x55d5f83aac70_0, 4, 8;
T_18.1 ;
    %jmp T_18;
    .thread T_18, $push;
    .scope S_0x55d5f83a83c0;
T_19 ;
    %wait E_0x55d5f83a8690;
    %load/vec4 v0x55d5f83aab20_0;
    %parti/s 1, 1, 2;
    %flag_set/vec4 8;
    %jmp/0xz  T_19.0, 8;
    %pushi/vec4 3, 0, 4;
    %store/vec4 v0x55d5f83aad50_0, 0, 4;
    %jmp T_19.1;
T_19.0 ;
    %pushi/vec4 4, 0, 4;
    %store/vec4 v0x55d5f83aad50_0, 0, 4;
T_19.1 ;
    %jmp T_19;
    .thread T_19, $push;
    .scope S_0x55d5f83ab270;
T_20 ;
    %wait E_0x55d5f83ab4c0;
    %load/vec4 v0x55d5f83ab640_0;
    %dup/vec4;
    %pushi/vec4 0, 0, 4;
    %cmp/u;
    %jmp/1 T_20.0, 6;
    %dup/vec4;
    %pushi/vec4 1, 0, 4;
    %cmp/u;
    %jmp/1 T_20.1, 6;
    %dup/vec4;
    %pushi/vec4 2, 0, 4;
    %cmp/u;
    %jmp/1 T_20.2, 6;
    %dup/vec4;
    %pushi/vec4 3, 0, 4;
    %cmp/u;
    %jmp/1 T_20.3, 6;
    %dup/vec4;
    %pushi/vec4 4, 0, 4;
    %cmp/u;
    %jmp/1 T_20.4, 6;
    %dup/vec4;
    %pushi/vec4 5, 0, 4;
    %cmp/u;
    %jmp/1 T_20.5, 6;
    %dup/vec4;
    %pushi/vec4 6, 0, 4;
    %cmp/u;
    %jmp/1 T_20.6, 6;
    %dup/vec4;
    %pushi/vec4 7, 0, 4;
    %cmp/u;
    %jmp/1 T_20.7, 6;
    %dup/vec4;
    %pushi/vec4 8, 0, 4;
    %cmp/u;
    %jmp/1 T_20.8, 6;
    %dup/vec4;
    %pushi/vec4 9, 0, 4;
    %cmp/u;
    %jmp/1 T_20.9, 6;
    %dup/vec4;
    %pushi/vec4 10, 0, 4;
    %cmp/u;
    %jmp/1 T_20.10, 6;
    %dup/vec4;
    %pushi/vec4 11, 0, 4;
    %cmp/u;
    %jmp/1 T_20.11, 6;
    %dup/vec4;
    %pushi/vec4 12, 0, 4;
    %cmp/u;
    %jmp/1 T_20.12, 6;
    %dup/vec4;
    %pushi/vec4 13, 0, 4;
    %cmp/u;
    %jmp/1 T_20.13, 6;
    %dup/vec4;
    %pushi/vec4 14, 0, 4;
    %cmp/u;
    %jmp/1 T_20.14, 6;
    %dup/vec4;
    %pushi/vec4 15, 0, 4;
    %cmp/u;
    %jmp/1 T_20.15, 6;
    %pushi/vec4 0, 0, 8;
    %store/vec4 v0x55d5f83ab540_0, 0, 8;
    %jmp T_20.17;
T_20.0 ;
    %pushi/vec4 192, 0, 8;
    %store/vec4 v0x55d5f83ab540_0, 0, 8;
    %jmp T_20.17;
T_20.1 ;
    %pushi/vec4 249, 0, 8;
    %store/vec4 v0x55d5f83ab540_0, 0, 8;
    %jmp T_20.17;
T_20.2 ;
    %pushi/vec4 164, 0, 8;
    %store/vec4 v0x55d5f83ab540_0, 0, 8;
    %jmp T_20.17;
T_20.3 ;
    %pushi/vec4 176, 0, 8;
    %store/vec4 v0x55d5f83ab540_0, 0, 8;
    %jmp T_20.17;
T_20.4 ;
    %pushi/vec4 153, 0, 8;
    %store/vec4 v0x55d5f83ab540_0, 0, 8;
    %jmp T_20.17;
T_20.5 ;
    %pushi/vec4 146, 0, 8;
    %store/vec4 v0x55d5f83ab540_0, 0, 8;
    %jmp T_20.17;
T_20.6 ;
    %pushi/vec4 130, 0, 8;
    %store/vec4 v0x55d5f83ab540_0, 0, 8;
    %jmp T_20.17;
T_20.7 ;
    %pushi/vec4 248, 0, 8;
    %store/vec4 v0x55d5f83ab540_0, 0, 8;
    %jmp T_20.17;
T_20.8 ;
    %pushi/vec4 128, 0, 8;
    %store/vec4 v0x55d5f83ab540_0, 0, 8;
    %jmp T_20.17;
T_20.9 ;
    %pushi/vec4 152, 0, 8;
    %store/vec4 v0x55d5f83ab540_0, 0, 8;
    %jmp T_20.17;
T_20.10 ;
    %pushi/vec4 8, 0, 8;
    %store/vec4 v0x55d5f83ab540_0, 0, 8;
    %jmp T_20.17;
T_20.11 ;
    %pushi/vec4 0, 0, 8;
    %store/vec4 v0x55d5f83ab540_0, 0, 8;
    %jmp T_20.17;
T_20.12 ;
    %pushi/vec4 70, 0, 8;
    %store/vec4 v0x55d5f83ab540_0, 0, 8;
    %jmp T_20.17;
T_20.13 ;
    %pushi/vec4 64, 0, 8;
    %store/vec4 v0x55d5f83ab540_0, 0, 8;
    %jmp T_20.17;
T_20.14 ;
    %pushi/vec4 6, 0, 8;
    %store/vec4 v0x55d5f83ab540_0, 0, 8;
    %jmp T_20.17;
T_20.15 ;
    %pushi/vec4 14, 0, 8;
    %store/vec4 v0x55d5f83ab540_0, 0, 8;
    %jmp T_20.17;
T_20.17 ;
    %pop/vec4 1;
    %jmp T_20;
    .thread T_20, $push;
    .scope S_0x55d5f83ab780;
T_21 ;
    %wait E_0x55d5f83ab990;
    %load/vec4 v0x55d5f83abb10_0;
    %dup/vec4;
    %pushi/vec4 0, 0, 4;
    %cmp/u;
    %jmp/1 T_21.0, 6;
    %dup/vec4;
    %pushi/vec4 1, 0, 4;
    %cmp/u;
    %jmp/1 T_21.1, 6;
    %dup/vec4;
    %pushi/vec4 2, 0, 4;
    %cmp/u;
    %jmp/1 T_21.2, 6;
    %dup/vec4;
    %pushi/vec4 3, 0, 4;
    %cmp/u;
    %jmp/1 T_21.3, 6;
    %dup/vec4;
    %pushi/vec4 4, 0, 4;
    %cmp/u;
    %jmp/1 T_21.4, 6;
    %dup/vec4;
    %pushi/vec4 5, 0, 4;
    %cmp/u;
    %jmp/1 T_21.5, 6;
    %dup/vec4;
    %pushi/vec4 6, 0, 4;
    %cmp/u;
    %jmp/1 T_21.6, 6;
    %dup/vec4;
    %pushi/vec4 7, 0, 4;
    %cmp/u;
    %jmp/1 T_21.7, 6;
    %dup/vec4;
    %pushi/vec4 8, 0, 4;
    %cmp/u;
    %jmp/1 T_21.8, 6;
    %dup/vec4;
    %pushi/vec4 9, 0, 4;
    %cmp/u;
    %jmp/1 T_21.9, 6;
    %dup/vec4;
    %pushi/vec4 10, 0, 4;
    %cmp/u;
    %jmp/1 T_21.10, 6;
    %dup/vec4;
    %pushi/vec4 11, 0, 4;
    %cmp/u;
    %jmp/1 T_21.11, 6;
    %dup/vec4;
    %pushi/vec4 12, 0, 4;
    %cmp/u;
    %jmp/1 T_21.12, 6;
    %dup/vec4;
    %pushi/vec4 13, 0, 4;
    %cmp/u;
    %jmp/1 T_21.13, 6;
    %dup/vec4;
    %pushi/vec4 14, 0, 4;
    %cmp/u;
    %jmp/1 T_21.14, 6;
    %dup/vec4;
    %pushi/vec4 15, 0, 4;
    %cmp/u;
    %jmp/1 T_21.15, 6;
    %pushi/vec4 0, 0, 8;
    %store/vec4 v0x55d5f83aba10_0, 0, 8;
    %jmp T_21.17;
T_21.0 ;
    %pushi/vec4 192, 0, 8;
    %store/vec4 v0x55d5f83aba10_0, 0, 8;
    %jmp T_21.17;
T_21.1 ;
    %pushi/vec4 249, 0, 8;
    %store/vec4 v0x55d5f83aba10_0, 0, 8;
    %jmp T_21.17;
T_21.2 ;
    %pushi/vec4 164, 0, 8;
    %store/vec4 v0x55d5f83aba10_0, 0, 8;
    %jmp T_21.17;
T_21.3 ;
    %pushi/vec4 176, 0, 8;
    %store/vec4 v0x55d5f83aba10_0, 0, 8;
    %jmp T_21.17;
T_21.4 ;
    %pushi/vec4 153, 0, 8;
    %store/vec4 v0x55d5f83aba10_0, 0, 8;
    %jmp T_21.17;
T_21.5 ;
    %pushi/vec4 146, 0, 8;
    %store/vec4 v0x55d5f83aba10_0, 0, 8;
    %jmp T_21.17;
T_21.6 ;
    %pushi/vec4 130, 0, 8;
    %store/vec4 v0x55d5f83aba10_0, 0, 8;
    %jmp T_21.17;
T_21.7 ;
    %pushi/vec4 248, 0, 8;
    %store/vec4 v0x55d5f83aba10_0, 0, 8;
    %jmp T_21.17;
T_21.8 ;
    %pushi/vec4 128, 0, 8;
    %store/vec4 v0x55d5f83aba10_0, 0, 8;
    %jmp T_21.17;
T_21.9 ;
    %pushi/vec4 152, 0, 8;
    %store/vec4 v0x55d5f83aba10_0, 0, 8;
    %jmp T_21.17;
T_21.10 ;
    %pushi/vec4 8, 0, 8;
    %store/vec4 v0x55d5f83aba10_0, 0, 8;
    %jmp T_21.17;
T_21.11 ;
    %pushi/vec4 0, 0, 8;
    %store/vec4 v0x55d5f83aba10_0, 0, 8;
    %jmp T_21.17;
T_21.12 ;
    %pushi/vec4 70, 0, 8;
    %store/vec4 v0x55d5f83aba10_0, 0, 8;
    %jmp T_21.17;
T_21.13 ;
    %pushi/vec4 64, 0, 8;
    %store/vec4 v0x55d5f83aba10_0, 0, 8;
    %jmp T_21.17;
T_21.14 ;
    %pushi/vec4 6, 0, 8;
    %store/vec4 v0x55d5f83aba10_0, 0, 8;
    %jmp T_21.17;
T_21.15 ;
    %pushi/vec4 14, 0, 8;
    %store/vec4 v0x55d5f83aba10_0, 0, 8;
    %jmp T_21.17;
T_21.17 ;
    %pop/vec4 1;
    %jmp T_21;
    .thread T_21, $push;
    .scope S_0x55d5f83ab020;
T_22 ;
    %wait E_0x55d5f83ab210;
    %pushi/vec4 0, 0, 1;
    %ix/load 4, 8, 0;
    %flag_set/imm 4, 0;
    %store/vec4 v0x55d5f83ac280_0, 4, 1;
    %pushi/vec4 0, 0, 1;
    %ix/load 4, 9, 0;
    %flag_set/imm 4, 0;
    %store/vec4 v0x55d5f83ac280_0, 4, 1;
    %pushi/vec4 255, 0, 8;
    %store/vec4 v0x55d5f83abef0_0, 0, 8;
    %pushi/vec4 255, 0, 8;
    %store/vec4 v0x55d5f83abfd0_0, 0, 8;
    %load/vec4 v0x55d5f83ac360_0;
    %parti/s 4, 0, 2;
    %load/vec4 v0x55d5f83ac360_0;
    %parti/s 4, 4, 4;
    %cmp/u;
    %jmp/0xz  T_22.0, 5;
    %pushi/vec4 0, 0, 1;
    %ix/load 4, 0, 0;
    %flag_set/imm 4, 0;
    %store/vec4 v0x55d5f83ac280_0, 4, 1;
    %pushi/vec4 1, 0, 1;
    %ix/load 4, 1, 0;
    %flag_set/imm 4, 0;
    %store/vec4 v0x55d5f83ac280_0, 4, 1;
    %pushi/vec4 0, 0, 1;
    %ix/load 4, 2, 0;
    %flag_set/imm 4, 0;
    %store/vec4 v0x55d5f83ac280_0, 4, 1;
    %pushi/vec4 199, 0, 8;
    %store/vec4 v0x55d5f83abe20_0, 0, 8;
    %pushi/vec4 255, 0, 8;
    %store/vec4 v0x55d5f83ac1c0_0, 0, 8;
    %jmp T_22.1;
T_22.0 ;
    %load/vec4 v0x55d5f83ac360_0;
    %parti/s 4, 4, 4;
    %load/vec4 v0x55d5f83ac360_0;
    %parti/s 4, 0, 2;
    %cmp/u;
    %jmp/0xz  T_22.2, 5;
    %pushi/vec4 1, 0, 1;
    %ix/load 4, 0, 0;
    %flag_set/imm 4, 0;
    %store/vec4 v0x55d5f83ac280_0, 4, 1;
    %pushi/vec4 0, 0, 1;
    %ix/load 4, 1, 0;
    %flag_set/imm 4, 0;
    %store/vec4 v0x55d5f83ac280_0, 4, 1;
    %pushi/vec4 0, 0, 1;
    %ix/load 4, 2, 0;
    %flag_set/imm 4, 0;
    %store/vec4 v0x55d5f83ac280_0, 4, 1;
    %pushi/vec4 255, 0, 8;
    %store/vec4 v0x55d5f83abe20_0, 0, 8;
    %pushi/vec4 199, 0, 8;
    %store/vec4 v0x55d5f83ac1c0_0, 0, 8;
    %jmp T_22.3;
T_22.2 ;
    %pushi/vec4 0, 0, 1;
    %ix/load 4, 0, 0;
    %flag_set/imm 4, 0;
    %store/vec4 v0x55d5f83ac280_0, 4, 1;
    %pushi/vec4 0, 0, 1;
    %ix/load 4, 1, 0;
    %flag_set/imm 4, 0;
    %store/vec4 v0x55d5f83ac280_0, 4, 1;
    %pushi/vec4 1, 0, 1;
    %ix/load 4, 2, 0;
    %flag_set/imm 4, 0;
    %store/vec4 v0x55d5f83ac280_0, 4, 1;
    %pushi/vec4 134, 0, 8;
    %store/vec4 v0x55d5f83abe20_0, 0, 8;
    %pushi/vec4 134, 0, 8;
    %store/vec4 v0x55d5f83ac1c0_0, 0, 8;
T_22.3 ;
T_22.1 ;
    %jmp T_22;
    .thread T_22, $push;
    .scope S_0x55d5f837b020;
T_23 ;
    %wait E_0x55d5f83a8360;
    %load/vec4 v0x55d5f83accb0_0;
    %parti/s 1, 9, 5;
    %inv;
    %flag_set/vec4 8;
    %jmp/0xz  T_23.0, 8;
    %load/vec4 v0x55d5f83ada00_0;
    %store/vec4 v0x55d5f83acbf0_0, 0, 10;
    %load/vec4 v0x55d5f83acee0_0;
    %store/vec4 v0x55d5f83ac5c0_0, 0, 8;
    %load/vec4 v0x55d5f83ad100_0;
    %store/vec4 v0x55d5f83ac6c0_0, 0, 8;
    %load/vec4 v0x55d5f83ad2d0_0;
    %store/vec4 v0x55d5f83ac7a0_0, 0, 8;
    %load/vec4 v0x55d5f83ad480_0;
    %store/vec4 v0x55d5f83ac890_0, 0, 8;
    %load/vec4 v0x55d5f83ad630_0;
    %store/vec4 v0x55d5f83ac970_0, 0, 8;
    %load/vec4 v0x55d5f83ad830_0;
    %store/vec4 v0x55d5f83aca50_0, 0, 8;
    %jmp T_23.1;
T_23.0 ;
    %load/vec4 v0x55d5f83adaa0_0;
    %store/vec4 v0x55d5f83acbf0_0, 0, 10;
    %load/vec4 v0x55d5f83acff0_0;
    %store/vec4 v0x55d5f83ac5c0_0, 0, 8;
    %load/vec4 v0x55d5f83ad210_0;
    %store/vec4 v0x55d5f83ac6c0_0, 0, 8;
    %load/vec4 v0x55d5f83ad3c0_0;
    %store/vec4 v0x55d5f83ac7a0_0, 0, 8;
    %load/vec4 v0x55d5f83ad570_0;
    %store/vec4 v0x55d5f83ac890_0, 0, 8;
    %load/vec4 v0x55d5f83ad720_0;
    %store/vec4 v0x55d5f83ac970_0, 0, 8;
    %load/vec4 v0x55d5f83ad940_0;
    %store/vec4 v0x55d5f83aca50_0, 0, 8;
T_23.1 ;
    %jmp T_23;
    .thread T_23, $push;
# The file index is used to find the file name in the following table.
:file_names 7;
    "N/A";
    "<interactive>";
    "tb1.v";
    "design1.v";
    "sevenSeg.v";
    "top.v";
    "design2.v";
