#! /usr/local/bin/vvp
:ivl_version "10.3 (stable)" "(v10_3-19-gfc7d604e)";
:ivl_delay_selection "TYPICAL";
:vpi_time_precision - 10;
:vpi_module "system";
:vpi_module "vhdl_sys";
:vpi_module "v2005_math";
:vpi_module "va_math";
S_0x55d58e4a7010 .scope module, "tb" "tb" 2 3;
 .timescale -9 -10;
v0x55d58e4d1ee0_0 .var "clock", 0 0;
v0x55d58e4d1ff0_0 .var "counter", 7 0;
v0x55d58e4d20d0_0 .net "testHEX0", 7 0, v0x55d58e4aead0_0;  1 drivers
o0x7fc604c4f768 .functor BUFZ 8, C4<zzzzzzzz>; HiZ drive
v0x55d58e4d2170_0 .net "testHEX1", 7 0, o0x7fc604c4f768;  0 drivers
o0x7fc604c4f798 .functor BUFZ 8, C4<zzzzzzzz>; HiZ drive
v0x55d58e4d2250_0 .net "testHEX2", 7 0, o0x7fc604c4f798;  0 drivers
o0x7fc604c4f7c8 .functor BUFZ 8, C4<zzzzzzzz>; HiZ drive
v0x55d58e4d2380_0 .net "testHEX3", 7 0, o0x7fc604c4f7c8;  0 drivers
o0x7fc604c4f7f8 .functor BUFZ 8, C4<zzzzzzzz>; HiZ drive
v0x55d58e4d2460_0 .net "testHEX4", 7 0, o0x7fc604c4f7f8;  0 drivers
o0x7fc604c4f828 .functor BUFZ 8, C4<zzzzzzzz>; HiZ drive
v0x55d58e4d2540_0 .net "testHEX5", 7 0, o0x7fc604c4f828;  0 drivers
v0x55d58e4d2620_0 .var "testKEY", 1 0;
v0x55d58e4d2770_0 .net "testLED", 9 0, v0x55d58e4d15e0_0;  1 drivers
v0x55d58e4d2810_0 .var "testSW", 7 0;
S_0x55d58e4a7190 .scope module, "DUT" "top" 2 17, 3 1 0, S_0x55d58e4a7010;
 .timescale -9 -10;
    .port_info 0 /INPUT 1 "ADC_CLK_10"
    .port_info 1 /INPUT 8 "SW"
    .port_info 2 /INPUT 2 "KEY"
    .port_info 3 /OUTPUT 10 "LEDR"
    .port_info 4 /OUTPUT 8 "HEX0"
v0x55d58e4d1370_0 .net "ADC_CLK_10", 0 0, v0x55d58e4d1ee0_0;  1 drivers
v0x55d58e4d1430_0 .net "HEX0", 7 0, v0x55d58e4aead0_0;  alias, 1 drivers
v0x55d58e4d1520_0 .net "KEY", 1 0, v0x55d58e4d2620_0;  1 drivers
v0x55d58e4d15e0_0 .var "LEDR", 9 0;
v0x55d58e4d16c0_0 .net "SW", 7 0, v0x55d58e4d2810_0;  1 drivers
v0x55d58e4d17f0_0 .net *"_s14", 0 0, L_0x55d58e4e2b10;  1 drivers
v0x55d58e4d18d0_0 .net *"_s17", 0 0, L_0x55d58e4e2bb0;  1 drivers
v0x55d58e4d19b0_0 .net "clock", 0 0, v0x55d58e4d1050_0;  1 drivers
v0x55d58e4d1aa0_0 .net "l_LEDS", 2 0, v0x55d58e4d07f0_0;  1 drivers
v0x55d58e4d1b60_0 .var "left_LEDs", 2 0;
v0x55d58e4d1c20_0 .net "r_LEDS", 2 0, v0x55d58e4d0a50_0;  1 drivers
v0x55d58e4d1ce0_0 .var "reset", 0 0;
v0x55d58e4d1d80_0 .var "right_LEDs", 2 0;
E_0x55d58e4a16a0 .event edge, v0x55d58e4d0990_0, L_0x55d58e4e2bb0, L_0x55d58e4e2b10, v0x55d58e4d16c0_0;
E_0x55d58e4a1930 .event edge, v0x55d58e4d0f90_0;
E_0x55d58e4a1370 .event edge, v0x55d58e4d0a50_0, v0x55d58e4d07f0_0;
L_0x55d58e4e2950 .part v0x55d58e4d2810_0, 0, 1;
L_0x55d58e4e2a20 .part v0x55d58e4d2620_0, 1, 1;
L_0x55d58e4e2b10 .part v0x55d58e4d2620_0, 1, 1;
L_0x55d58e4e2bb0 .part v0x55d58e4d2620_0, 0, 1;
S_0x55d58e4aa320 .scope module, "B0" "blink" 3 40, 4 1 0, S_0x55d58e4a7190;
 .timescale -9 -10;
    .port_info 0 /INPUT 1 "clock"
    .port_info 1 /INPUT 1 "hazards"
    .port_info 2 /INPUT 1 "reset_n"
    .port_info 3 /INPUT 1 "turnChange"
    .port_info 4 /OUTPUT 3 "rightLEDs"
    .port_info 5 /OUTPUT 3 "leftLEDs"
    .port_info 6 /OUTPUT 8 "hex"
v0x55d58e4aef90_0 .var "blink", 1 0;
v0x55d58e4d04e0_0 .var "blinkState", 1 0;
v0x55d58e4d05a0_0 .net "clock", 0 0, v0x55d58e4d1050_0;  alias, 1 drivers
v0x55d58e4d0640_0 .net "hazards", 0 0, L_0x55d58e4e2950;  1 drivers
v0x55d58e4d06e0_0 .net "hex", 7 0, v0x55d58e4aead0_0;  alias, 1 drivers
v0x55d58e4d07f0_0 .var "leftLEDs", 2 0;
v0x55d58e4d08b0_0 .var "next", 1 0;
v0x55d58e4d0990_0 .net "reset_n", 0 0, v0x55d58e4d1ce0_0;  1 drivers
v0x55d58e4d0a50_0 .var "rightLEDs", 0 2;
v0x55d58e4d0b30_0 .net "turnChange", 0 0, L_0x55d58e4e2a20;  1 drivers
E_0x55d58e4aeb70/0 .event negedge, v0x55d58e4d0990_0;
E_0x55d58e4aeb70/1 .event posedge, v0x55d58e4d05a0_0;
E_0x55d58e4aeb70 .event/or E_0x55d58e4aeb70/0, E_0x55d58e4aeb70/1;
E_0x55d58e4afdc0 .event edge, v0x55d58e4d0b30_0, v0x55d58e4aeef0_0;
S_0x55d58e4aa4a0 .scope module, "H0" "sevenSeg" 4 14, 5 1 0, S_0x55d58e4aa320;
 .timescale -9 -10;
    .port_info 0 /INPUT 2 "val"
    .port_info 1 /OUTPUT 8 "seg"
v0x55d58e4aead0_0 .var "seg", 7 0;
v0x55d58e4aeef0_0 .net "val", 1 0, v0x55d58e4d04e0_0;  1 drivers
E_0x55d58e493630 .event edge, v0x55d58e4aeef0_0;
S_0x55d58e4d0cd0 .scope module, "C0" "clockDivider" 3 35, 6 1 0, S_0x55d58e4a7190;
 .timescale -9 -10;
    .port_info 0 /INPUT 1 "clock_in"
    .port_info 1 /INPUT 1 "reset_n"
    .port_info 2 /INPUT 32 "divide_by"
    .port_info 3 /OUTPUT 1 "clock_out"
v0x55d58e4d0e90_0 .var "clock_divider", 22 0;
v0x55d58e4d0f90_0 .net "clock_in", 0 0, v0x55d58e4d1ee0_0;  alias, 1 drivers
v0x55d58e4d1050_0 .var "clock_out", 0 0;
L_0x7fc604bea018 .functor BUFT 1, C4<00000000000011110100001001000000>, C4<0>, C4<0>, C4<0>;
v0x55d58e4d1150_0 .net "divide_by", 31 0, L_0x7fc604bea018;  1 drivers
v0x55d58e4d11f0_0 .net "reset_n", 0 0, v0x55d58e4d1ce0_0;  alias, 1 drivers
E_0x55d58e4a11a0/0 .event negedge, v0x55d58e4d0990_0;
E_0x55d58e4a11a0/1 .event posedge, v0x55d58e4d0f90_0;
E_0x55d58e4a11a0 .event/or E_0x55d58e4a11a0/0, E_0x55d58e4a11a0/1;
    .scope S_0x55d58e4d0cd0;
T_0 ;
    %pushi/vec4 0, 0, 23;
    %store/vec4 v0x55d58e4d0e90_0, 0, 23;
    %end;
    .thread T_0;
    .scope S_0x55d58e4d0cd0;
T_1 ;
    %pushi/vec4 0, 0, 1;
    %store/vec4 v0x55d58e4d1050_0, 0, 1;
    %pushi/vec4 0, 0, 23;
    %store/vec4 v0x55d58e4d0e90_0, 0, 23;
    %end;
    .thread T_1;
    .scope S_0x55d58e4d0cd0;
T_2 ;
    %wait E_0x55d58e4a11a0;
    %load/vec4 v0x55d58e4d11f0_0;
    %inv;
    %flag_set/vec4 8;
    %jmp/0xz  T_2.0, 8;
    %pushi/vec4 0, 0, 1;
    %store/vec4 v0x55d58e4d1050_0, 0, 1;
    %pushi/vec4 0, 0, 23;
    %store/vec4 v0x55d58e4d0e90_0, 0, 23;
    %jmp T_2.1;
T_2.0 ;
    %load/vec4 v0x55d58e4d0e90_0;
    %pad/u 32;
    %load/vec4 v0x55d58e4d1150_0;
    %subi 1, 0, 32;
    %cmp/ne;
    %jmp/0xz  T_2.2, 4;
    %load/vec4 v0x55d58e4d0e90_0;
    %addi 1, 0, 23;
    %assign/vec4 v0x55d58e4d0e90_0, 0;
    %jmp T_2.3;
T_2.2 ;
    %pushi/vec4 0, 0, 23;
    %assign/vec4 v0x55d58e4d0e90_0, 0;
    %load/vec4 v0x55d58e4d1050_0;
    %inv;
    %assign/vec4 v0x55d58e4d1050_0, 0;
T_2.3 ;
T_2.1 ;
    %jmp T_2;
    .thread T_2;
    .scope S_0x55d58e4aa4a0;
T_3 ;
    %wait E_0x55d58e493630;
    %load/vec4 v0x55d58e4aeef0_0;
    %dup/vec4;
    %pushi/vec4 0, 0, 2;
    %cmp/u;
    %jmp/1 T_3.0, 6;
    %dup/vec4;
    %pushi/vec4 1, 0, 2;
    %cmp/u;
    %jmp/1 T_3.1, 6;
    %dup/vec4;
    %pushi/vec4 2, 0, 2;
    %cmp/u;
    %jmp/1 T_3.2, 6;
    %dup/vec4;
    %pushi/vec4 3, 0, 2;
    %cmp/u;
    %jmp/1 T_3.3, 6;
    %pushi/vec4 0, 0, 8;
    %store/vec4 v0x55d58e4aead0_0, 0, 8;
    %jmp T_3.5;
T_3.0 ;
    %pushi/vec4 192, 0, 8;
    %store/vec4 v0x55d58e4aead0_0, 0, 8;
    %jmp T_3.5;
T_3.1 ;
    %pushi/vec4 249, 0, 8;
    %store/vec4 v0x55d58e4aead0_0, 0, 8;
    %jmp T_3.5;
T_3.2 ;
    %pushi/vec4 164, 0, 8;
    %store/vec4 v0x55d58e4aead0_0, 0, 8;
    %jmp T_3.5;
T_3.3 ;
    %pushi/vec4 176, 0, 8;
    %store/vec4 v0x55d58e4aead0_0, 0, 8;
    %jmp T_3.5;
T_3.5 ;
    %pop/vec4 1;
    %jmp T_3;
    .thread T_3, $push;
    .scope S_0x55d58e4aa320;
T_4 ;
    %wait E_0x55d58e4afdc0;
    %load/vec4 v0x55d58e4aef90_0;
    %load/vec4 v0x55d58e4d04e0_0;
    %cmp/e;
    %jmp/0xz  T_4.0, 4;
    %load/vec4 v0x55d58e4d0640_0;
    %inv;
    %flag_set/vec4 8;
    %jmp/0xz  T_4.2, 8;
    %pushi/vec4 0, 0, 2;
    %assign/vec4 v0x55d58e4d08b0_0, 0;
T_4.2 ;
T_4.0 ;
    %load/vec4 v0x55d58e4d04e0_0;
    %addi 1, 0, 2;
    %assign/vec4 v0x55d58e4d08b0_0, 0;
    %load/vec4 v0x55d58e4d04e0_0;
    %dup/vec4;
    %pushi/vec4 0, 0, 2;
    %cmp/u;
    %jmp/1 T_4.4, 6;
    %dup/vec4;
    %pushi/vec4 1, 0, 2;
    %cmp/u;
    %jmp/1 T_4.5, 6;
    %dup/vec4;
    %pushi/vec4 2, 0, 2;
    %cmp/u;
    %jmp/1 T_4.6, 6;
    %dup/vec4;
    %pushi/vec4 3, 0, 2;
    %cmp/u;
    %jmp/1 T_4.7, 6;
    %pushi/vec4 0, 0, 3;
    %assign/vec4 v0x55d58e4d07f0_0, 0;
    %pushi/vec4 0, 0, 3;
    %assign/vec4 v0x55d58e4d0a50_0, 0;
    %jmp T_4.9;
T_4.4 ;
    %pushi/vec4 0, 0, 3;
    %assign/vec4 v0x55d58e4d07f0_0, 0;
    %pushi/vec4 0, 0, 3;
    %assign/vec4 v0x55d58e4d0a50_0, 0;
    %jmp T_4.9;
T_4.5 ;
    %pushi/vec4 1, 0, 3;
    %assign/vec4 v0x55d58e4d07f0_0, 0;
    %pushi/vec4 1, 0, 3;
    %assign/vec4 v0x55d58e4d0a50_0, 0;
    %jmp T_4.9;
T_4.6 ;
    %pushi/vec4 3, 0, 3;
    %assign/vec4 v0x55d58e4d07f0_0, 0;
    %pushi/vec4 3, 0, 3;
    %assign/vec4 v0x55d58e4d0a50_0, 0;
    %jmp T_4.9;
T_4.7 ;
    %pushi/vec4 7, 0, 3;
    %assign/vec4 v0x55d58e4d07f0_0, 0;
    %pushi/vec4 7, 0, 3;
    %assign/vec4 v0x55d58e4d0a50_0, 0;
    %jmp T_4.9;
T_4.9 ;
    %pop/vec4 1;
    %load/vec4 v0x55d58e4d04e0_0;
    %assign/vec4 v0x55d58e4aef90_0, 0;
    %jmp T_4;
    .thread T_4, $push;
    .scope S_0x55d58e4aa320;
T_5 ;
    %wait E_0x55d58e4aeb70;
    %load/vec4 v0x55d58e4d0990_0;
    %inv;
    %flag_set/vec4 8;
    %jmp/0xz  T_5.0, 8;
    %pushi/vec4 0, 0, 2;
    %assign/vec4 v0x55d58e4d04e0_0, 0;
    %jmp T_5.1;
T_5.0 ;
    %load/vec4 v0x55d58e4d08b0_0;
    %assign/vec4 v0x55d58e4d04e0_0, 0;
T_5.1 ;
    %jmp T_5;
    .thread T_5;
    .scope S_0x55d58e4a7190;
T_6 ;
    %pushi/vec4 1, 0, 1;
    %store/vec4 v0x55d58e4d1ce0_0, 0, 1;
    %end;
    .thread T_6;
    .scope S_0x55d58e4a7190;
T_7 ;
    %wait E_0x55d58e4a1370;
    %load/vec4 v0x55d58e4d1aa0_0;
    %assign/vec4 v0x55d58e4d1b60_0, 0;
    %load/vec4 v0x55d58e4d1c20_0;
    %assign/vec4 v0x55d58e4d1d80_0, 0;
    %jmp T_7;
    .thread T_7, $push;
    .scope S_0x55d58e4a7190;
T_8 ;
    %wait E_0x55d58e4a1930;
    %load/vec4 v0x55d58e4d16c0_0;
    %parti/s 1, 0, 2;
    %flag_set/vec4 8;
    %load/vec4 v0x55d58e4d16c0_0;
    %parti/s 1, 1, 2;
    %flag_set/vec4 9;
    %flag_or 9, 8;
    %jmp/0xz  T_8.0, 9;
    %load/vec4 v0x55d58e4d1520_0;
    %parti/s 1, 0, 2;
    %store/vec4 v0x55d58e4d1ce0_0, 0, 1;
    %jmp T_8.1;
T_8.0 ;
    %load/vec4 v0x55d58e4d1520_0;
    %parti/s 1, 0, 2;
    %inv;
    %load/vec4 v0x55d58e4d1520_0;
    %parti/s 1, 1, 2;
    %inv;
    %and;
    %flag_set/vec4 8;
    %jmp/0xz  T_8.2, 8;
    %pushi/vec4 0, 0, 1;
    %store/vec4 v0x55d58e4d1ce0_0, 0, 1;
T_8.2 ;
T_8.1 ;
    %jmp T_8;
    .thread T_8, $push;
    .scope S_0x55d58e4a7190;
T_9 ;
    %pushi/vec4 0, 0, 10;
    %store/vec4 v0x55d58e4d15e0_0, 0, 10;
    %end;
    .thread T_9;
    .scope S_0x55d58e4a7190;
T_10 ;
    %wait E_0x55d58e4a16a0;
    %load/vec4 v0x55d58e4d1ce0_0;
    %inv;
    %flag_set/vec4 8;
    %jmp/0xz  T_10.0, 8;
    %pushi/vec4 0, 0, 10;
    %store/vec4 v0x55d58e4d15e0_0, 0, 10;
    %jmp T_10.1;
T_10.0 ;
    %load/vec4 v0x55d58e4d16c0_0;
    %parti/s 1, 1, 2;
    %inv;
    %load/vec4 v0x55d58e4d16c0_0;
    %parti/s 1, 0, 2;
    %inv;
    %and;
    %load/vec4 v0x55d58e4d16c0_0;
    %parti/s 1, 2, 3;
    %inv;
    %and;
    %load/vec4 v0x55d58e4d1520_0;
    %parti/s 1, 0, 2;
    %and;
    %flag_set/vec4 8;
    %jmp/0xz  T_10.2, 8;
    %pushi/vec4 0, 0, 3;
    %ix/load 4, 0, 0;
    %ix/load 5, 0, 0;
    %flag_set/imm 4, 0;
    %assign/vec4/off/d v0x55d58e4d15e0_0, 4, 5;
    %pushi/vec4 0, 0, 3;
    %ix/load 4, 7, 0;
    %ix/load 5, 0, 0;
    %flag_set/imm 4, 0;
    %assign/vec4/off/d v0x55d58e4d15e0_0, 4, 5;
    %jmp T_10.3;
T_10.2 ;
    %load/vec4 v0x55d58e4d16c0_0;
    %parti/s 1, 1, 2;
    %load/vec4 v0x55d58e4d1520_0;
    %parti/s 1, 1, 2;
    %and;
    %load/vec4 v0x55d58e4d16c0_0;
    %parti/s 1, 0, 2;
    %inv;
    %and;
    %load/vec4 v0x55d58e4d16c0_0;
    %parti/s 1, 2, 3;
    %inv;
    %and;
    %load/vec4 v0x55d58e4d1520_0;
    %parti/s 1, 0, 2;
    %and;
    %flag_set/vec4 8;
    %jmp/0xz  T_10.4, 8;
    %load/vec4 v0x55d58e4d1b60_0;
    %ix/load 4, 7, 0;
    %ix/load 5, 0, 0;
    %flag_set/imm 4, 0;
    %assign/vec4/off/d v0x55d58e4d15e0_0, 4, 5;
    %pushi/vec4 0, 0, 3;
    %ix/load 4, 0, 0;
    %ix/load 5, 0, 0;
    %flag_set/imm 4, 0;
    %assign/vec4/off/d v0x55d58e4d15e0_0, 4, 5;
    %jmp T_10.5;
T_10.4 ;
    %load/vec4 v0x55d58e4d16c0_0;
    %parti/s 1, 1, 2;
    %load/vec4 v0x55d58e4d1520_0;
    %parti/s 1, 1, 2;
    %inv;
    %and;
    %load/vec4 v0x55d58e4d16c0_0;
    %parti/s 1, 0, 2;
    %inv;
    %and;
    %load/vec4 v0x55d58e4d16c0_0;
    %parti/s 1, 2, 3;
    %inv;
    %and;
    %load/vec4 v0x55d58e4d1520_0;
    %parti/s 1, 0, 2;
    %and;
    %flag_set/vec4 8;
    %jmp/0xz  T_10.6, 8;
    %pushi/vec4 0, 0, 3;
    %ix/load 4, 7, 0;
    %ix/load 5, 0, 0;
    %flag_set/imm 4, 0;
    %assign/vec4/off/d v0x55d58e4d15e0_0, 4, 5;
    %load/vec4 v0x55d58e4d1d80_0;
    %parti/s 1, 0, 2;
    %ix/load 4, 2, 0;
    %ix/load 5, 0, 0;
    %flag_set/imm 4, 0;
    %assign/vec4/off/d v0x55d58e4d15e0_0, 4, 5;
    %load/vec4 v0x55d58e4d1d80_0;
    %parti/s 1, 1, 2;
    %ix/load 4, 1, 0;
    %ix/load 5, 0, 0;
    %flag_set/imm 4, 0;
    %assign/vec4/off/d v0x55d58e4d15e0_0, 4, 5;
    %load/vec4 v0x55d58e4d1d80_0;
    %parti/s 1, 2, 3;
    %ix/load 4, 0, 0;
    %ix/load 5, 0, 0;
    %flag_set/imm 4, 0;
    %assign/vec4/off/d v0x55d58e4d15e0_0, 4, 5;
    %jmp T_10.7;
T_10.6 ;
    %load/vec4 v0x55d58e4d16c0_0;
    %parti/s 1, 1, 2;
    %load/vec4 v0x55d58e4d1520_0;
    %parti/s 1, 1, 2;
    %and;
    %load/vec4 v0x55d58e4d16c0_0;
    %parti/s 1, 0, 2;
    %inv;
    %and;
    %load/vec4 v0x55d58e4d16c0_0;
    %parti/s 1, 2, 3;
    %and;
    %load/vec4 v0x55d58e4d1520_0;
    %parti/s 1, 0, 2;
    %and;
    %flag_set/vec4 8;
    %jmp/0xz  T_10.8, 8;
    %load/vec4 v0x55d58e4d1b60_0;
    %ix/load 4, 7, 0;
    %ix/load 5, 0, 0;
    %flag_set/imm 4, 0;
    %assign/vec4/off/d v0x55d58e4d15e0_0, 4, 5;
    %pushi/vec4 7, 0, 3;
    %ix/load 4, 0, 0;
    %ix/load 5, 0, 0;
    %flag_set/imm 4, 0;
    %assign/vec4/off/d v0x55d58e4d15e0_0, 4, 5;
    %jmp T_10.9;
T_10.8 ;
    %load/vec4 v0x55d58e4d16c0_0;
    %parti/s 1, 1, 2;
    %load/vec4 v0x55d58e4d1520_0;
    %parti/s 1, 1, 2;
    %inv;
    %and;
    %load/vec4 v0x55d58e4d16c0_0;
    %parti/s 1, 0, 2;
    %inv;
    %and;
    %load/vec4 v0x55d58e4d16c0_0;
    %parti/s 1, 2, 3;
    %and;
    %load/vec4 v0x55d58e4d1520_0;
    %parti/s 1, 0, 2;
    %and;
    %flag_set/vec4 8;
    %jmp/0xz  T_10.10, 8;
    %pushi/vec4 7, 0, 3;
    %ix/load 4, 7, 0;
    %ix/load 5, 0, 0;
    %flag_set/imm 4, 0;
    %assign/vec4/off/d v0x55d58e4d15e0_0, 4, 5;
    %load/vec4 v0x55d58e4d1d80_0;
    %parti/s 1, 0, 2;
    %ix/load 4, 2, 0;
    %ix/load 5, 0, 0;
    %flag_set/imm 4, 0;
    %assign/vec4/off/d v0x55d58e4d15e0_0, 4, 5;
    %load/vec4 v0x55d58e4d1d80_0;
    %parti/s 1, 1, 2;
    %ix/load 4, 1, 0;
    %ix/load 5, 0, 0;
    %flag_set/imm 4, 0;
    %assign/vec4/off/d v0x55d58e4d15e0_0, 4, 5;
    %load/vec4 v0x55d58e4d1d80_0;
    %parti/s 1, 2, 3;
    %ix/load 4, 0, 0;
    %ix/load 5, 0, 0;
    %flag_set/imm 4, 0;
    %assign/vec4/off/d v0x55d58e4d15e0_0, 4, 5;
    %jmp T_10.11;
T_10.10 ;
    %load/vec4 v0x55d58e4d16c0_0;
    %parti/s 1, 1, 2;
    %inv;
    %load/vec4 v0x55d58e4d16c0_0;
    %parti/s 1, 2, 3;
    %and;
    %load/vec4 v0x55d58e4d1520_0;
    %parti/s 1, 0, 2;
    %and;
    %load/vec4 v0x55d58e4d16c0_0;
    %parti/s 1, 0, 2;
    %load/vec4 v0x55d58e4d16c0_0;
    %parti/s 1, 1, 2;
    %and;
    %load/vec4 v0x55d58e4d16c0_0;
    %parti/s 1, 2, 3;
    %and;
    %or;
    %flag_set/vec4 8;
    %jmp/0xz  T_10.12, 8;
    %pushi/vec4 7, 0, 3;
    %ix/load 4, 0, 0;
    %ix/load 5, 0, 0;
    %flag_set/imm 4, 0;
    %assign/vec4/off/d v0x55d58e4d15e0_0, 4, 5;
    %pushi/vec4 7, 0, 3;
    %ix/load 4, 7, 0;
    %ix/load 5, 0, 0;
    %flag_set/imm 4, 0;
    %assign/vec4/off/d v0x55d58e4d15e0_0, 4, 5;
    %jmp T_10.13;
T_10.12 ;
    %load/vec4 v0x55d58e4d16c0_0;
    %parti/s 1, 0, 2;
    %load/vec4 v0x55d58e4d16c0_0;
    %parti/s 1, 2, 3;
    %inv;
    %and;
    %load/vec4 v0x55d58e4d1520_0;
    %parti/s 1, 0, 2;
    %and;
    %flag_set/vec4 8;
    %jmp/0xz  T_10.14, 8;
    %load/vec4 v0x55d58e4d1b60_0;
    %ix/load 4, 7, 0;
    %ix/load 5, 0, 0;
    %flag_set/imm 4, 0;
    %assign/vec4/off/d v0x55d58e4d15e0_0, 4, 5;
    %load/vec4 v0x55d58e4d1d80_0;
    %parti/s 1, 0, 2;
    %ix/load 4, 2, 0;
    %ix/load 5, 0, 0;
    %flag_set/imm 4, 0;
    %assign/vec4/off/d v0x55d58e4d15e0_0, 4, 5;
    %load/vec4 v0x55d58e4d1d80_0;
    %parti/s 1, 1, 2;
    %ix/load 4, 1, 0;
    %ix/load 5, 0, 0;
    %flag_set/imm 4, 0;
    %assign/vec4/off/d v0x55d58e4d15e0_0, 4, 5;
    %load/vec4 v0x55d58e4d1d80_0;
    %parti/s 1, 2, 3;
    %ix/load 4, 0, 0;
    %ix/load 5, 0, 0;
    %flag_set/imm 4, 0;
    %assign/vec4/off/d v0x55d58e4d15e0_0, 4, 5;
    %jmp T_10.15;
T_10.14 ;
    %pushi/vec4 1023, 0, 10;
    %store/vec4 v0x55d58e4d15e0_0, 0, 10;
T_10.15 ;
T_10.13 ;
T_10.11 ;
T_10.9 ;
T_10.7 ;
T_10.5 ;
T_10.3 ;
T_10.1 ;
    %jmp T_10;
    .thread T_10, $push;
    .scope S_0x55d58e4a7010;
T_11 ;
    %vpi_call 2 21 "$dumpfile", "test.vcd" {0 0 0};
    %vpi_call 2 22 "$dumpvars" {0 0 0};
    %vpi_call 2 23 "$display", $time, "Starting simulation" {0 0 0};
    %pushi/vec4 0, 0, 8;
    %store/vec4 v0x55d58e4d2810_0, 0, 8;
    %pushi/vec4 0, 0, 2;
    %store/vec4 v0x55d58e4d2620_0, 0, 2;
    %pushi/vec4 0, 0, 1;
    %store/vec4 v0x55d58e4d1ee0_0, 0, 1;
    %pushi/vec4 0, 0, 8;
    %store/vec4 v0x55d58e4d1ff0_0, 0, 8;
T_11.0 ;
    %load/vec4 v0x55d58e4d1ff0_0;
    %cmpi/u 32, 0, 8;
    %jmp/0xz T_11.1, 5;
    %delay 100, 0;
    %load/vec4 v0x55d58e4d1ee0_0;
    %inv;
    %store/vec4 v0x55d58e4d1ee0_0, 0, 1;
    %pushi/vec4 2, 0, 8;
    %load/vec4 v0x55d58e4d1ff0_0;
    %cmp/u;
    %jmp/0xz  T_11.2, 5;
    %pushi/vec4 1, 0, 1;
    %ix/load 4, 0, 0;
    %flag_set/imm 4, 0;
    %store/vec4 v0x55d58e4d2620_0, 4, 1;
T_11.2 ;
    %pushi/vec4 4, 0, 8;
    %load/vec4 v0x55d58e4d1ff0_0;
    %cmp/u;
    %jmp/0xz  T_11.4, 5;
    %pushi/vec4 1, 0, 1;
    %ix/load 4, 0, 0;
    %flag_set/imm 4, 0;
    %store/vec4 v0x55d58e4d2810_0, 4, 1;
T_11.4 ;
    %load/vec4 v0x55d58e4d1ff0_0;
    %addi 1, 0, 8;
    %store/vec4 v0x55d58e4d1ff0_0, 0, 8;
    %jmp T_11.0;
T_11.1 ;
    %delay 100, 0;
    %vpi_call 2 45 "$finish" {0 0 0};
    %end;
    .thread T_11;
    .scope S_0x55d58e4a7010;
T_12 ;
    %vpi_call 2 51 "$monitor", $time, "testSW = %b, testKEY = %b, clock = %b, testLED = %b, testHEX0 = %b, testHEX1 = %b, testHEX2 = %b, testHEX3 = %b, testHEX4 = %b, testHEX5 = %b", v0x55d58e4d2810_0, v0x55d58e4d2620_0, v0x55d58e4d2770_0, v0x55d58e4d1ee0_0, v0x55d58e4d20d0_0, v0x55d58e4d2170_0, v0x55d58e4d2250_0, v0x55d58e4d2380_0, v0x55d58e4d2460_0, v0x55d58e4d2540_0 {0 0 0};
    %end;
    .thread T_12;
# The file index is used to find the file name in the following table.
:file_names 7;
    "N/A";
    "<interactive>";
    "tb.v";
    "top.v";
    "blink.v";
    "sevenSeg.v";
    "clockDivider.v";
