Analysis & Synthesis report for top
Tue Aug 18 14:29:36 2020
Quartus Prime Version 20.1.0 Build 711 06/05/2020 SJ Standard Edition


---------------------
; Table of Contents ;
---------------------
  1. Legal Notice
  2. Analysis & Synthesis Summary
  3. Analysis & Synthesis Settings
  4. Parallel Compilation
  5. Analysis & Synthesis Source Files Read
  6. Analysis & Synthesis Resource Usage Summary
  7. Analysis & Synthesis Resource Utilization by Entity
  8. Analysis & Synthesis RAM Summary
  9. Analysis & Synthesis IP Cores Summary
 10. General Register Statistics
 11. Inverted Register Statistics
 12. Multiplexer Restructuring Statistics (Restructuring Performed)
 13. Source assignments for memoryBlock:I2|altsyncram:altsyncram_component|altsyncram_nva1:auto_generated
 14. Parameter Settings for User Entity Instance: memoryBlock:I2|altsyncram:altsyncram_component
 15. altsyncram Parameter Settings by Entity Instance
 16. Port Connectivity Checks: "clockDivider:C0"
 17. Port Connectivity Checks: "manual:I3|clockDivider:C0"
 18. Port Connectivity Checks: "manual:I3"
 19. Port Connectivity Checks: "memoryBlock:I2"
 20. Post-Synthesis Netlist Statistics for Top Partition
 21. Elapsed Time Per Partition
 22. Analysis & Synthesis Messages
 23. Analysis & Synthesis Suppressed Messages



----------------
; Legal Notice ;
----------------
Copyright (C) 2020  Intel Corporation. All rights reserved.
Your use of Intel Corporation's design tools, logic functions 
and other software and tools, and any partner logic 
functions, and any output files from any of the foregoing 
(including device programming or simulation files), and any 
associated documentation or information are expressly subject 
to the terms and conditions of the Intel Program License 
Subscription Agreement, the Intel Quartus Prime License Agreement,
the Intel FPGA IP License Agreement, or other applicable license
agreement, including, without limitation, that your use is for
the sole purpose of programming logic devices manufactured by
Intel and sold by Intel or its authorized distributors.  Please
refer to the applicable agreement for further details, at
https://fpgasoftware.intel.com/eula.



+--------------------------------------------------------------------------------------+
; Analysis & Synthesis Summary                                                         ;
+------------------------------------+-------------------------------------------------+
; Analysis & Synthesis Status        ; Successful - Tue Aug 18 14:29:36 2020           ;
; Quartus Prime Version              ; 20.1.0 Build 711 06/05/2020 SJ Standard Edition ;
; Revision Name                      ; top                                             ;
; Top-level Entity Name              ; top                                             ;
; Family                             ; MAX 10                                          ;
; Total logic elements               ; 132                                             ;
;     Total combinational functions  ; 132                                             ;
;     Dedicated logic registers      ; 71                                              ;
; Total registers                    ; 71                                              ;
; Total pins                         ; 31                                              ;
; Total virtual pins                 ; 0                                               ;
; Total memory bits                  ; 32                                              ;
; Embedded Multiplier 9-bit elements ; 0                                               ;
; Total PLLs                         ; 0                                               ;
; UFM blocks                         ; 0                                               ;
; ADC blocks                         ; 0                                               ;
+------------------------------------+-------------------------------------------------+


+------------------------------------------------------------------------------------------------------------+
; Analysis & Synthesis Settings                                                                              ;
+------------------------------------------------------------------+--------------------+--------------------+
; Option                                                           ; Setting            ; Default Value      ;
+------------------------------------------------------------------+--------------------+--------------------+
; Device                                                           ; 10M50DAF484C7G     ;                    ;
; Top-level entity name                                            ; top                ; top                ;
; Family name                                                      ; MAX 10             ; Cyclone V          ;
; Use smart compilation                                            ; Off                ; Off                ;
; Enable parallel Assembler and Timing Analyzer during compilation ; On                 ; On                 ;
; Enable compact report table                                      ; Off                ; Off                ;
; Restructure Multiplexers                                         ; Auto               ; Auto               ;
; Create Debugging Nodes for IP Cores                              ; Off                ; Off                ;
; Preserve fewer node names                                        ; On                 ; On                 ;
; Intel FPGA IP Evaluation Mode                                    ; Enable             ; Enable             ;
; Verilog Version                                                  ; Verilog_2001       ; Verilog_2001       ;
; VHDL Version                                                     ; VHDL_1993          ; VHDL_1993          ;
; State Machine Processing                                         ; Auto               ; Auto               ;
; Safe State Machine                                               ; Off                ; Off                ;
; Extract Verilog State Machines                                   ; On                 ; On                 ;
; Extract VHDL State Machines                                      ; On                 ; On                 ;
; Ignore Verilog initial constructs                                ; Off                ; Off                ;
; Iteration limit for constant Verilog loops                       ; 5000               ; 5000               ;
; Iteration limit for non-constant Verilog loops                   ; 250                ; 250                ;
; Add Pass-Through Logic to Inferred RAMs                          ; On                 ; On                 ;
; Infer RAMs from Raw Logic                                        ; On                 ; On                 ;
; Parallel Synthesis                                               ; On                 ; On                 ;
; DSP Block Balancing                                              ; Auto               ; Auto               ;
; NOT Gate Push-Back                                               ; On                 ; On                 ;
; Power-Up Don't Care                                              ; On                 ; On                 ;
; Remove Redundant Logic Cells                                     ; Off                ; Off                ;
; Remove Duplicate Registers                                       ; On                 ; On                 ;
; Ignore CARRY Buffers                                             ; Off                ; Off                ;
; Ignore CASCADE Buffers                                           ; Off                ; Off                ;
; Ignore GLOBAL Buffers                                            ; Off                ; Off                ;
; Ignore ROW GLOBAL Buffers                                        ; Off                ; Off                ;
; Ignore LCELL Buffers                                             ; Off                ; Off                ;
; Ignore SOFT Buffers                                              ; On                 ; On                 ;
; Limit AHDL Integers to 32 Bits                                   ; Off                ; Off                ;
; Optimization Technique                                           ; Balanced           ; Balanced           ;
; Carry Chain Length                                               ; 70                 ; 70                 ;
; Auto Carry Chains                                                ; On                 ; On                 ;
; Auto Open-Drain Pins                                             ; On                 ; On                 ;
; Perform WYSIWYG Primitive Resynthesis                            ; Off                ; Off                ;
; Auto ROM Replacement                                             ; On                 ; On                 ;
; Auto RAM Replacement                                             ; On                 ; On                 ;
; Auto DSP Block Replacement                                       ; On                 ; On                 ;
; Auto Shift Register Replacement                                  ; Auto               ; Auto               ;
; Allow Shift Register Merging across Hierarchies                  ; Auto               ; Auto               ;
; Auto Clock Enable Replacement                                    ; On                 ; On                 ;
; Strict RAM Replacement                                           ; Off                ; Off                ;
; Allow Synchronous Control Signals                                ; On                 ; On                 ;
; Force Use of Synchronous Clear Signals                           ; Off                ; Off                ;
; Auto RAM Block Balancing                                         ; On                 ; On                 ;
; Auto RAM to Logic Cell Conversion                                ; Off                ; Off                ;
; Auto Resource Sharing                                            ; Off                ; Off                ;
; Allow Any RAM Size For Recognition                               ; Off                ; Off                ;
; Allow Any ROM Size For Recognition                               ; Off                ; Off                ;
; Allow Any Shift Register Size For Recognition                    ; Off                ; Off                ;
; Use LogicLock Constraints during Resource Balancing              ; On                 ; On                 ;
; Ignore translate_off and synthesis_off directives                ; Off                ; Off                ;
; Timing-Driven Synthesis                                          ; On                 ; On                 ;
; Report Parameter Settings                                        ; On                 ; On                 ;
; Report Source Assignments                                        ; On                 ; On                 ;
; Report Connectivity Checks                                       ; On                 ; On                 ;
; Ignore Maximum Fan-Out Assignments                               ; Off                ; Off                ;
; Synchronization Register Chain Length                            ; 2                  ; 2                  ;
; Power Optimization During Synthesis                              ; Normal compilation ; Normal compilation ;
; HDL message level                                                ; Level2             ; Level2             ;
; Suppress Register Optimization Related Messages                  ; Off                ; Off                ;
; Number of Removed Registers Reported in Synthesis Report         ; 5000               ; 5000               ;
; Number of Swept Nodes Reported in Synthesis Report               ; 5000               ; 5000               ;
; Number of Inverted Registers Reported in Synthesis Report        ; 100                ; 100                ;
; Clock MUX Protection                                             ; On                 ; On                 ;
; Auto Gated Clock Conversion                                      ; Off                ; Off                ;
; Block Design Naming                                              ; Auto               ; Auto               ;
; SDC constraint protection                                        ; Off                ; Off                ;
; Synthesis Effort                                                 ; Auto               ; Auto               ;
; Shift Register Replacement - Allow Asynchronous Clear Signal     ; On                 ; On                 ;
; Pre-Mapping Resynthesis Optimization                             ; Off                ; Off                ;
; Analysis & Synthesis Message Level                               ; Medium             ; Medium             ;
; Disable Register Merging Across Hierarchies                      ; Auto               ; Auto               ;
; Resource Aware Inference For Block RAM                           ; On                 ; On                 ;
+------------------------------------------------------------------+--------------------+--------------------+


+------------------------------------------+
; Parallel Compilation                     ;
+----------------------------+-------------+
; Processors                 ; Number      ;
+----------------------------+-------------+
; Number detected on machine ; 8           ;
; Maximum allowed            ; 4           ;
;                            ;             ;
; Average used               ; 1.00        ;
; Maximum used               ; 4           ;
;                            ;             ;
; Usage by Processor         ; % Time Used ;
;     Processor 1            ; 100.0%      ;
;     Processor 2            ;   0.0%      ;
;     Processors 3-4         ;   0.0%      ;
+----------------------------+-------------+


+-----------------------------------------------------------------------------------------------------------------------------------------------------------------------------------------+
; Analysis & Synthesis Source Files Read                                                                                                                                                  ;
+----------------------------------+-----------------+----------------------------------------+---------------------------------------------------------------------------------+---------+
; File Name with User-Entered Path ; Used in Netlist ; File Type                              ; File Name with Absolute Path                                                    ; Library ;
+----------------------------------+-----------------+----------------------------------------+---------------------------------------------------------------------------------+---------+
; memoryBlock.v                    ; yes             ; User Wizard-Generated File             ; /home/matt/Documents/Digital Logic/Project 3/memoryBlock.v                      ;         ;
; top.v                            ; yes             ; Auto-Found Verilog HDL File            ; /home/matt/Documents/Digital Logic/Project 3/top.v                              ;         ;
; altsyncram.tdf                   ; yes             ; Megafunction                           ; /home/matt/intelFPGA/20.1/quartus/libraries/megafunctions/altsyncram.tdf        ;         ;
; stratix_ram_block.inc            ; yes             ; Megafunction                           ; /home/matt/intelFPGA/20.1/quartus/libraries/megafunctions/stratix_ram_block.inc ;         ;
; lpm_mux.inc                      ; yes             ; Megafunction                           ; /home/matt/intelFPGA/20.1/quartus/libraries/megafunctions/lpm_mux.inc           ;         ;
; lpm_decode.inc                   ; yes             ; Megafunction                           ; /home/matt/intelFPGA/20.1/quartus/libraries/megafunctions/lpm_decode.inc        ;         ;
; aglobal201.inc                   ; yes             ; Megafunction                           ; /home/matt/intelFPGA/20.1/quartus/libraries/megafunctions/aglobal201.inc        ;         ;
; a_rdenreg.inc                    ; yes             ; Megafunction                           ; /home/matt/intelFPGA/20.1/quartus/libraries/megafunctions/a_rdenreg.inc         ;         ;
; altrom.inc                       ; yes             ; Megafunction                           ; /home/matt/intelFPGA/20.1/quartus/libraries/megafunctions/altrom.inc            ;         ;
; altram.inc                       ; yes             ; Megafunction                           ; /home/matt/intelFPGA/20.1/quartus/libraries/megafunctions/altram.inc            ;         ;
; altdpram.inc                     ; yes             ; Megafunction                           ; /home/matt/intelFPGA/20.1/quartus/libraries/megafunctions/altdpram.inc          ;         ;
; db/altsyncram_nva1.tdf           ; yes             ; Auto-Generated Megafunction            ; /home/matt/Documents/Digital Logic/Project 3/db/altsyncram_nva1.tdf             ;         ;
; memoryBlock.mif                  ; yes             ; Auto-Found Memory Initialization File  ; /home/matt/Documents/Digital Logic/Project 3/memoryBlock.mif                    ;         ;
; manual.v                         ; yes             ; Auto-Found Verilog HDL File            ; /home/matt/Documents/Digital Logic/Project 3/manual.v                           ;         ;
; clockDivider.v                   ; yes             ; Auto-Found Verilog HDL File            ; /home/matt/Documents/Digital Logic/Project 3/clockDivider.v                     ;         ;
; blink.v                          ; yes             ; Auto-Found Verilog HDL File            ; /home/matt/Documents/Digital Logic/Project 3/blink.v                            ;         ;
; sevenSeg.v                       ; yes             ; Auto-Found Verilog HDL File            ; /home/matt/Documents/Digital Logic/Project 3/sevenSeg.v                         ;         ;
+----------------------------------+-----------------+----------------------------------------+---------------------------------------------------------------------------------+---------+


+----------------------------------------------------------------+
; Analysis & Synthesis Resource Usage Summary                    ;
+---------------------------------------------+------------------+
; Resource                                    ; Usage            ;
+---------------------------------------------+------------------+
; Estimated Total logic elements              ; 132              ;
;                                             ;                  ;
; Total combinational functions               ; 132              ;
; Logic element usage by number of LUT inputs ;                  ;
;     -- 4 input functions                    ; 35               ;
;     -- 3 input functions                    ; 26               ;
;     -- <=2 input functions                  ; 71               ;
;                                             ;                  ;
; Logic elements by mode                      ;                  ;
;     -- normal mode                          ; 70               ;
;     -- arithmetic mode                      ; 62               ;
;                                             ;                  ;
; Total registers                             ; 71               ;
;     -- Dedicated logic registers            ; 71               ;
;     -- I/O registers                        ; 0                ;
;                                             ;                  ;
; I/O pins                                    ; 31               ;
; Total memory bits                           ; 32               ;
;                                             ;                  ;
; Embedded Multiplier 9-bit elements          ; 0                ;
;                                             ;                  ;
; Maximum fan-out node                        ; ADC_CLK_10~input ;
; Maximum fan-out                             ; 70               ;
; Total fan-out                               ; 625              ;
; Average fan-out                             ; 2.32             ;
+---------------------------------------------+------------------+


+----------------------------------------------------------------------------------------------------------------------------------------------------------------------------------------------------------------------------------------------------------------------------------------------------------------------+
; Analysis & Synthesis Resource Utilization by Entity                                                                                                                                                                                                                                                                  ;
+-------------------------------------------+---------------------+---------------------------+-------------+------------+--------------+---------+-----------+------+--------------+------------+------------------------------------------------------------------------------------+-----------------+--------------+
; Compilation Hierarchy Node                ; Combinational ALUTs ; Dedicated Logic Registers ; Memory Bits ; UFM Blocks ; DSP Elements ; DSP 9x9 ; DSP 18x18 ; Pins ; Virtual Pins ; ADC blocks ; Full Hierarchy Name                                                                ; Entity Name     ; Library Name ;
+-------------------------------------------+---------------------+---------------------------+-------------+------------+--------------+---------+-----------+------+--------------+------------+------------------------------------------------------------------------------------+-----------------+--------------+
; |top                                      ; 132 (8)             ; 71 (3)                    ; 32          ; 0          ; 0            ; 0       ; 0         ; 31   ; 0            ; 0          ; |top                                                                               ; top             ; work         ;
;    |clockDivider:C0|                      ; 55 (55)             ; 33 (33)                   ; 0           ; 0          ; 0            ; 0       ; 0         ; 0    ; 0            ; 0          ; |top|clockDivider:C0                                                               ; clockDivider    ; work         ;
;    |manual:I3|                            ; 69 (14)             ; 35 (0)                    ; 0           ; 0          ; 0            ; 0       ; 0         ; 0    ; 0            ; 0          ; |top|manual:I3                                                                     ; manual          ; work         ;
;       |blink:B0|                          ; 5 (5)               ; 2 (2)                     ; 0           ; 0          ; 0            ; 0       ; 0         ; 0    ; 0            ; 0          ; |top|manual:I3|blink:B0                                                            ; blink           ; work         ;
;       |clockDivider:C0|                   ; 50 (50)             ; 33 (33)                   ; 0           ; 0          ; 0            ; 0       ; 0         ; 0    ; 0            ; 0          ; |top|manual:I3|clockDivider:C0                                                     ; clockDivider    ; work         ;
;    |memoryBlock:I2|                       ; 0 (0)               ; 0 (0)                     ; 32          ; 0          ; 0            ; 0       ; 0         ; 0    ; 0            ; 0          ; |top|memoryBlock:I2                                                                ; memoryBlock     ; work         ;
;       |altsyncram:altsyncram_component|   ; 0 (0)               ; 0 (0)                     ; 32          ; 0          ; 0            ; 0       ; 0         ; 0    ; 0            ; 0          ; |top|memoryBlock:I2|altsyncram:altsyncram_component                                ; altsyncram      ; work         ;
;          |altsyncram_nva1:auto_generated| ; 0 (0)               ; 0 (0)                     ; 32          ; 0          ; 0            ; 0       ; 0         ; 0    ; 0            ; 0          ; |top|memoryBlock:I2|altsyncram:altsyncram_component|altsyncram_nva1:auto_generated ; altsyncram_nva1 ; work         ;
+-------------------------------------------+---------------------+---------------------------+-------------+------------+--------------+---------+-----------+------+--------------+------------+------------------------------------------------------------------------------------+-----------------+--------------+
Note: For table entries with two numbers listed, the numbers in parentheses indicate the number of resources of the given type used by the specific entity alone. The numbers listed outside of parentheses indicate the total resources of the given type used by the specific entity and all of its sub-entities in the hierarchy.


+---------------------------------------------------------------------------------------------------------------------------------------------------------------------------------------------+
; Analysis & Synthesis RAM Summary                                                                                                                                                            ;
+------------------------------------------------------------------------------------------+------+------+--------------+--------------+--------------+--------------+------+-----------------+
; Name                                                                                     ; Type ; Mode ; Port A Depth ; Port A Width ; Port B Depth ; Port B Width ; Size ; MIF             ;
+------------------------------------------------------------------------------------------+------+------+--------------+--------------+--------------+--------------+------+-----------------+
; memoryBlock:I2|altsyncram:altsyncram_component|altsyncram_nva1:auto_generated|ALTSYNCRAM ; M9K  ; ROM  ; 256          ; 8            ; --           ; --           ; 2048 ; memoryBlock.mif ;
+------------------------------------------------------------------------------------------+------+------+--------------+--------------+--------------+--------------+------+-----------------+


+-------------------------------------------------------------------------------------------------------+
; Analysis & Synthesis IP Cores Summary                                                                 ;
+--------+--------------+---------+--------------+--------------+---------------------+-----------------+
; Vendor ; IP Core Name ; Version ; Release Date ; License Type ; Entity Instance     ; IP Include File ;
+--------+--------------+---------+--------------+--------------+---------------------+-----------------+
; Altera ; ROM: 1-PORT  ; 18.1    ; N/A          ; N/A          ; |top|memoryBlock:I2 ; memoryBlock.v   ;
+--------+--------------+---------+--------------+--------------+---------------------+-----------------+


+------------------------------------------------------+
; General Register Statistics                          ;
+----------------------------------------------+-------+
; Statistic                                    ; Value ;
+----------------------------------------------+-------+
; Total registers                              ; 71    ;
; Number of registers using Synchronous Clear  ; 0     ;
; Number of registers using Synchronous Load   ; 0     ;
; Number of registers using Asynchronous Clear ; 68    ;
; Number of registers using Asynchronous Load  ; 0     ;
; Number of registers using Clock Enable       ; 0     ;
; Number of registers using Preset             ; 0     ;
+----------------------------------------------+-------+


+--------------------------------------------------+
; Inverted Register Statistics                     ;
+----------------------------------------+---------+
; Inverted Register                      ; Fan out ;
+----------------------------------------+---------+
; counter[0]                             ; 4       ;
; Total number of inverted registers = 1 ;         ;
+----------------------------------------+---------+


+------------------------------------------------------------------------------------------------------------------------------------------+
; Multiplexer Restructuring Statistics (Restructuring Performed)                                                                           ;
+--------------------+-----------+---------------+----------------------+------------------------+------------+----------------------------+
; Multiplexer Inputs ; Bus Width ; Baseline Area ; Area if Restructured ; Saving if Restructured ; Registered ; Example Multiplexer Output ;
+--------------------+-----------+---------------+----------------------+------------------------+------------+----------------------------+
; 3:1                ; 3 bits    ; 6 LEs         ; 6 LEs                ; 0 LEs                  ; No         ; |top|manual:I3|LEDR        ;
; 4:1                ; 3 bits    ; 6 LEs         ; 6 LEs                ; 0 LEs                  ; No         ; |top|manual:I3|LEDR        ;
; 4:1                ; 6 bits    ; 12 LEs        ; 12 LEs               ; 0 LEs                  ; No         ; |top|manual:I3|LEDR[9]     ;
+--------------------+-----------+---------------+----------------------+------------------------+------------+----------------------------+


+------------------------------------------------------------------------------------------------------+
; Source assignments for memoryBlock:I2|altsyncram:altsyncram_component|altsyncram_nva1:auto_generated ;
+---------------------------------+--------------------+------+----------------------------------------+
; Assignment                      ; Value              ; From ; To                                     ;
+---------------------------------+--------------------+------+----------------------------------------+
; OPTIMIZE_POWER_DURING_SYNTHESIS ; NORMAL_COMPILATION ; -    ; -                                      ;
+---------------------------------+--------------------+------+----------------------------------------+


+---------------------------------------------------------------------------------------------+
; Parameter Settings for User Entity Instance: memoryBlock:I2|altsyncram:altsyncram_component ;
+------------------------------------+----------------------+---------------------------------+
; Parameter Name                     ; Value                ; Type                            ;
+------------------------------------+----------------------+---------------------------------+
; BYTE_SIZE_BLOCK                    ; 8                    ; Untyped                         ;
; AUTO_CARRY_CHAINS                  ; ON                   ; AUTO_CARRY                      ;
; IGNORE_CARRY_BUFFERS               ; OFF                  ; IGNORE_CARRY                    ;
; AUTO_CASCADE_CHAINS                ; ON                   ; AUTO_CASCADE                    ;
; IGNORE_CASCADE_BUFFERS             ; OFF                  ; IGNORE_CASCADE                  ;
; WIDTH_BYTEENA                      ; 1                    ; Untyped                         ;
; OPERATION_MODE                     ; ROM                  ; Untyped                         ;
; WIDTH_A                            ; 8                    ; Signed Integer                  ;
; WIDTHAD_A                          ; 8                    ; Signed Integer                  ;
; NUMWORDS_A                         ; 256                  ; Signed Integer                  ;
; OUTDATA_REG_A                      ; CLOCK0               ; Untyped                         ;
; ADDRESS_ACLR_A                     ; NONE                 ; Untyped                         ;
; OUTDATA_ACLR_A                     ; NONE                 ; Untyped                         ;
; WRCONTROL_ACLR_A                   ; NONE                 ; Untyped                         ;
; INDATA_ACLR_A                      ; NONE                 ; Untyped                         ;
; BYTEENA_ACLR_A                     ; NONE                 ; Untyped                         ;
; WIDTH_B                            ; 1                    ; Untyped                         ;
; WIDTHAD_B                          ; 1                    ; Untyped                         ;
; NUMWORDS_B                         ; 1                    ; Untyped                         ;
; INDATA_REG_B                       ; CLOCK1               ; Untyped                         ;
; WRCONTROL_WRADDRESS_REG_B          ; CLOCK1               ; Untyped                         ;
; RDCONTROL_REG_B                    ; CLOCK1               ; Untyped                         ;
; ADDRESS_REG_B                      ; CLOCK1               ; Untyped                         ;
; OUTDATA_REG_B                      ; UNREGISTERED         ; Untyped                         ;
; BYTEENA_REG_B                      ; CLOCK1               ; Untyped                         ;
; INDATA_ACLR_B                      ; NONE                 ; Untyped                         ;
; WRCONTROL_ACLR_B                   ; NONE                 ; Untyped                         ;
; ADDRESS_ACLR_B                     ; NONE                 ; Untyped                         ;
; OUTDATA_ACLR_B                     ; NONE                 ; Untyped                         ;
; RDCONTROL_ACLR_B                   ; NONE                 ; Untyped                         ;
; BYTEENA_ACLR_B                     ; NONE                 ; Untyped                         ;
; WIDTH_BYTEENA_A                    ; 1                    ; Signed Integer                  ;
; WIDTH_BYTEENA_B                    ; 1                    ; Untyped                         ;
; RAM_BLOCK_TYPE                     ; M9K                  ; Untyped                         ;
; BYTE_SIZE                          ; 8                    ; Untyped                         ;
; READ_DURING_WRITE_MODE_MIXED_PORTS ; DONT_CARE            ; Untyped                         ;
; READ_DURING_WRITE_MODE_PORT_A      ; NEW_DATA_NO_NBE_READ ; Untyped                         ;
; READ_DURING_WRITE_MODE_PORT_B      ; NEW_DATA_NO_NBE_READ ; Untyped                         ;
; INIT_FILE                          ; memoryBlock.mif      ; Untyped                         ;
; INIT_FILE_LAYOUT                   ; PORT_A               ; Untyped                         ;
; MAXIMUM_DEPTH                      ; 0                    ; Untyped                         ;
; CLOCK_ENABLE_INPUT_A               ; BYPASS               ; Untyped                         ;
; CLOCK_ENABLE_INPUT_B               ; NORMAL               ; Untyped                         ;
; CLOCK_ENABLE_OUTPUT_A              ; BYPASS               ; Untyped                         ;
; CLOCK_ENABLE_OUTPUT_B              ; NORMAL               ; Untyped                         ;
; CLOCK_ENABLE_CORE_A                ; USE_INPUT_CLKEN      ; Untyped                         ;
; CLOCK_ENABLE_CORE_B                ; USE_INPUT_CLKEN      ; Untyped                         ;
; ENABLE_ECC                         ; FALSE                ; Untyped                         ;
; ECC_PIPELINE_STAGE_ENABLED         ; FALSE                ; Untyped                         ;
; WIDTH_ECCSTATUS                    ; 3                    ; Untyped                         ;
; DEVICE_FAMILY                      ; MAX 10               ; Untyped                         ;
; CBXI_PARAMETER                     ; altsyncram_nva1      ; Untyped                         ;
+------------------------------------+----------------------+---------------------------------+
Note: In order to hide this table in the UI and the text report file, please set the "Show Parameter Settings in Synthesis Report" option in "Analysis and Synthesis Settings -> More Settings" to "Off".


+--------------------------------------------------------------------------------------------+
; altsyncram Parameter Settings by Entity Instance                                           ;
+-------------------------------------------+------------------------------------------------+
; Name                                      ; Value                                          ;
+-------------------------------------------+------------------------------------------------+
; Number of entity instances                ; 1                                              ;
; Entity Instance                           ; memoryBlock:I2|altsyncram:altsyncram_component ;
;     -- OPERATION_MODE                     ; ROM                                            ;
;     -- WIDTH_A                            ; 8                                              ;
;     -- NUMWORDS_A                         ; 256                                            ;
;     -- OUTDATA_REG_A                      ; CLOCK0                                         ;
;     -- WIDTH_B                            ; 1                                              ;
;     -- NUMWORDS_B                         ; 1                                              ;
;     -- ADDRESS_REG_B                      ; CLOCK1                                         ;
;     -- OUTDATA_REG_B                      ; UNREGISTERED                                   ;
;     -- RAM_BLOCK_TYPE                     ; M9K                                            ;
;     -- READ_DURING_WRITE_MODE_MIXED_PORTS ; DONT_CARE                                      ;
+-------------------------------------------+------------------------------------------------+


+-----------------------------------------------------+
; Port Connectivity Checks: "clockDivider:C0"         ;
+-------------------+-------+----------+--------------+
; Port              ; Type  ; Severity ; Details      ;
+-------------------+-------+----------+--------------+
; divide_by[22..18] ; Input ; Info     ; Stuck at VCC ;
; divide_by[14..11] ; Input ; Info     ; Stuck at VCC ;
; divide_by[31..25] ; Input ; Info     ; Stuck at GND ;
; divide_by[10..7]  ; Input ; Info     ; Stuck at GND ;
; divide_by[5..0]   ; Input ; Info     ; Stuck at GND ;
; divide_by[24]     ; Input ; Info     ; Stuck at VCC ;
; divide_by[23]     ; Input ; Info     ; Stuck at GND ;
; divide_by[17]     ; Input ; Info     ; Stuck at GND ;
; divide_by[16]     ; Input ; Info     ; Stuck at VCC ;
; divide_by[15]     ; Input ; Info     ; Stuck at GND ;
; divide_by[6]      ; Input ; Info     ; Stuck at VCC ;
+-------------------+-------+----------+--------------+


+-------------------------------------------------------+
; Port Connectivity Checks: "manual:I3|clockDivider:C0" ;
+-------------------+-------+----------+----------------+
; Port              ; Type  ; Severity ; Details        ;
+-------------------+-------+----------+----------------+
; divide_by[19..16] ; Input ; Info     ; Stuck at VCC   ;
; divide_by[31..20] ; Input ; Info     ; Stuck at GND   ;
; divide_by[13..10] ; Input ; Info     ; Stuck at GND   ;
; divide_by[8..7]   ; Input ; Info     ; Stuck at GND   ;
; divide_by[5..0]   ; Input ; Info     ; Stuck at GND   ;
; divide_by[15]     ; Input ; Info     ; Stuck at GND   ;
; divide_by[14]     ; Input ; Info     ; Stuck at VCC   ;
; divide_by[9]      ; Input ; Info     ; Stuck at VCC   ;
; divide_by[6]      ; Input ; Info     ; Stuck at VCC   ;
+-------------------+-------+----------+----------------+


+-----------------------------------------+
; Port Connectivity Checks: "manual:I3"   ;
+-------+-------+----------+--------------+
; Port  ; Type  ; Severity ; Details      ;
+-------+-------+----------+--------------+
; SW[9] ; Input ; Info     ; Stuck at GND ;
+-------+-------+----------+--------------+


+-------------------------------------------------------------------------------------------------------------------------+
; Port Connectivity Checks: "memoryBlock:I2"                                                                              ;
+---------------+--------+----------+-------------------------------------------------------------------------------------+
; Port          ; Type   ; Severity ; Details                                                                             ;
+---------------+--------+----------+-------------------------------------------------------------------------------------+
; address[7..3] ; Input  ; Info     ; Stuck at GND                                                                        ;
; q[7..4]       ; Output ; Info     ; Connected to dangling logic. Logic that only feeds a dangling port will be removed. ;
+---------------+--------+----------+-------------------------------------------------------------------------------------+


+-----------------------------------------------------+
; Post-Synthesis Netlist Statistics for Top Partition ;
+-----------------------+-----------------------------+
; Type                  ; Count                       ;
+-----------------------+-----------------------------+
; boundary_port         ; 31                          ;
; cycloneiii_ff         ; 71                          ;
;     CLR               ; 68                          ;
;     plain             ; 3                           ;
; cycloneiii_lcell_comb ; 135                         ;
;     arith             ; 62                          ;
;         2 data inputs ; 62                          ;
;     normal            ; 73                          ;
;         0 data inputs ; 2                           ;
;         1 data inputs ; 5                           ;
;         2 data inputs ; 5                           ;
;         3 data inputs ; 26                          ;
;         4 data inputs ; 35                          ;
; cycloneiii_ram_block  ; 4                           ;
;                       ;                             ;
; Max LUT depth         ; 4.40                        ;
; Average LUT depth     ; 3.24                        ;
+-----------------------+-----------------------------+


+-------------------------------+
; Elapsed Time Per Partition    ;
+----------------+--------------+
; Partition Name ; Elapsed Time ;
+----------------+--------------+
; Top            ; 00:00:00     ;
+----------------+--------------+


+-------------------------------+
; Analysis & Synthesis Messages ;
+-------------------------------+
Info: *******************************************************************
Info: Running Quartus Prime Analysis & Synthesis
    Info: Version 20.1.0 Build 711 06/05/2020 SJ Standard Edition
    Info: Processing started: Tue Aug 18 14:29:28 2020
Info: Command: quartus_map --read_settings_files=on --write_settings_files=off top -c top
Warning (18236): Number of processors has not been specified which may cause overloading on shared machines.  Set the global assignment NUM_PARALLEL_PROCESSORS in your QSF to an appropriate value for best performance.
Info (20030): Parallel compilation is enabled and will use 4 of the 4 processors detected
Info (12021): Found 1 design units, including 1 entities, in source file memoryBlock.v
    Info (12023): Found entity 1: memoryBlock File: /home/matt/Documents/Digital Logic/Project 3/memoryBlock.v Line: 39
Warning (12125): Using design file top.v, which is not specified as a design file for the current project, but contains definitions for 1 design units and 1 entities in project
    Info (12023): Found entity 1: top File: /home/matt/Documents/Digital Logic/Project 3/top.v Line: 1
Info (12127): Elaborating entity "top" for the top level hierarchy
Warning (10235): Verilog HDL Always Construct warning at top.v(41): variable "KEY" is read inside the Always Construct but isn't in the Always Construct's Event Control File: /home/matt/Documents/Digital Logic/Project 3/top.v Line: 41
Warning (10235): Verilog HDL Always Construct warning at top.v(46): variable "inputs" is read inside the Always Construct but isn't in the Always Construct's Event Control File: /home/matt/Documents/Digital Logic/Project 3/top.v Line: 46
Warning (10235): Verilog HDL Always Construct warning at top.v(47): variable "inputs" is read inside the Always Construct but isn't in the Always Construct's Event Control File: /home/matt/Documents/Digital Logic/Project 3/top.v Line: 47
Warning (10230): Verilog HDL assignment warning at top.v(61): truncated value with size 32 to match size of target (3) File: /home/matt/Documents/Digital Logic/Project 3/top.v Line: 61
Info (12128): Elaborating entity "memoryBlock" for hierarchy "memoryBlock:I2" File: /home/matt/Documents/Digital Logic/Project 3/top.v Line: 29
Info (12128): Elaborating entity "altsyncram" for hierarchy "memoryBlock:I2|altsyncram:altsyncram_component" File: /home/matt/Documents/Digital Logic/Project 3/memoryBlock.v Line: 81
Info (12130): Elaborated megafunction instantiation "memoryBlock:I2|altsyncram:altsyncram_component" File: /home/matt/Documents/Digital Logic/Project 3/memoryBlock.v Line: 81
Info (12133): Instantiated megafunction "memoryBlock:I2|altsyncram:altsyncram_component" with the following parameter: File: /home/matt/Documents/Digital Logic/Project 3/memoryBlock.v Line: 81
    Info (12134): Parameter "address_aclr_a" = "NONE"
    Info (12134): Parameter "clock_enable_input_a" = "BYPASS"
    Info (12134): Parameter "clock_enable_output_a" = "BYPASS"
    Info (12134): Parameter "init_file" = "memoryBlock.mif"
    Info (12134): Parameter "intended_device_family" = "MAX 10"
    Info (12134): Parameter "lpm_hint" = "ENABLE_RUNTIME_MOD=NO"
    Info (12134): Parameter "lpm_type" = "altsyncram"
    Info (12134): Parameter "numwords_a" = "256"
    Info (12134): Parameter "operation_mode" = "ROM"
    Info (12134): Parameter "outdata_aclr_a" = "NONE"
    Info (12134): Parameter "outdata_reg_a" = "CLOCK0"
    Info (12134): Parameter "ram_block_type" = "M9K"
    Info (12134): Parameter "widthad_a" = "8"
    Info (12134): Parameter "width_a" = "8"
    Info (12134): Parameter "width_byteena_a" = "1"
Info (12021): Found 1 design units, including 1 entities, in source file db/altsyncram_nva1.tdf
    Info (12023): Found entity 1: altsyncram_nva1 File: /home/matt/Documents/Digital Logic/Project 3/db/altsyncram_nva1.tdf Line: 28
Info (12128): Elaborating entity "altsyncram_nva1" for hierarchy "memoryBlock:I2|altsyncram:altsyncram_component|altsyncram_nva1:auto_generated" File: /home/matt/intelFPGA/20.1/quartus/libraries/megafunctions/altsyncram.tdf Line: 792
Critical Warning (127005): Memory depth (256) in the design file differs from memory depth (6) in the Memory Initialization File "/home/matt/Documents/Digital Logic/Project 3/memoryBlock.mif" -- setting initial value for remaining addresses to 0 File: /home/matt/Documents/Digital Logic/Project 3/memoryBlock.v Line: 81
Warning (12125): Using design file manual.v, which is not specified as a design file for the current project, but contains definitions for 1 design units and 1 entities in project
    Info (12023): Found entity 1: manual File: /home/matt/Documents/Digital Logic/Project 3/manual.v Line: 1
Info (12128): Elaborating entity "manual" for hierarchy "manual:I3" File: /home/matt/Documents/Digital Logic/Project 3/top.v Line: 31
Warning (10235): Verilog HDL Always Construct warning at manual.v(25): variable "SW" is read inside the Always Construct but isn't in the Always Construct's Event Control File: /home/matt/Documents/Digital Logic/Project 3/manual.v Line: 25
Warning (10235): Verilog HDL Always Construct warning at manual.v(27): variable "KEY" is read inside the Always Construct but isn't in the Always Construct's Event Control File: /home/matt/Documents/Digital Logic/Project 3/manual.v Line: 27
Warning (10235): Verilog HDL Always Construct warning at manual.v(29): variable "SW" is read inside the Always Construct but isn't in the Always Construct's Event Control File: /home/matt/Documents/Digital Logic/Project 3/manual.v Line: 29
Warning (10240): Verilog HDL Always Construct warning at manual.v(23): inferring latch(es) for variable "reset", which holds its previous value in one or more paths through the always construct File: /home/matt/Documents/Digital Logic/Project 3/manual.v Line: 23
Warning (10235): Verilog HDL Always Construct warning at manual.v(64): variable "left_LEDs" is read inside the Always Construct but isn't in the Always Construct's Event Control File: /home/matt/Documents/Digital Logic/Project 3/manual.v Line: 64
Warning (10235): Verilog HDL Always Construct warning at manual.v(71): variable "right_LEDs" is read inside the Always Construct but isn't in the Always Construct's Event Control File: /home/matt/Documents/Digital Logic/Project 3/manual.v Line: 71
Warning (10235): Verilog HDL Always Construct warning at manual.v(72): variable "right_LEDs" is read inside the Always Construct but isn't in the Always Construct's Event Control File: /home/matt/Documents/Digital Logic/Project 3/manual.v Line: 72
Warning (10235): Verilog HDL Always Construct warning at manual.v(73): variable "right_LEDs" is read inside the Always Construct but isn't in the Always Construct's Event Control File: /home/matt/Documents/Digital Logic/Project 3/manual.v Line: 73
Warning (10235): Verilog HDL Always Construct warning at manual.v(78): variable "left_LEDs" is read inside the Always Construct but isn't in the Always Construct's Event Control File: /home/matt/Documents/Digital Logic/Project 3/manual.v Line: 78
Warning (10235): Verilog HDL Always Construct warning at manual.v(85): variable "right_LEDs" is read inside the Always Construct but isn't in the Always Construct's Event Control File: /home/matt/Documents/Digital Logic/Project 3/manual.v Line: 85
Warning (10235): Verilog HDL Always Construct warning at manual.v(86): variable "right_LEDs" is read inside the Always Construct but isn't in the Always Construct's Event Control File: /home/matt/Documents/Digital Logic/Project 3/manual.v Line: 86
Warning (10235): Verilog HDL Always Construct warning at manual.v(87): variable "right_LEDs" is read inside the Always Construct but isn't in the Always Construct's Event Control File: /home/matt/Documents/Digital Logic/Project 3/manual.v Line: 87
Warning (10235): Verilog HDL Always Construct warning at manual.v(98): variable "left_LEDs" is read inside the Always Construct but isn't in the Always Construct's Event Control File: /home/matt/Documents/Digital Logic/Project 3/manual.v Line: 98
Warning (10235): Verilog HDL Always Construct warning at manual.v(99): variable "right_LEDs" is read inside the Always Construct but isn't in the Always Construct's Event Control File: /home/matt/Documents/Digital Logic/Project 3/manual.v Line: 99
Warning (10235): Verilog HDL Always Construct warning at manual.v(100): variable "right_LEDs" is read inside the Always Construct but isn't in the Always Construct's Event Control File: /home/matt/Documents/Digital Logic/Project 3/manual.v Line: 100
Warning (10235): Verilog HDL Always Construct warning at manual.v(101): variable "right_LEDs" is read inside the Always Construct but isn't in the Always Construct's Event Control File: /home/matt/Documents/Digital Logic/Project 3/manual.v Line: 101
Warning (10240): Verilog HDL Always Construct warning at manual.v(48): inferring latch(es) for variable "LEDR", which holds its previous value in one or more paths through the always construct File: /home/matt/Documents/Digital Logic/Project 3/manual.v Line: 48
Info (10041): Inferred latch for "LEDR[3]" at manual.v(56) File: /home/matt/Documents/Digital Logic/Project 3/manual.v Line: 56
Info (10041): Inferred latch for "LEDR[4]" at manual.v(56) File: /home/matt/Documents/Digital Logic/Project 3/manual.v Line: 56
Info (10041): Inferred latch for "LEDR[5]" at manual.v(56) File: /home/matt/Documents/Digital Logic/Project 3/manual.v Line: 56
Info (10041): Inferred latch for "LEDR[6]" at manual.v(56) File: /home/matt/Documents/Digital Logic/Project 3/manual.v Line: 56
Info (10041): Inferred latch for "reset" at manual.v(29) File: /home/matt/Documents/Digital Logic/Project 3/manual.v Line: 29
Warning (12125): Using design file clockDivider.v, which is not specified as a design file for the current project, but contains definitions for 1 design units and 1 entities in project
    Info (12023): Found entity 1: clockDivider File: /home/matt/Documents/Digital Logic/Project 3/clockDivider.v Line: 1
Info (12128): Elaborating entity "clockDivider" for hierarchy "manual:I3|clockDivider:C0" File: /home/matt/Documents/Digital Logic/Project 3/manual.v Line: 35
Warning (12125): Using design file blink.v, which is not specified as a design file for the current project, but contains definitions for 1 design units and 1 entities in project
    Info (12023): Found entity 1: blink File: /home/matt/Documents/Digital Logic/Project 3/blink.v Line: 1
Info (12128): Elaborating entity "blink" for hierarchy "manual:I3|blink:B0" File: /home/matt/Documents/Digital Logic/Project 3/manual.v Line: 40
Warning (10235): Verilog HDL Always Construct warning at blink.v(20): variable "blink" is read inside the Always Construct but isn't in the Always Construct's Event Control File: /home/matt/Documents/Digital Logic/Project 3/blink.v Line: 20
Warning (10235): Verilog HDL Always Construct warning at blink.v(22): variable "hazards" is read inside the Always Construct but isn't in the Always Construct's Event Control File: /home/matt/Documents/Digital Logic/Project 3/blink.v Line: 22
Warning (10230): Verilog HDL assignment warning at blink.v(27): truncated value with size 32 to match size of target (2) File: /home/matt/Documents/Digital Logic/Project 3/blink.v Line: 27
Warning (12125): Using design file sevenSeg.v, which is not specified as a design file for the current project, but contains definitions for 1 design units and 1 entities in project
    Info (12023): Found entity 1: sevenSeg File: /home/matt/Documents/Digital Logic/Project 3/sevenSeg.v Line: 1
Info (12128): Elaborating entity "sevenSeg" for hierarchy "manual:I3|blink:B0|sevenSeg:H0" File: /home/matt/Documents/Digital Logic/Project 3/blink.v Line: 14
Warning (14284): Synthesized away the following node(s):
    Warning (14285): Synthesized away the following RAM node(s):
        Warning (14320): Synthesized away node "memoryBlock:I2|altsyncram:altsyncram_component|altsyncram_nva1:auto_generated|q_a[4]" File: /home/matt/Documents/Digital Logic/Project 3/db/altsyncram_nva1.tdf Line: 123
        Warning (14320): Synthesized away node "memoryBlock:I2|altsyncram:altsyncram_component|altsyncram_nva1:auto_generated|q_a[5]" File: /home/matt/Documents/Digital Logic/Project 3/db/altsyncram_nva1.tdf Line: 145
        Warning (14320): Synthesized away node "memoryBlock:I2|altsyncram:altsyncram_component|altsyncram_nva1:auto_generated|q_a[6]" File: /home/matt/Documents/Digital Logic/Project 3/db/altsyncram_nva1.tdf Line: 167
        Warning (14320): Synthesized away node "memoryBlock:I2|altsyncram:altsyncram_component|altsyncram_nva1:auto_generated|q_a[7]" File: /home/matt/Documents/Digital Logic/Project 3/db/altsyncram_nva1.tdf Line: 189
Warning (14026): LATCH primitive "manual:I3|reset" is permanently enabled File: /home/matt/Documents/Digital Logic/Project 3/manual.v Line: 8
Warning (14026): LATCH primitive "manual:I3|reset" is permanently enabled File: /home/matt/Documents/Digital Logic/Project 3/manual.v Line: 8
Warning (13024): Output pins are stuck at VCC or GND
    Warning (13410): Pin "LEDR[3]" is stuck at GND File: /home/matt/Documents/Digital Logic/Project 3/top.v Line: 9
    Warning (13410): Pin "LEDR[4]" is stuck at GND File: /home/matt/Documents/Digital Logic/Project 3/top.v Line: 9
    Warning (13410): Pin "LEDR[5]" is stuck at GND File: /home/matt/Documents/Digital Logic/Project 3/top.v Line: 9
    Warning (13410): Pin "LEDR[6]" is stuck at GND File: /home/matt/Documents/Digital Logic/Project 3/top.v Line: 9
    Warning (13410): Pin "HEX0[1]" is stuck at GND File: /home/matt/Documents/Digital Logic/Project 3/top.v Line: 10
    Warning (13410): Pin "HEX0[7]" is stuck at VCC File: /home/matt/Documents/Digital Logic/Project 3/top.v Line: 10
Info (286030): Timing-Driven Synthesis is running
Info (17036): Removed 5 MSB VCC or GND address nodes from RAM block "memoryBlock:I2|altsyncram:altsyncram_component|altsyncram_nva1:auto_generated|ALTSYNCRAM" File: /home/matt/Documents/Digital Logic/Project 3/db/altsyncram_nva1.tdf Line: 32
Info (144001): Generated suppressed messages file /home/matt/Documents/Digital Logic/Project 3/top.map.smsg
Info (16010): Generating hard_block partition "hard_block:auto_generated_inst"
    Info (16011): Adding 0 node(s), including 0 DDIO, 0 PLL, 0 transceiver and 0 LCELL
Warning (21074): Design contains 6 input pin(s) that do not drive logic
    Warning (15610): No output dependent on input pin "SW[3]" File: /home/matt/Documents/Digital Logic/Project 3/top.v Line: 4
    Warning (15610): No output dependent on input pin "SW[4]" File: /home/matt/Documents/Digital Logic/Project 3/top.v Line: 4
    Warning (15610): No output dependent on input pin "SW[5]" File: /home/matt/Documents/Digital Logic/Project 3/top.v Line: 4
    Warning (15610): No output dependent on input pin "SW[6]" File: /home/matt/Documents/Digital Logic/Project 3/top.v Line: 4
    Warning (15610): No output dependent on input pin "SW[7]" File: /home/matt/Documents/Digital Logic/Project 3/top.v Line: 4
    Warning (15610): No output dependent on input pin "SW[8]" File: /home/matt/Documents/Digital Logic/Project 3/top.v Line: 4
Info (21057): Implemented 167 device resources after synthesis - the final resource count might be different
    Info (21058): Implemented 13 input pins
    Info (21059): Implemented 18 output pins
    Info (21061): Implemented 132 logic cells
    Info (21064): Implemented 4 RAM segments
Info: Quartus Prime Analysis & Synthesis was successful. 0 errors, 53 warnings
    Info: Peak virtual memory: 458 megabytes
    Info: Processing ended: Tue Aug 18 14:29:36 2020
    Info: Elapsed time: 00:00:08
    Info: Total CPU time (on all processors): 00:00:20


+------------------------------------------+
; Analysis & Synthesis Suppressed Messages ;
+------------------------------------------+
The suppressed messages can be found in /home/matt/Documents/Digital Logic/Project 3/top.map.smsg.


